Processing file /home/izquierdo/data/opinion_annotations_fr/kaf/hotel/french00018_21e0799877807613d9245aa12e1923ff.kaf
	Number of opinion expressions: 21
	Number of opinion targets: 12
	Number of characters of the text: 810
Processing file /home/izquierdo/data/opinion_annotations_fr/kaf/hotel/french00209_e129a7276bbfce6b48d0e8fd55a90652.kaf
	Number of opinion expressions: 14
	Number of opinion targets: 11
	Number of characters of the text: 798
Processing file /home/izquierdo/data/opinion_annotations_fr/kaf/hotel/french00119_778e35fa9ee81c72b19e0c4ac8a3f829.kaf
	Number of opinion expressions: 6
	Number of opinion targets: 2
	Number of characters of the text: 252
Processing file /home/izquierdo/data/opinion_annotations_fr/kaf/hotel/french00053_636cc84b3cdeb60526c7c966113a3f20.kaf
	Number of opinion expressions: 14
	Number of opinion targets: 9
	Number of characters of the text: 453
Processing file /home/izquierdo/data/opinion_annotations_fr/kaf/hotel/french00081_4be739574de8fd871fde45b5d9d5cbda.kaf
	Number of opinion expressions: 21
	Number of opinion targets: 11
	Number of characters of the text: 847
Processing file /home/izquierdo/data/opinion_annotations_fr/kaf/hotel/french00201_d219aa7a3f4e64be5a9f09769f237356.kaf
	Number of opinion expressions: 3
	Number of opinion targets: 3
	Number of characters of the text: 258
Processing file /home/izquierdo/data/opinion_annotations_fr/kaf/hotel/french00165_aed7f8c6194bc4689bc9efb8c6230c4b.kaf
	Number of opinion expressions: 4
	Number of opinion targets: 3
	Number of characters of the text: 257
Processing file /home/izquierdo/data/opinion_annotations_fr/kaf/hotel/french00062_3b6cf10d8ef87653fbee993f91f65cfe.kaf
	Number of opinion expressions: 13
	Number of opinion targets: 7
	Number of characters of the text: 510
Processing file /home/izquierdo/data/opinion_annotations_fr/kaf/hotel/french00127_8131358c3cf4ab41c0e9db1cc39cacac.kaf
	Number of opinion expressions: 14
	Number of opinion targets: 9
	Number of characters of the text: 636
Processing file /home/izquierdo/data/opinion_annotations_fr/kaf/hotel/french00077_470f31ee0df7972cf80aaf8e82f39fce.kaf
	Number of opinion expressions: 18
	Number of opinion targets: 9
	Number of characters of the text: 921
Processing file /home/izquierdo/data/opinion_annotations_fr/kaf/hotel/french00097_bb4929f09d7ed4bc60326319bedb202f.kaf
	Number of opinion expressions: 6
	Number of opinion targets: 3
	Number of characters of the text: 239
Processing file /home/izquierdo/data/opinion_annotations_fr/kaf/hotel/french00039_2987d0223a33734cd2e9300421358a92.kaf
	Number of opinion expressions: 15
	Number of opinion targets: 9
	Number of characters of the text: 543
Processing file /home/izquierdo/data/opinion_annotations_fr/kaf/hotel/french00228_fe0027c29aba3ba3547c53915d2b749f.kaf
	Number of opinion expressions: 3
	Number of opinion targets: 3
	Number of characters of the text: 435
Processing file /home/izquierdo/data/opinion_annotations_fr/kaf/hotel/french00120_d7675e9be43e89f30bb7ab43d9534a5d.kaf
	Number of opinion expressions: 5
	Number of opinion targets: 4
	Number of characters of the text: 240
Processing file /home/izquierdo/data/opinion_annotations_fr/kaf/hotel/french00061_70396e105b813058ff1be51b8a4b67de.kaf
	Number of opinion expressions: 12
	Number of opinion targets: 5
	Number of characters of the text: 537
Processing file /home/izquierdo/data/opinion_annotations_fr/kaf/hotel/french00007_0691a50e5f63a43d730ff575728c62ca.kaf
	Number of opinion expressions: 5
	Number of opinion targets: 7
	Number of characters of the text: 267
Processing file /home/izquierdo/data/opinion_annotations_fr/kaf/hotel/french00124_e09dbe4671472c5a943bfc517fca3bb5.kaf
	Number of opinion expressions: 5
	Number of opinion targets: 3
	Number of characters of the text: 300
Processing file /home/izquierdo/data/opinion_annotations_fr/kaf/hotel/french00045_2e46489ef7195366da10309046f9f28b.kaf
	Number of opinion expressions: 11
	Number of opinion targets: 6
	Number of characters of the text: 861
Processing file /home/izquierdo/data/opinion_annotations_fr/kaf/hotel/french00179_bf0cdb3f541e3722dc5e312a8c9d063c.kaf
	Number of opinion expressions: 8
	Number of opinion targets: 7
	Number of characters of the text: 635
Processing file /home/izquierdo/data/opinion_annotations_fr/kaf/hotel/french00086_a77a8117a92ed33c2e7a61a866b7c97f.kaf
	Number of opinion expressions: 4
	Number of opinion targets: 4
	Number of characters of the text: 457
Processing file /home/izquierdo/data/opinion_annotations_fr/kaf/hotel/french00050_60fa15a24f5d28362c3421161c2ae011.kaf
	Number of opinion expressions: 2
	Number of opinion targets: 3
	Number of characters of the text: 276
Processing file /home/izquierdo/data/opinion_annotations_fr/kaf/hotel/french00017_20f5216992e8f444cebce3848eb8c44e.kaf
	Number of opinion expressions: 7
	Number of opinion targets: 4
	Number of characters of the text: 418
Processing file /home/izquierdo/data/opinion_annotations_fr/kaf/hotel/french00142_ff9ce3c2795f34f05425d6e0465ea268.kaf
	Number of opinion expressions: 6
	Number of opinion targets: 4
	Number of characters of the text: 317
Processing file /home/izquierdo/data/opinion_annotations_fr/kaf/hotel/french00082_4f8b4aa265e314a0c96f2af603e7b79e.kaf
	Number of opinion expressions: 10
	Number of opinion targets: 6
	Number of characters of the text: 558
Processing file /home/izquierdo/data/opinion_annotations_fr/kaf/hotel/french00059_38f388fdc72046aadf3cb1de2df8b3b6.kaf
	Number of opinion expressions: 16
	Number of opinion targets: 5
	Number of characters of the text: 439
Processing file /home/izquierdo/data/opinion_annotations_fr/kaf/hotel/french00214_e770b6083eb1e75d4e2c27ae29bc78d7.kaf
	Number of opinion expressions: 9
	Number of opinion targets: 8
	Number of characters of the text: 873
Processing file /home/izquierdo/data/opinion_annotations_fr/kaf/hotel/french00073_8f1c2933e99f251342d731c0c3aa0de0.kaf
	Number of opinion expressions: 8
	Number of opinion targets: 5
	Number of characters of the text: 554
Processing file /home/izquierdo/data/opinion_annotations_fr/kaf/hotel/french00020_23173fe5d022549163b718b4fbf6f32a.kaf
	Number of opinion expressions: 13
	Number of opinion targets: 9
	Number of characters of the text: 496
Processing file /home/izquierdo/data/opinion_annotations_fr/kaf/hotel/french00137_8c0b2eedb62ec28df07ce5e6d0b591eb.kaf
	Number of opinion expressions: 19
	Number of opinion targets: 7
	Number of characters of the text: 735
Processing file /home/izquierdo/data/opinion_annotations_fr/kaf/hotel/french00071_42ce996a76bbc7858ac0b4d9437f21ba.kaf
	Number of opinion expressions: 12
	Number of opinion targets: 8
	Number of characters of the text: 807
Processing file /home/izquierdo/data/opinion_annotations_fr/kaf/hotel/french00048_329382d0e769814d6b9975b4873220d7.kaf
	Number of opinion expressions: 8
	Number of opinion targets: 8
	Number of characters of the text: 434
Processing file /home/izquierdo/data/opinion_annotations_fr/kaf/hotel/french00079_48fbbf5926e6f77059d98b7adb9b8662.kaf
	Number of opinion expressions: 8
	Number of opinion targets: 1
	Number of characters of the text: 202
Processing file /home/izquierdo/data/opinion_annotations_fr/kaf/hotel/french00093_b1942e0303100acbdfcf93fa3c52b508.kaf
	Number of opinion expressions: 6
	Number of opinion targets: 4
	Number of characters of the text: 886
Processing file /home/izquierdo/data/opinion_annotations_fr/kaf/hotel/french00003_054952b7230c9154bf172ba0384f57c9.kaf
	Number of opinion expressions: 8
	Number of opinion targets: 6
	Number of characters of the text: 342
Processing file /home/izquierdo/data/opinion_annotations_fr/kaf/hotel/french00135_89c236873a9aad700523eb4639a5b8bf.kaf
	Number of opinion expressions: 9
	Number of opinion targets: 6
	Number of characters of the text: 361
Processing file /home/izquierdo/data/opinion_annotations_fr/kaf/hotel/french00033_21dd55770cb3e5d6c4b64134ffb683cb.kaf
	Number of opinion expressions: 7
	Number of opinion targets: 4
	Number of characters of the text: 687
Processing file /home/izquierdo/data/opinion_annotations_fr/kaf/hotel/french00085_a36ed89f7ebe329a7552240e8943dc48.kaf
	Number of opinion expressions: 12
	Number of opinion targets: 10
	Number of characters of the text: 840
Processing file /home/izquierdo/data/opinion_annotations_fr/kaf/hotel/french00138_8d0d111e3e5d8158054d40721c2d0242.kaf
	Number of opinion expressions: 23
	Number of opinion targets: 13
	Number of characters of the text: 658
Processing file /home/izquierdo/data/opinion_annotations_fr/kaf/hotel/french00070_89dc91491b456343fc6f1858057d62a1.kaf
	Number of opinion expressions: 20
	Number of opinion targets: 13
	Number of characters of the text: 742
Processing file /home/izquierdo/data/opinion_annotations_fr/kaf/hotel/french00124_7fe1b6b1983b4c2aba21f175e9c379cc.kaf
	Number of opinion expressions: 13
	Number of opinion targets: 8
	Number of characters of the text: 565
Processing file /home/izquierdo/data/opinion_annotations_fr/kaf/hotel/french00004_0409907db02308c5ca1beb6803c2119b.kaf
	Number of opinion expressions: 5
	Number of opinion targets: 2
	Number of characters of the text: 480
Processing file /home/izquierdo/data/opinion_annotations_fr/kaf/hotel/french00132_ecac7a2b0efe9229edada00b41bd764d.kaf
	Number of opinion expressions: 9
	Number of opinion targets: 5
	Number of characters of the text: 658
Processing file /home/izquierdo/data/opinion_annotations_fr/kaf/hotel/french00113_7158f81a8b77b76b0eb03514865b7cb7.kaf
	Number of opinion expressions: 9
	Number of opinion targets: 5
	Number of characters of the text: 419
Processing file /home/izquierdo/data/opinion_annotations_fr/kaf/hotel/french00126_e3590ca51ccd3c8999f7adea5b46b698.kaf
	Number of opinion expressions: 19
	Number of opinion targets: 9
	Number of characters of the text: 891
Processing file /home/izquierdo/data/opinion_annotations_fr/kaf/hotel/french00088_587a61cd751377ae3a7a92b4282656bd.kaf
	Number of opinion expressions: 10
	Number of opinion targets: 12
	Number of characters of the text: 615
Processing file /home/izquierdo/data/opinion_annotations_fr/kaf/hotel/french00113_ce0f97bfd3779653ad76747d6a93d6f7.kaf
	Number of opinion expressions: 5
	Number of opinion targets: 2
	Number of characters of the text: 243
Processing file /home/izquierdo/data/opinion_annotations_fr/kaf/hotel/french00202_d325c11839b6577b23a98a3904318998.kaf
	Number of opinion expressions: 3
	Number of opinion targets: 2
	Number of characters of the text: 865
Processing file /home/izquierdo/data/opinion_annotations_fr/kaf/hotel/french00118_75ca0ee5b84712a201ac1dc723836e88.kaf
	Number of opinion expressions: 6
	Number of opinion targets: 3
	Number of characters of the text: 235
Processing file /home/izquierdo/data/opinion_annotations_fr/kaf/hotel/french00027_1b44eec82c18468410d768d5fa01d30b.kaf
	Number of opinion expressions: 6
	Number of opinion targets: 6
	Number of characters of the text: 333
Processing file /home/izquierdo/data/opinion_annotations_fr/kaf/hotel/french00034_435060025817e170b5d1f18262060cd6.kaf
	Number of opinion expressions: 12
	Number of opinion targets: 6
	Number of characters of the text: 568
Processing file /home/izquierdo/data/opinion_annotations_fr/kaf/hotel/french00220_f4a8fb74b391e011b631c133c2dd06fa.kaf
	Number of opinion expressions: 5
	Number of opinion targets: 4
	Number of characters of the text: 718
Processing file /home/izquierdo/data/opinion_annotations_fr/kaf/hotel/french00040_50cf027a0f16015eaa2344eadc118104.kaf
	Number of opinion expressions: 5
	Number of opinion targets: 4
	Number of characters of the text: 236
Processing file /home/izquierdo/data/opinion_annotations_fr/kaf/hotel/french00096_61669635bef8728da94dfa8bb8fe8f0d.kaf
	Number of opinion expressions: 7
	Number of opinion targets: 3
	Number of characters of the text: 571
Processing file /home/izquierdo/data/opinion_annotations_fr/kaf/hotel/french00028_1ba54ee49cda57b3504f383209e632d3.kaf
	Number of opinion expressions: 13
	Number of opinion targets: 11
	Number of characters of the text: 627
Processing file /home/izquierdo/data/opinion_annotations_fr/kaf/hotel/french00197_ceae1b232ea973c39463f2f5e09bdf8d.kaf
	Number of opinion expressions: 2
	Number of opinion targets: 4
	Number of characters of the text: 280
Processing file /home/izquierdo/data/opinion_annotations_fr/kaf/hotel/french00139_8ddd3af8851bc83b9cbd569abfccd70e.kaf
	Number of opinion expressions: 15
	Number of opinion targets: 10
	Number of characters of the text: 529
Processing file /home/izquierdo/data/opinion_annotations_fr/kaf/hotel/french00215_e860316361bc74dfd081df7a05ece9e1.kaf
	Number of opinion expressions: 9
	Number of opinion targets: 4
	Number of characters of the text: 631
Processing file /home/izquierdo/data/opinion_annotations_fr/kaf/hotel/french00112_7092ea667430b1a9d749baee9ea90afa.kaf
	Number of opinion expressions: 14
	Number of opinion targets: 11
	Number of characters of the text: 692
Processing file /home/izquierdo/data/opinion_annotations_fr/kaf/hotel/french00224_f7875936aa3e9f793e91bbf791286208.kaf
	Number of opinion expressions: 6
	Number of opinion targets: 5
	Number of characters of the text: 297
Processing file /home/izquierdo/data/opinion_annotations_fr/kaf/hotel/french00020_14e043ec8e5a1486d134e3e7db4f61e2.kaf
	Number of opinion expressions: 16
	Number of opinion targets: 11
	Number of characters of the text: 546
Processing file /home/izquierdo/data/opinion_annotations_fr/kaf/hotel/french00217_f07593f0f57c1e411f9e04a335485824.kaf
	Number of opinion expressions: 11
	Number of opinion targets: 7
	Number of characters of the text: 607
Processing file /home/izquierdo/data/opinion_annotations_fr/kaf/hotel/french00071_8a6a6bf89a65c4e57dbc9633992f255e.kaf
	Number of opinion expressions: 11
	Number of opinion targets: 6
	Number of characters of the text: 310
Processing file /home/izquierdo/data/opinion_annotations_fr/kaf/hotel/french00125_e23ae0a19576257e1853f99b6209612d.kaf
	Number of opinion expressions: 17
	Number of opinion targets: 11
	Number of characters of the text: 555
Processing file /home/izquierdo/data/opinion_annotations_fr/kaf/hotel/french00154_a4f518a10132ee5879df66bd29ca3530.kaf
	Number of opinion expressions: 8
	Number of opinion targets: 6
	Number of characters of the text: 303
Processing file /home/izquierdo/data/opinion_annotations_fr/kaf/hotel/french00216_ecac7a2b0efe9229edada00b41bd764d.kaf
	Number of opinion expressions: 10
	Number of opinion targets: 6
	Number of characters of the text: 655
Processing file /home/izquierdo/data/opinion_annotations_fr/kaf/hotel/french00173_b7510a4f94eeaa29e8e1193cf347537b.kaf
	Number of opinion expressions: 8
	Number of opinion targets: 6
	Number of characters of the text: 728
Processing file /home/izquierdo/data/opinion_annotations_fr/kaf/hotel/french00010_0730e8eaff5f7fb54179884426c34e3f.kaf
	Number of opinion expressions: 11
	Number of opinion targets: 6
	Number of characters of the text: 249
Processing file /home/izquierdo/data/opinion_annotations_fr/kaf/hotel/french00022_2555bf67b44cd21d1c497ea98b3a6f9b.kaf
	Number of opinion expressions: 15
	Number of opinion targets: 9
	Number of characters of the text: 893
Processing file /home/izquierdo/data/opinion_annotations_fr/kaf/hotel/french00014_1eaf8e7618a1b286ba01d8cc57445625.kaf
	Number of opinion expressions: 6
	Number of opinion targets: 4
	Number of characters of the text: 569
Processing file /home/izquierdo/data/opinion_annotations_fr/kaf/hotel/french00208_e09d8cb6c707c01601c9b6d0a7006448.kaf
	Number of opinion expressions: 13
	Number of opinion targets: 8
	Number of characters of the text: 830
Processing file /home/izquierdo/data/opinion_annotations_fr/kaf/hotel/french00160_aa5754afb407b5921e35d77434699747.kaf
	Number of opinion expressions: 5
	Number of opinion targets: 5
	Number of characters of the text: 482
Processing file /home/izquierdo/data/opinion_annotations_fr/kaf/hotel/french00036_27054b523d8e05b8705e52f23b191cbb.kaf
	Number of opinion expressions: 3
	Number of opinion targets: 1
	Number of characters of the text: 220
Processing file /home/izquierdo/data/opinion_annotations_fr/kaf/hotel/french00090_ada3a8bb342c9c7900bb87d9225fe49b.kaf
	Number of opinion expressions: 10
	Number of opinion targets: 8
	Number of characters of the text: 464
Processing file /home/izquierdo/data/opinion_annotations_fr/kaf/hotel/french00168_b05ebae69da20808e45d8ecea2c46847.kaf
	Number of opinion expressions: 13
	Number of opinion targets: 6
	Number of characters of the text: 659
Processing file /home/izquierdo/data/opinion_annotations_fr/kaf/hotel/french00002_033725118953a48487297ad753273f06.kaf
	Number of opinion expressions: 8
	Number of opinion targets: 6
	Number of characters of the text: 295
Processing file /home/izquierdo/data/opinion_annotations_fr/kaf/hotel/french00024_19abae20c43b9d401ed33346cb938372.kaf
	Number of opinion expressions: 11
	Number of opinion targets: 9
	Number of characters of the text: 1084
Processing file /home/izquierdo/data/opinion_annotations_fr/kaf/hotel/french00100_68fc08cd52be31590188e568fde501a5.kaf
	Number of opinion expressions: 6
	Number of opinion targets: 3
	Number of characters of the text: 253
Processing file /home/izquierdo/data/opinion_annotations_fr/kaf/hotel/french00027_3094c8cb4554451df3c570ea75019975.kaf
	Number of opinion expressions: 10
	Number of opinion targets: 10
	Number of characters of the text: 510
Processing file /home/izquierdo/data/opinion_annotations_fr/kaf/hotel/french00048_5f5961ada7a7b32aff26bc8f9e64d21c.kaf
	Number of opinion expressions: 2
	Number of opinion targets: 2
	Number of characters of the text: 279
Processing file /home/izquierdo/data/opinion_annotations_fr/kaf/hotel/french00061_3b462af5d69850e41dbbe7061fae3e86.kaf
	Number of opinion expressions: 12
	Number of opinion targets: 5
	Number of characters of the text: 410
Processing file /home/izquierdo/data/opinion_annotations_fr/kaf/hotel/french00033_398c6b76184a46887fe531e9068b40e7.kaf
	Number of opinion expressions: 10
	Number of opinion targets: 4
	Number of characters of the text: 233
Processing file /home/izquierdo/data/opinion_annotations_fr/kaf/hotel/french00115_73719e6ab87c389d6bb2055c344b46fc.kaf
	Number of opinion expressions: 12
	Number of opinion targets: 8
	Number of characters of the text: 658
Processing file /home/izquierdo/data/opinion_annotations_fr/kaf/hotel/french00099_648f52badf27d6fc8cb6db790035f051.kaf
	Number of opinion expressions: 11
	Number of opinion targets: 14
	Number of characters of the text: 753
Processing file /home/izquierdo/data/opinion_annotations_fr/kaf/hotel/french00051_61697b7d37a23e1a3796ba770a9667ee.kaf
	Number of opinion expressions: 8
	Number of opinion targets: 6
	Number of characters of the text: 243
Processing file /home/izquierdo/data/opinion_annotations_fr/kaf/hotel/french00055_64ae1a0bd033d2e57a8a1fd12c6c945f.kaf
	Number of opinion expressions: 12
	Number of opinion targets: 5
	Number of characters of the text: 517
Processing file /home/izquierdo/data/opinion_annotations_fr/kaf/hotel/french00029_36121edc5cc36228b4f5ed835c24acca.kaf
	Number of opinion expressions: 14
	Number of opinion targets: 11
	Number of characters of the text: 312
Processing file /home/izquierdo/data/opinion_annotations_fr/kaf/hotel/french00070_42a5441abbc2fdaab96855c3ccc7bcfe.kaf
	Number of opinion expressions: 15
	Number of opinion targets: 10
	Number of characters of the text: 507
Processing file /home/izquierdo/data/opinion_annotations_fr/kaf/hotel/french00088_ac6b0bf3911cec060569eb467706cb2d.kaf
	Number of opinion expressions: 10
	Number of opinion targets: 6
	Number of characters of the text: 214
Processing file /home/izquierdo/data/opinion_annotations_fr/kaf/hotel/french00052_35952eb6984e7e39d89d68a02698258f.kaf
	Number of opinion expressions: 9
	Number of opinion targets: 7
	Number of characters of the text: 417
Processing file /home/izquierdo/data/opinion_annotations_fr/kaf/hotel/french00104_6b3cdb3e29b56d0a37903a0f67fb1d9a.kaf
	Number of opinion expressions: 16
	Number of opinion targets: 8
	Number of characters of the text: 713
Processing file /home/izquierdo/data/opinion_annotations_fr/kaf/hotel/french00011_080f2f382db38f7640d4a61527859bb0.kaf
	Number of opinion expressions: 12
	Number of opinion targets: 8
	Number of characters of the text: 738
Processing file /home/izquierdo/data/opinion_annotations_fr/kaf/hotel/french00148_995d0eb0a79997eaea6dc5ce64bd9a72.kaf
	Number of opinion expressions: 6
	Number of opinion targets: 4
	Number of characters of the text: 867
Processing file /home/izquierdo/data/opinion_annotations_fr/kaf/hotel/french00151_9e696e5df03d10e1b90ac501dde15ac3.kaf
	Number of opinion expressions: 7
	Number of opinion targets: 5
	Number of characters of the text: 638
Processing file /home/izquierdo/data/opinion_annotations_fr/kaf/hotel/french00031_38dffc74e62ea56a4946d53eb6fc7a6a.kaf
	Number of opinion expressions: 9
	Number of opinion targets: 6
	Number of characters of the text: 407
Processing file /home/izquierdo/data/opinion_annotations_fr/kaf/hotel/french00140_fc14f63ad4332c1a401233115fdd248e.kaf
	Number of opinion expressions: 3
	Number of opinion targets: 3
	Number of characters of the text: 240
Processing file /home/izquierdo/data/opinion_annotations_fr/kaf/hotel/french00057_670eadbf6c56576f83d5600ca58628b0.kaf
	Number of opinion expressions: 7
	Number of opinion targets: 7
	Number of characters of the text: 227
Processing file /home/izquierdo/data/opinion_annotations_fr/kaf/hotel/french00119_d72447a70927d4f0454f07891ab1b16e.kaf
	Number of opinion expressions: 4
	Number of opinion targets: 1
	Number of characters of the text: 421
Processing file /home/izquierdo/data/opinion_annotations_fr/kaf/hotel/french00107_6d58c350587150511b188a991e34a277.kaf
	Number of opinion expressions: 9
	Number of opinion targets: 5
	Number of characters of the text: 554
Processing file /home/izquierdo/data/opinion_annotations_fr/kaf/hotel/french00178_b9f41391218f8c5c1bda72f915e56c7a.kaf
	Number of opinion expressions: 9
	Number of opinion targets: 9
	Number of characters of the text: 458
Processing file /home/izquierdo/data/opinion_annotations_fr/kaf/hotel/french00192_c9e5b95e591cad48d926624af4077c74.kaf
	Number of opinion expressions: 8
	Number of opinion targets: 5
	Number of characters of the text: 572
Processing file /home/izquierdo/data/opinion_annotations_fr/kaf/hotel/french00074_8fb4b38c52c5b7f274dc60a28f512383.kaf
	Number of opinion expressions: 7
	Number of opinion targets: 5
	Number of characters of the text: 486
Processing file /home/izquierdo/data/opinion_annotations_fr/kaf/hotel/french00130_ec2d4e09c0cea01dfa2a8e069024f6d8.kaf
	Number of opinion expressions: 12
	Number of opinion targets: 8
	Number of characters of the text: 541
Processing file /home/izquierdo/data/opinion_annotations_fr/kaf/hotel/french00052_635f07cd9fe2470b1e83e6e52b419b10.kaf
	Number of opinion expressions: 7
	Number of opinion targets: 5
	Number of characters of the text: 446
Processing file /home/izquierdo/data/opinion_annotations_fr/kaf/hotel/french00094_60aac69b0d3463fe74fe0379bb4d8a31.kaf
	Number of opinion expressions: 9
	Number of opinion targets: 2
	Number of characters of the text: 427
Processing file /home/izquierdo/data/opinion_annotations_fr/kaf/hotel/french00222_f5e84700f5df4b2ef05f79105d2ad1ca.kaf
	Number of opinion expressions: 6
	Number of opinion targets: 4
	Number of characters of the text: 245
Processing file /home/izquierdo/data/opinion_annotations_fr/kaf/hotel/french00075_905b174628c5dda3c3212fd243eaf14c.kaf
	Number of opinion expressions: 7
	Number of opinion targets: 5
	Number of characters of the text: 291
Processing file /home/izquierdo/data/opinion_annotations_fr/kaf/hotel/french00205_deed55493de8093a08dd040fc1c7e411.kaf
	Number of opinion expressions: 4
	Number of opinion targets: 3
	Number of characters of the text: 249
Processing file /home/izquierdo/data/opinion_annotations_fr/kaf/hotel/french00146_9935e1b8975863eca2eb790b930f904b.kaf
	Number of opinion expressions: 8
	Number of opinion targets: 7
	Number of characters of the text: 587
Processing file /home/izquierdo/data/opinion_annotations_fr/kaf/hotel/french00005_04eb91e4fcaa115b139b5a138668d6cd.kaf
	Number of opinion expressions: 4
	Number of opinion targets: 4
	Number of characters of the text: 278
Processing file /home/izquierdo/data/opinion_annotations_fr/kaf/hotel/french00053_35fe8f001a0519bf6cbbfc79807a9710.kaf
	Number of opinion expressions: 16
	Number of opinion targets: 9
	Number of characters of the text: 724
Processing file /home/izquierdo/data/opinion_annotations_fr/kaf/hotel/french00139_fbc40969590fd47b9073d204cf1a8fa1.kaf
	Number of opinion expressions: 8
	Number of opinion targets: 4
	Number of characters of the text: 268
Processing file /home/izquierdo/data/opinion_annotations_fr/kaf/hotel/french00121_7a2b35c3c5a50dae3800a836ce07d1a8.kaf
	Number of opinion expressions: 14
	Number of opinion targets: 8
	Number of characters of the text: 804
Processing file /home/izquierdo/data/opinion_annotations_fr/kaf/hotel/french00025_1a9c6abb699ea1a5fcf8a24f2af7c45b.kaf
	Number of opinion expressions: 7
	Number of opinion targets: 6
	Number of characters of the text: 737
Processing file /home/izquierdo/data/opinion_annotations_fr/kaf/hotel/french00125_80f53f75624330bf17255347b2c07331.kaf
	Number of opinion expressions: 13
	Number of opinion targets: 8
	Number of characters of the text: 725
Processing file /home/izquierdo/data/opinion_annotations_fr/kaf/hotel/french00065_7f64154b3cb707d78053168a319a40ed.kaf
	Number of opinion expressions: 8
	Number of opinion targets: 3
	Number of characters of the text: 579
Processing file /home/izquierdo/data/opinion_annotations_fr/kaf/hotel/french00087_56b89dcdc669bc774ca2e39471421b11.kaf
	Number of opinion expressions: 14
	Number of opinion targets: 8
	Number of characters of the text: 386
Processing file /home/izquierdo/data/opinion_annotations_fr/kaf/hotel/french00092_5f5e7cb306053eebde66ef713727753e.kaf
	Number of opinion expressions: 18
	Number of opinion targets: 6
	Number of characters of the text: 779
Processing file /home/izquierdo/data/opinion_annotations_fr/kaf/hotel/french00038_2755b67add94ba01747a1612700216fc.kaf
	Number of opinion expressions: 12
	Number of opinion targets: 9
	Number of characters of the text: 792
Processing file /home/izquierdo/data/opinion_annotations_fr/kaf/hotel/french00184_c1268007d6bf2a5301990910636e29ef.kaf
	Number of opinion expressions: 11
	Number of opinion targets: 7
	Number of characters of the text: 671
Processing file /home/izquierdo/data/opinion_annotations_fr/kaf/hotel/french00089_acb9bb4658a19066d963a28bdeb8f709.kaf
	Number of opinion expressions: 5
	Number of opinion targets: 3
	Number of characters of the text: 378
Processing file /home/izquierdo/data/opinion_annotations_fr/kaf/hotel/french00002_037503ec156b84cff3470b89770ee796.kaf
	Number of opinion expressions: 18
	Number of opinion targets: 6
	Number of characters of the text: 604
Processing file /home/izquierdo/data/opinion_annotations_fr/kaf/hotel/french00012_1b176b6fd9c1f59ba66877c5816e2796.kaf
	Number of opinion expressions: 6
	Number of opinion targets: 4
	Number of characters of the text: 473
Processing file /home/izquierdo/data/opinion_annotations_fr/kaf/hotel/french00106_c789e6fbea18547a340203bbda916840.kaf
	Number of opinion expressions: 4
	Number of opinion targets: 4
	Number of characters of the text: 295
Processing file /home/izquierdo/data/opinion_annotations_fr/kaf/hotel/french00034_22d027fe71dd5d3223751a3e5d1faec8.kaf
	Number of opinion expressions: 19
	Number of opinion targets: 11
	Number of characters of the text: 652
Processing file /home/izquierdo/data/opinion_annotations_fr/kaf/hotel/french00032_214d498b26b986d1a01ec9e4a93aa3f6.kaf
	Number of opinion expressions: 7
	Number of opinion targets: 7
	Number of characters of the text: 923
Processing file /home/izquierdo/data/opinion_annotations_fr/kaf/hotel/french00225_f7cf5803227946a19a92b692195f974c.kaf
	Number of opinion expressions: 6
	Number of opinion targets: 6
	Number of characters of the text: 679
Processing file /home/izquierdo/data/opinion_annotations_fr/kaf/hotel/french00045_5ab342bfea9f97baa7f8a23f70c343dc.kaf
	Number of opinion expressions: 17
	Number of opinion targets: 7
	Number of characters of the text: 692
Processing file /home/izquierdo/data/opinion_annotations_fr/kaf/hotel/french00013_089817efd9ce53671f3a70b1dda4e1d6.kaf
	Number of opinion expressions: 4
	Number of opinion targets: 3
	Number of characters of the text: 226
Processing file /home/izquierdo/data/opinion_annotations_fr/kaf/hotel/french00210_e2a141fc2744fc62267ed2febc9d80d1.kaf
	Number of opinion expressions: 6
	Number of opinion targets: 5
	Number of characters of the text: 508
Processing file /home/izquierdo/data/opinion_annotations_fr/kaf/hotel/french00145_9609b57d75adcec601201dcb52c9046a.kaf
	Number of opinion expressions: 11
	Number of opinion targets: 9
	Number of characters of the text: 588
Processing file /home/izquierdo/data/opinion_annotations_fr/kaf/hotel/french00110_ccfe4dae9553717eb3fef444195894f9.kaf
	Number of opinion expressions: 5
	Number of opinion targets: 4
	Number of characters of the text: 798
Processing file /home/izquierdo/data/opinion_annotations_fr/kaf/hotel/french00155_a54cd3552ae600812352036d31478e5b.kaf
	Number of opinion expressions: 9
	Number of opinion targets: 6
	Number of characters of the text: 479
Processing file /home/izquierdo/data/opinion_annotations_fr/kaf/hotel/french00041_29c2854e3ab3a259033dfa2a1f90b096.kaf
	Number of opinion expressions: 4
	Number of opinion targets: 4
	Number of characters of the text: 228
Processing file /home/izquierdo/data/opinion_annotations_fr/kaf/hotel/french00118_d392a382a70ebe1ec1d8f8f42f37ec70.kaf
	Number of opinion expressions: 7
	Number of opinion targets: 4
	Number of characters of the text: 289
Processing file /home/izquierdo/data/opinion_annotations_fr/kaf/hotel/french00083_4ff86171883e250c37bb2d65c9a4bd06.kaf
	Number of opinion expressions: 12
	Number of opinion targets: 9
	Number of characters of the text: 697
Processing file /home/izquierdo/data/opinion_annotations_fr/kaf/hotel/french00137_f74ed8e21c38a1be2523e2c8864e887e.kaf
	Number of opinion expressions: 4
	Number of opinion targets: 4
	Number of characters of the text: 219
Processing file /home/izquierdo/data/opinion_annotations_fr/kaf/hotel/french00035_440f0e2f620d0128f6e5216d8de369ee.kaf
	Number of opinion expressions: 12
	Number of opinion targets: 9
	Number of characters of the text: 299
Processing file /home/izquierdo/data/opinion_annotations_fr/kaf/hotel/french00036_45a8a813b9256f48078f1203e2a8153e.kaf
	Number of opinion expressions: 10
	Number of opinion targets: 7
	Number of characters of the text: 749
Processing file /home/izquierdo/data/opinion_annotations_fr/kaf/hotel/french00141_fd845b28412393986c4ae39fd69e61b3.kaf
	Number of opinion expressions: 13
	Number of opinion targets: 9
	Number of characters of the text: 512
Processing file /home/izquierdo/data/opinion_annotations_fr/kaf/hotel/french00147_9955d076624d02f0f65a8a91aea51115.kaf
	Number of opinion expressions: 9
	Number of opinion targets: 5
	Number of characters of the text: 599
Processing file /home/izquierdo/data/opinion_annotations_fr/kaf/hotel/french00006_0c7143a4d2edbc768054abca587a2947.kaf
	Number of opinion expressions: 7
	Number of opinion targets: 4
	Number of characters of the text: 218
Processing file /home/izquierdo/data/opinion_annotations_fr/kaf/hotel/french00001_014dc61aa7d7b5158edb608e69ae42e5.kaf
	Number of opinion expressions: 11
	Number of opinion targets: 3
	Number of characters of the text: 229
Processing file /home/izquierdo/data/opinion_annotations_fr/kaf/hotel/french00049_60c5375f5ef0bd9d00a227aa94ad1150.kaf
	Number of opinion expressions: 17
	Number of opinion targets: 13
	Number of characters of the text: 915
Processing file /home/izquierdo/data/opinion_annotations_fr/kaf/hotel/french00091_5c9a087c63d0971b0134eb1f8c9ebda6.kaf
	Number of opinion expressions: 17
	Number of opinion targets: 14
	Number of characters of the text: 571
Processing file /home/izquierdo/data/opinion_annotations_fr/kaf/hotel/french00191_c9582f7da4e2eca8ab7cafc698b26917.kaf
	Number of opinion expressions: 6
	Number of opinion targets: 3
	Number of characters of the text: 448
Processing file /home/izquierdo/data/opinion_annotations_fr/kaf/hotel/french00185_c2b1b0c0d548e09100d3a7bf9aec9ad6.kaf
	Number of opinion expressions: 7
	Number of opinion targets: 7
	Number of characters of the text: 451
Processing file /home/izquierdo/data/opinion_annotations_fr/kaf/hotel/french00081_958e8d169f702fc831885da547a9f7d6.kaf
	Number of opinion expressions: 3
	Number of opinion targets: 2
	Number of characters of the text: 303
Processing file /home/izquierdo/data/opinion_annotations_fr/kaf/hotel/french00141_903e32957969996b76cf646ec9cdf1e5.kaf
	Number of opinion expressions: 9
	Number of opinion targets: 8
	Number of characters of the text: 464
Processing file /home/izquierdo/data/opinion_annotations_fr/kaf/hotel/french00187_c57ceabe9a77fead8cc14e1f0e57622d.kaf
	Number of opinion expressions: 5
	Number of opinion targets: 5
	Number of characters of the text: 401
Processing file /home/izquierdo/data/opinion_annotations_fr/kaf/hotel/french00008_06c0f003f9ffb136fd93a339b8a603a7.kaf
	Number of opinion expressions: 7
	Number of opinion targets: 4
	Number of characters of the text: 293
Processing file /home/izquierdo/data/opinion_annotations_fr/kaf/hotel/french00206_df239fd5ce6ac8a7cf1c6c11d56df777.kaf
	Number of opinion expressions: 8
	Number of opinion targets: 1
	Number of characters of the text: 683
Processing file /home/izquierdo/data/opinion_annotations_fr/kaf/hotel/french00009_06ef2161c0ed0bb997208d498e6d3bbb.kaf
	Number of opinion expressions: 3
	Number of opinion targets: 3
	Number of characters of the text: 470
Processing file /home/izquierdo/data/opinion_annotations_fr/kaf/hotel/french00189_c7b7a65c314e875cab9a5bc89a1c67b5.kaf
	Number of opinion expressions: 10
	Number of opinion targets: 6
	Number of characters of the text: 482
Processing file /home/izquierdo/data/opinion_annotations_fr/kaf/hotel/french00198_cedff57cffb29af298436ca16d540fab.kaf
	Number of opinion expressions: 3
	Number of opinion targets: 2
	Number of characters of the text: 450
Processing file /home/izquierdo/data/opinion_annotations_fr/kaf/hotel/french00223_f77a632781586fa898f64b8b7777fc6b.kaf
	Number of opinion expressions: 11
	Number of opinion targets: 7
	Number of characters of the text: 566
Processing file /home/izquierdo/data/opinion_annotations_fr/kaf/hotel/french00105_6bd8cb57335d4d3400cf04fffc740d9a.kaf
	Number of opinion expressions: 10
	Number of opinion targets: 6
	Number of characters of the text: 234
Processing file /home/izquierdo/data/opinion_annotations_fr/kaf/hotel/french00064_3cbe6addd2f4885fec3feab553bb0bd4.kaf
	Number of opinion expressions: 13
	Number of opinion targets: 12
	Number of characters of the text: 540
Processing file /home/izquierdo/data/opinion_annotations_fr/kaf/hotel/french00180_bf61213b9dd066cfb74a367e34a900c5.kaf
	Number of opinion expressions: 3
	Number of opinion targets: 2
	Number of characters of the text: 754
Processing file /home/izquierdo/data/opinion_annotations_fr/kaf/hotel/french00079_94035ab892b4ed37de259efb80a73d5d.kaf
	Number of opinion expressions: 9
	Number of opinion targets: 8
	Number of characters of the text: 569
Processing file /home/izquierdo/data/opinion_annotations_fr/kaf/hotel/french00080_944d8303b2131eb7d98d6c674255f30e.kaf
	Number of opinion expressions: 5
	Number of opinion targets: 3
	Number of characters of the text: 694
Processing file /home/izquierdo/data/opinion_annotations_fr/kaf/hotel/french00084_a08e577d5450057905ea66bc36b6a995.kaf
	Number of opinion expressions: 3
	Number of opinion targets: 2
	Number of characters of the text: 224
Processing file /home/izquierdo/data/opinion_annotations_fr/kaf/hotel/french00024_2ba1fc810001e80387f8ed7f63972763.kaf
	Number of opinion expressions: 4
	Number of opinion targets: 1
	Number of characters of the text: 460
Processing file /home/izquierdo/data/opinion_annotations_fr/kaf/hotel/french00017_133d28174a4895c1f19e7e3416cedce2.kaf
	Number of opinion expressions: 12
	Number of opinion targets: 9
	Number of characters of the text: 464
Processing file /home/izquierdo/data/opinion_annotations_fr/kaf/hotel/french00203_d8e8dc015fc12cd6a6325ab16a52c134.kaf
	Number of opinion expressions: 9
	Number of opinion targets: 9
	Number of characters of the text: 645
Processing file /home/izquierdo/data/opinion_annotations_fr/kaf/hotel/french00136_f25a6b987febd20fae3abaf874127828.kaf
	Number of opinion expressions: 5
	Number of opinion targets: 4
	Number of characters of the text: 221
Processing file /home/izquierdo/data/opinion_annotations_fr/kaf/hotel/french00167_b02653f939529c880f7adcb8114c1cfb.kaf
	Number of opinion expressions: 3
	Number of opinion targets: 3
	Number of characters of the text: 469
Processing file /home/izquierdo/data/opinion_annotations_fr/kaf/hotel/french00015_0b88308a84fbb151988b59f2cdf1e74f.kaf
	Number of opinion expressions: 10
	Number of opinion targets: 9
	Number of characters of the text: 857
Processing file /home/izquierdo/data/opinion_annotations_fr/kaf/hotel/french00153_a1a2fbf001cb552c33d98e7a70ce0d28.kaf
	Number of opinion expressions: 4
	Number of opinion targets: 4
	Number of characters of the text: 216
Processing file /home/izquierdo/data/opinion_annotations_fr/kaf/hotel/french00171_b609d40ef4d4861ec1ae3837095a189f.kaf
	Number of opinion expressions: 5
	Number of opinion targets: 6
	Number of characters of the text: 609
Processing file /home/izquierdo/data/opinion_annotations_fr/kaf/hotel/french00121_db8a4323f7834ca6b3b44b385229feaf.kaf
	Number of opinion expressions: 0
	Number of opinion targets: 0
	Number of characters of the text: 336
Processing file /home/izquierdo/data/opinion_annotations_fr/kaf/hotel/french00112_cde85c23bbc890150ff1a89b830578d2.kaf
	Number of opinion expressions: 6
	Number of opinion targets: 4
	Number of characters of the text: 232
Processing file /home/izquierdo/data/opinion_annotations_fr/kaf/hotel/french00085_51d7eaf77e76710d5a42adb097ca83c1.kaf
	Number of opinion expressions: 7
	Number of opinion targets: 3
	Number of characters of the text: 377
Processing file /home/izquierdo/data/opinion_annotations_fr/kaf/hotel/french00134_ee87b49f00e15c2fe128341c3b183a15.kaf
	Number of opinion expressions: 5
	Number of opinion targets: 2
	Number of characters of the text: 552
Processing file /home/izquierdo/data/opinion_annotations_fr/kaf/hotel/french00104_c6d150a44f53ad1b45f3e90c601c4d6c.kaf
	Number of opinion expressions: 6
	Number of opinion targets: 3
	Number of characters of the text: 220
Processing file /home/izquierdo/data/opinion_annotations_fr/kaf/hotel/french00075_457a557976ba7ce3630ba0601c73336d.kaf
	Number of opinion expressions: 7
	Number of opinion targets: 7
	Number of characters of the text: 252
Processing file /home/izquierdo/data/opinion_annotations_fr/kaf/hotel/french00219_f46ff1a5a7180bef4d3d2b3fa8f169bf.kaf
	Number of opinion expressions: 8
	Number of opinion targets: 4
	Number of characters of the text: 716
Processing file /home/izquierdo/data/opinion_annotations_fr/kaf/hotel/french00157_a5cb62694e77453a52b882ba8ffce7c7.kaf
	Number of opinion expressions: 14
	Number of opinion targets: 7
	Number of characters of the text: 871
Processing file /home/izquierdo/data/opinion_annotations_fr/kaf/hotel/french00093_5fd9c00ed7b8910754ca4314e2bcb794.kaf
	Number of opinion expressions: 11
	Number of opinion targets: 9
	Number of characters of the text: 565
Processing file /home/izquierdo/data/opinion_annotations_fr/kaf/hotel/french00130_869ad85a7cd11d2ae1a11964bd68df89.kaf
	Number of opinion expressions: 13
	Number of opinion targets: 7
	Number of characters of the text: 625
Processing file /home/izquierdo/data/opinion_annotations_fr/kaf/hotel/french00177_b9385469db69800894ea0978fab73ff2.kaf
	Number of opinion expressions: 5
	Number of opinion targets: 4
	Number of characters of the text: 215
Processing file /home/izquierdo/data/opinion_annotations_fr/kaf/hotel/french00042_2a6435eabcc490135c45a815a9d4fa87.kaf
	Number of opinion expressions: 14
	Number of opinion targets: 10
	Number of characters of the text: 794
Processing file /home/izquierdo/data/opinion_annotations_fr/kaf/hotel/french00069_80eaa9b0c650da9f6f672ea01a61a3bb.kaf
	Number of opinion expressions: 12
	Number of opinion targets: 8
	Number of characters of the text: 406
Processing file /home/izquierdo/data/opinion_annotations_fr/kaf/hotel/french00072_447d3940cbacfc19bf715418b2087cbd.kaf
	Number of opinion expressions: 12
	Number of opinion targets: 8
	Number of characters of the text: 674
Processing file /home/izquierdo/data/opinion_annotations_fr/kaf/hotel/french00129_8392203b063ddc9f60ec8757e2385583.kaf
	Number of opinion expressions: 19
	Number of opinion targets: 6
	Number of characters of the text: 803
Processing file /home/izquierdo/data/opinion_annotations_fr/kaf/hotel/french00144_95f7dac6ba1d0a2cd1a6584e80cea649.kaf
	Number of opinion expressions: 7
	Number of opinion targets: 6
	Number of characters of the text: 945
Processing file /home/izquierdo/data/opinion_annotations_fr/kaf/hotel/french00182_bf8d0983d260a79f5cd0da396e8c7b7d.kaf
	Number of opinion expressions: 14
	Number of opinion targets: 8
	Number of characters of the text: 872
Processing file /home/izquierdo/data/opinion_annotations_fr/kaf/hotel/french00126_811513d5ce9a63fae388e1d3a34ddb78.kaf
	Number of opinion expressions: 14
	Number of opinion targets: 14
	Number of characters of the text: 637
Processing file /home/izquierdo/data/opinion_annotations_fr/kaf/hotel/french00122_dcc8e40462b699580bbf5ee4d2d2fbbf.kaf
	Number of opinion expressions: 7
	Number of opinion targets: 6
	Number of characters of the text: 254
Processing file /home/izquierdo/data/opinion_annotations_fr/kaf/hotel/french00135_f0b20879f6c41cec2b91aba9e72657b1.kaf
	Number of opinion expressions: 7
	Number of opinion targets: 6
	Number of characters of the text: 722
Processing file /home/izquierdo/data/opinion_annotations_fr/kaf/hotel/french00019_146f8c19143dd492ae61dc2ce1ed2500.kaf
	Number of opinion expressions: 13
	Number of opinion targets: 7
	Number of characters of the text: 478
Processing file /home/izquierdo/data/opinion_annotations_fr/kaf/hotel/french00143_91106d1b9eae2c34c34cf01096dc3e48.kaf
	Number of opinion expressions: 6
	Number of opinion targets: 5
	Number of characters of the text: 412
Processing file /home/izquierdo/data/opinion_annotations_fr/kaf/hotel/french00156_a5c37b2a7ea18037639a092d344f80e6.kaf
	Number of opinion expressions: 5
	Number of opinion targets: 4
	Number of characters of the text: 729
Processing file /home/izquierdo/data/opinion_annotations_fr/kaf/hotel/french00047_5bc260fecf30f09ea092e52f0bf7a394.kaf
	Number of opinion expressions: 11
	Number of opinion targets: 7
	Number of characters of the text: 498
Processing file /home/izquierdo/data/opinion_annotations_fr/kaf/hotel/french00078_485bccfedbb3054f429b594da12791cc.kaf
	Number of opinion expressions: 12
	Number of opinion targets: 4
	Number of characters of the text: 422
Processing file /home/izquierdo/data/opinion_annotations_fr/kaf/hotel/french00103_c60972958f11aa67959f0c5481e43e45.kaf
	Number of opinion expressions: 7
	Number of opinion targets: 6
	Number of characters of the text: 310
Processing file /home/izquierdo/data/opinion_annotations_fr/kaf/hotel/french00030_363f8639b5c79fd3bc3c4c59d41d1b48.kaf
	Number of opinion expressions: 13
	Number of opinion targets: 7
	Number of characters of the text: 548
Processing file /home/izquierdo/data/opinion_annotations_fr/kaf/hotel/french00196_ce3855c2ceb68a5708fd650f98f3936d.kaf
	Number of opinion expressions: 9
	Number of opinion targets: 9
	Number of characters of the text: 778
Processing file /home/izquierdo/data/opinion_annotations_fr/kaf/hotel/french00008_0d77d87dbf38286ce33c0381bae4fb37.kaf
	Number of opinion expressions: 18
	Number of opinion targets: 11
	Number of characters of the text: 529
Processing file /home/izquierdo/data/opinion_annotations_fr/kaf/hotel/french00032_395d2f813c3b8c66282a16cc66c24c86.kaf
	Number of opinion expressions: 11
	Number of opinion targets: 7
	Number of characters of the text: 335
Processing file /home/izquierdo/data/opinion_annotations_fr/kaf/hotel/french00044_2c590d9954d7a0ff6e5a73d543596f79.kaf
	Number of opinion expressions: 6
	Number of opinion targets: 5
	Number of characters of the text: 463
Processing file /home/izquierdo/data/opinion_annotations_fr/kaf/hotel/french00101_c3be05cb2e299be08ef4332ae7d2fa9b.kaf
	Number of opinion expressions: 11
	Number of opinion targets: 8
	Number of characters of the text: 483
Processing file /home/izquierdo/data/opinion_annotations_fr/kaf/hotel/french00026_303210574052d6a6741397eb0db633ab.kaf
	Number of opinion expressions: 15
	Number of opinion targets: 9
	Number of characters of the text: 898
Processing file /home/izquierdo/data/opinion_annotations_fr/kaf/hotel/french00101_695612b719ee853fdd876ae6fe3ed02e.kaf
	Number of opinion expressions: 17
	Number of opinion targets: 14
	Number of characters of the text: 799
Processing file /home/izquierdo/data/opinion_annotations_fr/kaf/hotel/french00107_c7f1972ed06e400aef6944f9ba9f7266.kaf
	Number of opinion expressions: 6
	Number of opinion targets: 3
	Number of characters of the text: 482
Processing file /home/izquierdo/data/opinion_annotations_fr/kaf/hotel/french00128_e93fad74aa96dbdafa1dd1b9ceece33f.kaf
	Number of opinion expressions: 3
	Number of opinion targets: 0
	Number of characters of the text: 362
Processing file /home/izquierdo/data/opinion_annotations_fr/kaf/hotel/french00090_5bfc9a9eb759b62c0a144221a91c99eb.kaf
	Number of opinion expressions: 26
	Number of opinion targets: 16
	Number of characters of the text: 1077
Processing file /home/izquierdo/data/opinion_annotations_fr/kaf/hotel/french00226_f7dfcfc8d4dbfd1827f2b6b2d7b47db6.kaf
	Number of opinion expressions: 9
	Number of opinion targets: 7
	Number of characters of the text: 252
Processing file /home/izquierdo/data/opinion_annotations_fr/kaf/hotel/french00133_ee4ba23a0b78fe40ccca6eee418c0ecb.kaf
	Number of opinion expressions: 10
	Number of opinion targets: 8
	Number of characters of the text: 580
Processing file /home/izquierdo/data/opinion_annotations_fr/kaf/hotel/french00005_08bd32d50a3bd1c7d7e3e942fca4621f.kaf
	Number of opinion expressions: 10
	Number of opinion targets: 10
	Number of characters of the text: 434
Processing file /home/izquierdo/data/opinion_annotations_fr/kaf/hotel/french00176_b8bd8f6a310a64fff0692ffd99d3c24b.kaf
	Number of opinion expressions: 8
	Number of opinion targets: 7
	Number of characters of the text: 410
Processing file /home/izquierdo/data/opinion_annotations_fr/kaf/hotel/french00087_a974f980a9bcc3aaf443803ef14ff7b2.kaf
	Number of opinion expressions: 4
	Number of opinion targets: 3
	Number of characters of the text: 202
Processing file /home/izquierdo/data/opinion_annotations_fr/kaf/hotel/french00046_5b429556e6bd7541682bb645ea5a721b.kaf
	Number of opinion expressions: 13
	Number of opinion targets: 7
	Number of characters of the text: 583
Processing file /home/izquierdo/data/opinion_annotations_fr/kaf/hotel/french00030_1ed1605ab2a8d593874f226f0719813d.kaf
	Number of opinion expressions: 8
	Number of opinion targets: 8
	Number of characters of the text: 418
Processing file /home/izquierdo/data/opinion_annotations_fr/kaf/hotel/french00109_6f7c99d9cfa462a14528ad4c5d13144a.kaf
	Number of opinion expressions: 6
	Number of opinion targets: 4
	Number of characters of the text: 601
Processing file /home/izquierdo/data/opinion_annotations_fr/kaf/hotel/french00066_3ec5ad58356f7aef894ecc473d31c0d8.kaf
	Number of opinion expressions: 16
	Number of opinion targets: 8
	Number of characters of the text: 517
Processing file /home/izquierdo/data/opinion_annotations_fr/kaf/hotel/french00054_63b250009d1a1892335f36841162b2fd.kaf
	Number of opinion expressions: 10
	Number of opinion targets: 10
	Number of characters of the text: 616
Processing file /home/izquierdo/data/opinion_annotations_fr/kaf/hotel/french00003_04059314ba10f471b632c8ab91cc3298.kaf
	Number of opinion expressions: 11
	Number of opinion targets: 10
	Number of characters of the text: 860
Processing file /home/izquierdo/data/opinion_annotations_fr/kaf/hotel/french00092_aed8dcd2b9f80e1176347131910199ac.kaf
	Number of opinion expressions: 14
	Number of opinion targets: 5
	Number of characters of the text: 539
Processing file /home/izquierdo/data/opinion_annotations_fr/kaf/hotel/french00076_45b178e4af481403a7ca14baa6f6a6c8.kaf
	Number of opinion expressions: 6
	Number of opinion targets: 6
	Number of characters of the text: 869
Processing file /home/izquierdo/data/opinion_annotations_fr/kaf/hotel/french00060_6e68335bf8c94702abb59de605e03823.kaf
	Number of opinion expressions: 11
	Number of opinion targets: 4
	Number of characters of the text: 569
Processing file /home/izquierdo/data/opinion_annotations_fr/kaf/hotel/french00127_e84c548bb315346771a41ee4e0ba1632.kaf
	Number of opinion expressions: 7
	Number of opinion targets: 4
	Number of characters of the text: 263
Processing file /home/izquierdo/data/opinion_annotations_fr/kaf/hotel/french00007_0d3c54c0393a4fff2a523ec3d5e6b8f1.kaf
	Number of opinion expressions: 11
	Number of opinion targets: 9
	Number of characters of the text: 352
Processing file /home/izquierdo/data/opinion_annotations_fr/kaf/hotel/french00114_7276746d3d82b1a289500aa3614a0c8c.kaf
	Number of opinion expressions: 16
	Number of opinion targets: 9
	Number of characters of the text: 846
Processing file /home/izquierdo/data/opinion_annotations_fr/kaf/hotel/french00212_e52a71c2f37962fd813e44e25fb71de5.kaf
	Number of opinion expressions: 11
	Number of opinion targets: 9
	Number of characters of the text: 802
Processing file /home/izquierdo/data/opinion_annotations_fr/kaf/hotel/french00149_9a5fb1917c9766095b321ab9549cfc7f.kaf
	Number of opinion expressions: 4
	Number of opinion targets: 4
	Number of characters of the text: 843
Processing file /home/izquierdo/data/opinion_annotations_fr/kaf/hotel/french00102_6a961f35ff720370fc36c8af80150462.kaf
	Number of opinion expressions: 18
	Number of opinion targets: 10
	Number of characters of the text: 874
Processing file /home/izquierdo/data/opinion_annotations_fr/kaf/hotel/french00218_f0981b95f9df2c09c1b55609963c359a.kaf
	Number of opinion expressions: 7
	Number of opinion targets: 6
	Number of characters of the text: 557
Processing file /home/izquierdo/data/opinion_annotations_fr/kaf/hotel/french00111_cde06f69d1ef3f28e6391c62adf3a0a1.kaf
	Number of opinion expressions: 3
	Number of opinion targets: 1
	Number of characters of the text: 538
Processing file /home/izquierdo/data/opinion_annotations_fr/kaf/hotel/french00021_16243758786e444c610152c4cb1fdffd.kaf
	Number of opinion expressions: 13
	Number of opinion targets: 8
	Number of characters of the text: 550
Processing file /home/izquierdo/data/opinion_annotations_fr/kaf/hotel/french00016_0c7d30edadbc84cf769093d9e529e3a0.kaf
	Number of opinion expressions: 11
	Number of opinion targets: 6
	Number of characters of the text: 428
Processing file /home/izquierdo/data/opinion_annotations_fr/kaf/hotel/french00227_fa86bf9d0f7a4eddd5b8384f149c1c9d.kaf
	Number of opinion expressions: 5
	Number of opinion targets: 3
	Number of characters of the text: 307
Processing file /home/izquierdo/data/opinion_annotations_fr/kaf/hotel/french00123_7fd3052ed9e7c7aa943267ff7994842b.kaf
	Number of opinion expressions: 10
	Number of opinion targets: 5
	Number of characters of the text: 608
Processing file /home/izquierdo/data/opinion_annotations_fr/kaf/hotel/french00174_b7b2b68e0bdd5bfb9253fc7058934c22.kaf
	Number of opinion expressions: 7
	Number of opinion targets: 5
	Number of characters of the text: 831
Processing file /home/izquierdo/data/opinion_annotations_fr/kaf/hotel/french00204_ddd8220102c3c76382ada776685013a3.kaf
	Number of opinion expressions: 6
	Number of opinion targets: 1
	Number of characters of the text: 232
Processing file /home/izquierdo/data/opinion_annotations_fr/kaf/hotel/french00103_6acdd293cb979cea63bd8431c1804471.kaf
	Number of opinion expressions: 14
	Number of opinion targets: 11
	Number of characters of the text: 608
Processing file /home/izquierdo/data/opinion_annotations_fr/kaf/hotel/french00043_585558952e3852e209f2a0ebc07da682.kaf
	Number of opinion expressions: 8
	Number of opinion targets: 7
	Number of characters of the text: 258
Processing file /home/izquierdo/data/opinion_annotations_fr/kaf/hotel/french00123_dfd7b374b5e79878c50c62c26e8cb9fb.kaf
	Number of opinion expressions: 11
	Number of opinion targets: 9
	Number of characters of the text: 887
Processing file /home/izquierdo/data/opinion_annotations_fr/kaf/hotel/french00128_826fba30659b099d2c86d39af3365cd3.kaf
	Number of opinion expressions: 9
	Number of opinion targets: 8
	Number of characters of the text: 401
Processing file /home/izquierdo/data/opinion_annotations_fr/kaf/hotel/french00163_ac758f9dcb99483a42fdb94a6d52ba60.kaf
	Number of opinion expressions: 7
	Number of opinion targets: 5
	Number of characters of the text: 591
Processing file /home/izquierdo/data/opinion_annotations_fr/kaf/hotel/french00089_5bc260fecf30f09ea092e52f0bf7a394.kaf
	Number of opinion expressions: 11
	Number of opinion targets: 8
	Number of characters of the text: 498
Processing file /home/izquierdo/data/opinion_annotations_fr/kaf/hotel/french00150_9daca4ddb046c08ed137b1df22439a80.kaf
	Number of opinion expressions: 17
	Number of opinion targets: 14
	Number of characters of the text: 818
Processing file /home/izquierdo/data/opinion_annotations_fr/kaf/hotel/french00193_ca5543cce4dde11933adb73777dff44b.kaf
	Number of opinion expressions: 3
	Number of opinion targets: 3
	Number of characters of the text: 260
Processing file /home/izquierdo/data/opinion_annotations_fr/kaf/hotel/french00056_371476134c20bfbf11d1259ca210c428.kaf
	Number of opinion expressions: 11
	Number of opinion targets: 7
	Number of characters of the text: 795
Processing file /home/izquierdo/data/opinion_annotations_fr/kaf/hotel/french00047_30c33f7f1fecd960a5aa2c2c35447cba.kaf
	Number of opinion expressions: 4
	Number of opinion targets: 4
	Number of characters of the text: 236
Processing file /home/izquierdo/data/opinion_annotations_fr/kaf/hotel/french00134_893a0765e007717a56eec34527df48a0.kaf
	Number of opinion expressions: 11
	Number of opinion targets: 5
	Number of characters of the text: 505
Processing file /home/izquierdo/data/opinion_annotations_fr/kaf/hotel/french00097_6269ec79c8ef401729aec4be0d4d8c41.kaf
	Number of opinion expressions: 12
	Number of opinion targets: 4
	Number of characters of the text: 471
Processing file /home/izquierdo/data/opinion_annotations_fr/kaf/hotel/french00175_b8736f762007debd29c6792df5ffb94e.kaf
	Number of opinion expressions: 2
	Number of opinion targets: 2
	Number of characters of the text: 257
Processing file /home/izquierdo/data/opinion_annotations_fr/kaf/hotel/french00108_c894e136b0260dff1cd1a5834ab78e9a.kaf
	Number of opinion expressions: 9
	Number of opinion targets: 4
	Number of characters of the text: 478
Processing file /home/izquierdo/data/opinion_annotations_fr/kaf/hotel/french00058_690f0a86a337bf5f93521d4cd1b38dfb.kaf
	Number of opinion expressions: 7
	Number of opinion targets: 3
	Number of characters of the text: 230
Processing file /home/izquierdo/data/opinion_annotations_fr/kaf/hotel/french00161_abae8cabdd08623985607d8217453c01.kaf
	Number of opinion expressions: 6
	Number of opinion targets: 5
	Number of characters of the text: 420
Processing file /home/izquierdo/data/opinion_annotations_fr/kaf/hotel/french00059_6b77e8e50b31632b3d3e42205765ee74.kaf
	Number of opinion expressions: 16
	Number of opinion targets: 13
	Number of characters of the text: 621
Processing file /home/izquierdo/data/opinion_annotations_fr/kaf/hotel/french00116_d1aaeefbe018260e379ffa35d579473c.kaf
	Number of opinion expressions: 14
	Number of opinion targets: 9
	Number of characters of the text: 744
Processing file /home/izquierdo/data/opinion_annotations_fr/kaf/hotel/french00129_eb3707fbbc8138138d5b64732af054ad.kaf
	Number of opinion expressions: 7
	Number of opinion targets: 5
	Number of characters of the text: 326
Processing file /home/izquierdo/data/opinion_annotations_fr/kaf/hotel/french00042_542a3f48a98950b74fbf75f7fc3d1a75.kaf
	Number of opinion expressions: 5
	Number of opinion targets: 5
	Number of characters of the text: 253
Processing file /home/izquierdo/data/opinion_annotations_fr/kaf/hotel/french00188_c64c32d2da70635ddbc1458a9ac0c896.kaf
	Number of opinion expressions: 5
	Number of opinion targets: 4
	Number of characters of the text: 791
Processing file /home/izquierdo/data/opinion_annotations_fr/kaf/hotel/french00076_91624acacbf4cf4df2427b3d136a41b6.kaf
	Number of opinion expressions: 14
	Number of opinion targets: 16
	Number of characters of the text: 1087
Processing file /home/izquierdo/data/opinion_annotations_fr/kaf/hotel/french00072_8c70db6d2a6c01d885564747de7ac0b3.kaf
	Number of opinion expressions: 7
	Number of opinion targets: 3
	Number of characters of the text: 309
Processing file /home/izquierdo/data/opinion_annotations_fr/kaf/hotel/french00067_3fbc32fa8698f6b9f269b66f4a3e0ad9.kaf
	Number of opinion expressions: 19
	Number of opinion targets: 12
	Number of characters of the text: 733
Processing file /home/izquierdo/data/opinion_annotations_fr/kaf/hotel/french00004_07216338c38ada4fdd8ca9fe1a27ac9b.kaf
	Number of opinion expressions: 9
	Number of opinion targets: 7
	Number of characters of the text: 523
Processing file /home/izquierdo/data/opinion_annotations_fr/kaf/hotel/french00051_3491d887f9f2b9732e9ecd0bf6ce6f8d.kaf
	Number of opinion expressions: 5
	Number of opinion targets: 3
	Number of characters of the text: 387
Processing file /home/izquierdo/data/opinion_annotations_fr/kaf/hotel/french00055_368be9494f2f4d570d2ad578b95f422a.kaf
	Number of opinion expressions: 9
	Number of opinion targets: 7
	Number of characters of the text: 382
Processing file /home/izquierdo/data/opinion_annotations_fr/kaf/hotel/french00142_9079fc50ab124620bdda2a09cd91389d.kaf
	Number of opinion expressions: 5
	Number of opinion targets: 3
	Number of characters of the text: 475
Processing file /home/izquierdo/data/opinion_annotations_fr/kaf/hotel/french00080_4ab1a25ca8cb23b4a96bf9120d26bc84.kaf
	Number of opinion expressions: 13
	Number of opinion targets: 5
	Number of characters of the text: 541
Processing file /home/izquierdo/data/opinion_annotations_fr/kaf/hotel/french00109_c8c1fa8530d1b6a7c995e2126f11056b.kaf
	Number of opinion expressions: 3
	Number of opinion targets: 1
	Number of characters of the text: 266
Processing file /home/izquierdo/data/opinion_annotations_fr/kaf/hotel/french00050_3488591f1f9cbf5d29396e2844c4a946.kaf
	Number of opinion expressions: 23
	Number of opinion targets: 14
	Number of characters of the text: 813
Processing file /home/izquierdo/data/opinion_annotations_fr/kaf/hotel/french00083_9c0af8bb512c493fb1aa9bd261ee897f.kaf
	Number of opinion expressions: 6
	Number of opinion targets: 6
	Number of characters of the text: 249
Processing file /home/izquierdo/data/opinion_annotations_fr/kaf/hotel/french00035_261820b0586ce4ec01d82e824dc9bde3.kaf
	Number of opinion expressions: 11
	Number of opinion targets: 6
	Number of characters of the text: 579
Processing file /home/izquierdo/data/opinion_annotations_fr/kaf/hotel/french00009_0e8608dcdcfa6404b88767cb92f6c701.kaf
	Number of opinion expressions: 15
	Number of opinion targets: 9
	Number of characters of the text: 636
Processing file /home/izquierdo/data/opinion_annotations_fr/kaf/hotel/french00221_f4e0e74f60ccdedc3d924bf8a199a4f8.kaf
	Number of opinion expressions: 7
	Number of opinion targets: 5
	Number of characters of the text: 615
Processing file /home/izquierdo/data/opinion_annotations_fr/kaf/hotel/french00040_298ab988365e4cda551ea5e58f0d9bf0.kaf
	Number of opinion expressions: 11
	Number of opinion targets: 10
	Number of characters of the text: 571
Processing file /home/izquierdo/data/opinion_annotations_fr/kaf/hotel/french00117_d22359392d384129aa133c799b4d8c14.kaf
	Number of opinion expressions: 5
	Number of opinion targets: 4
	Number of characters of the text: 352
Processing file /home/izquierdo/data/opinion_annotations_fr/kaf/hotel/french00183_c0840cc281d673fcc00af505ebb09520.kaf
	Number of opinion expressions: 13
	Number of opinion targets: 9
	Number of characters of the text: 496
Processing file /home/izquierdo/data/opinion_annotations_fr/kaf/hotel/french00012_088765a87cd7c97d56b4cc3a7ec6508d.kaf
	Number of opinion expressions: 5
	Number of opinion targets: 3
	Number of characters of the text: 482
Processing file /home/izquierdo/data/opinion_annotations_fr/kaf/hotel/french00015_1f5e6669cfca9c0d17f4d3b3c65b8e95.kaf
	Number of opinion expressions: 6
	Number of opinion targets: 5
	Number of characters of the text: 322
Processing file /home/izquierdo/data/opinion_annotations_fr/kaf/hotel/french00096_b6efc33f1fb5545076cb7e88fab72870.kaf
	Number of opinion expressions: 9
	Number of opinion targets: 7
	Number of characters of the text: 401
Processing file /home/izquierdo/data/opinion_annotations_fr/kaf/hotel/french00229_feb7149746904bbc6872614725a6d992.kaf
	Number of opinion expressions: 10
	Number of opinion targets: 7
	Number of characters of the text: 631
Processing file /home/izquierdo/data/opinion_annotations_fr/kaf/hotel/french00065_3d35d40fb216926bb1202777f6991778.kaf
	Number of opinion expressions: 11
	Number of opinion targets: 9
	Number of characters of the text: 592
Processing file /home/izquierdo/data/opinion_annotations_fr/kaf/hotel/french00170_b4506885ae7348236be127b4e3dc1e9c.kaf
	Number of opinion expressions: 8
	Number of opinion targets: 9
	Number of characters of the text: 842
Processing file /home/izquierdo/data/opinion_annotations_fr/kaf/hotel/french00074_4579db8b64689b46dfbcd1a1d72e48a8.kaf
	Number of opinion expressions: 26
	Number of opinion targets: 17
	Number of characters of the text: 844
Processing file /home/izquierdo/data/opinion_annotations_fr/kaf/hotel/french00140_8f9deac1a7ffdb2c9084864c82cadd7f.kaf
	Number of opinion expressions: 8
	Number of opinion targets: 7
	Number of characters of the text: 428
Processing file /home/izquierdo/data/opinion_annotations_fr/kaf/hotel/french00211_e3d4d62aef838fe6a20c0264b2a5ad44.kaf
	Number of opinion expressions: 8
	Number of opinion targets: 7
	Number of characters of the text: 467
Processing file /home/izquierdo/data/opinion_annotations_fr/kaf/hotel/french00060_3962a64e615a76e04831aea8d20e0946.kaf
	Number of opinion expressions: 11
	Number of opinion targets: 10
	Number of characters of the text: 587
Processing file /home/izquierdo/data/opinion_annotations_fr/kaf/hotel/french00207_e05d814dfba2c0dd8b0a40f4cf9c8414.kaf
	Number of opinion expressions: 9
	Number of opinion targets: 5
	Number of characters of the text: 270
Processing file /home/izquierdo/data/opinion_annotations_fr/kaf/hotel/french00038_4707b26d6ef0873049e6803ee64d3611.kaf
	Number of opinion expressions: 16
	Number of opinion targets: 5
	Number of characters of the text: 601
Processing file /home/izquierdo/data/opinion_annotations_fr/kaf/hotel/french00019_21fef1bc7aa0a05b4ac789dcd8acd377.kaf
	Number of opinion expressions: 9
	Number of opinion targets: 9
	Number of characters of the text: 283
Processing file /home/izquierdo/data/opinion_annotations_fr/kaf/hotel/french00046_2f94bbaf743611b7503f40eaf6008887.kaf
	Number of opinion expressions: 15
	Number of opinion targets: 15
	Number of characters of the text: 963
Processing file /home/izquierdo/data/opinion_annotations_fr/kaf/hotel/french00194_cbb284aad5d17c4eddbb9450a7fdb852.kaf
	Number of opinion expressions: 6
	Number of opinion targets: 3
	Number of characters of the text: 630
Processing file /home/izquierdo/data/opinion_annotations_fr/kaf/hotel/french00158_a84168587189e569091c43e6e374e800.kaf
	Number of opinion expressions: 12
	Number of opinion targets: 9
	Number of characters of the text: 500
Processing file /home/izquierdo/data/opinion_annotations_fr/kaf/hotel/french00069_428e89284ff522a3b77130aeaf66f417.kaf
	Number of opinion expressions: 9
	Number of opinion targets: 8
	Number of characters of the text: 594
Processing file /home/izquierdo/data/opinion_annotations_fr/kaf/hotel/french00105_c74f7edac0c9543c90aa2f4b50d01319.kaf
	Number of opinion expressions: 10
	Number of opinion targets: 7
	Number of characters of the text: 428
Processing file /home/izquierdo/data/opinion_annotations_fr/kaf/hotel/french00172_b721c771bf3f9b1d8f8d382fd2418e5d.kaf
	Number of opinion expressions: 12
	Number of opinion targets: 17
	Number of characters of the text: 777
Processing file /home/izquierdo/data/opinion_annotations_fr/kaf/hotel/french00116_74b98cb8374c4a9cd586a2bf10249538.kaf
	Number of opinion expressions: 21
	Number of opinion targets: 5
	Number of characters of the text: 966
Processing file /home/izquierdo/data/opinion_annotations_fr/kaf/hotel/french00120_79472eb480fa18a29a1287b013685a69.kaf
	Number of opinion expressions: 6
	Number of opinion targets: 3
	Number of characters of the text: 552
Processing file /home/izquierdo/data/opinion_annotations_fr/kaf/hotel/french00152_a14f687ae54f16a03fd86493ee2a1d29.kaf
	Number of opinion expressions: 4
	Number of opinion targets: 4
	Number of characters of the text: 372
Processing file /home/izquierdo/data/opinion_annotations_fr/kaf/hotel/french00066_7ff451e792ec7cc0c6bd431a7dd9ab85.kaf
	Number of opinion expressions: 7
	Number of opinion targets: 6
	Number of characters of the text: 211
Processing file /home/izquierdo/data/opinion_annotations_fr/kaf/hotel/french00063_3c042051bde298238f8733987697efdc.kaf
	Number of opinion expressions: 16
	Number of opinion targets: 7
	Number of characters of the text: 654
Processing file /home/izquierdo/data/opinion_annotations_fr/kaf/hotel/french00013_1d78eeeba357ba49c99eddc40f959d4b.kaf
	Number of opinion expressions: 8
	Number of opinion targets: 3
	Number of characters of the text: 438
Processing file /home/izquierdo/data/opinion_annotations_fr/kaf/hotel/french00098_bca3c41f0585dd2393f2451e8f1b2458.kaf
	Number of opinion expressions: 7
	Number of opinion targets: 5
	Number of characters of the text: 320
Processing file /home/izquierdo/data/opinion_annotations_fr/kaf/hotel/french00039_480b89d1eb49071b84c9dbd81c68a301.kaf
	Number of opinion expressions: 7
	Number of opinion targets: 6
	Number of characters of the text: 272
Processing file /home/izquierdo/data/opinion_annotations_fr/kaf/hotel/french00084_50dcae0fb70052b44744b4486335ec81.kaf
	Number of opinion expressions: 14
	Number of opinion targets: 8
	Number of characters of the text: 440
Processing file /home/izquierdo/data/opinion_annotations_fr/kaf/hotel/french00082_9690537e3d1156cafb51aef4c16aa54d.kaf
	Number of opinion expressions: 8
	Number of opinion targets: 6
	Number of characters of the text: 256
Processing file /home/izquierdo/data/opinion_annotations_fr/kaf/hotel/french00016_20d595d7c98ec1e6bd39a0d25c52e032.kaf
	Number of opinion expressions: 9
	Number of opinion targets: 5
	Number of characters of the text: 247
Processing file /home/izquierdo/data/opinion_annotations_fr/kaf/hotel/french00029_1d4585500110e83688244215dca77d0a.kaf
	Number of opinion expressions: 9
	Number of opinion targets: 5
	Number of characters of the text: 408
Processing file /home/izquierdo/data/opinion_annotations_fr/kaf/hotel/french00031_201a2ead221b5b77062b5f155299d6f3.kaf
	Number of opinion expressions: 10
	Number of opinion targets: 7
	Number of characters of the text: 445
Processing file /home/izquierdo/data/opinion_annotations_fr/kaf/hotel/french00181_bf63ecdc8de54a6920507c599034fc31.kaf
	Number of opinion expressions: 4
	Number of opinion targets: 3
	Number of characters of the text: 266
Processing file /home/izquierdo/data/opinion_annotations_fr/kaf/hotel/french00049_335d64ae05d8efb84e8692b688d2eedc.kaf
	Number of opinion expressions: 24
	Number of opinion targets: 11
	Number of characters of the text: 911
Processing file /home/izquierdo/data/opinion_annotations_fr/kaf/hotel/french00110_6fa14708d78da5f050d58ea667e64bb8.kaf
	Number of opinion expressions: 13
	Number of opinion targets: 7
	Number of characters of the text: 805
Processing file /home/izquierdo/data/opinion_annotations_fr/kaf/hotel/french00190_c86471b66ce2f1aed62d236e5f6b996e.kaf
	Number of opinion expressions: 10
	Number of opinion targets: 5
	Number of characters of the text: 483
Processing file /home/izquierdo/data/opinion_annotations_fr/kaf/hotel/french00022_16e868aab6900528ba7cb403051433bb.kaf
	Number of opinion expressions: 10
	Number of opinion targets: 7
	Number of characters of the text: 394
Processing file /home/izquierdo/data/opinion_annotations_fr/kaf/hotel/french00114_cf2e62091be791dbe2cf99bca44d7e74.kaf
	Number of opinion expressions: 8
	Number of opinion targets: 4
	Number of characters of the text: 235
Processing file /home/izquierdo/data/opinion_annotations_fr/kaf/hotel/french00100_bec14dc1377c384357f05d46c3d9b0b7.kaf
	Number of opinion expressions: 9
	Number of opinion targets: 7
	Number of characters of the text: 901
Processing file /home/izquierdo/data/opinion_annotations_fr/kaf/hotel/french00028_31c8aab69fa81ffcbc4e12509aeeadff.kaf
	Number of opinion expressions: 10
	Number of opinion targets: 6
	Number of characters of the text: 407
Processing file /home/izquierdo/data/opinion_annotations_fr/kaf/hotel/french00023_18d5ee7178e03bf5b37e2052cd94c24d.kaf
	Number of opinion expressions: 13
	Number of opinion targets: 11
	Number of characters of the text: 609
Processing file /home/izquierdo/data/opinion_annotations_fr/kaf/hotel/french00057_37a3799c1f7b3f2436247d4050618a7d.kaf
	Number of opinion expressions: 15
	Number of opinion targets: 10
	Number of characters of the text: 509
Processing file /home/izquierdo/data/opinion_annotations_fr/kaf/hotel/french00122_7b5842b2eb117f053c0f364e0991380c.kaf
	Number of opinion expressions: 16
	Number of opinion targets: 10
	Number of characters of the text: 694
Processing file /home/izquierdo/data/opinion_annotations_fr/kaf/hotel/french00077_91d200210a592566a24bb812a25c1f6e.kaf
	Number of opinion expressions: 12
	Number of opinion targets: 10
	Number of characters of the text: 656
Processing file /home/izquierdo/data/opinion_annotations_fr/kaf/hotel/french00138_fa15223e5bb90621d671a8ff3f8a129c.kaf
	Number of opinion expressions: 7
	Number of opinion targets: 5
	Number of characters of the text: 397
Processing file /home/izquierdo/data/opinion_annotations_fr/kaf/hotel/french00021_23f242456dd8cd706b35071dcb640ca4.kaf
	Number of opinion expressions: 14
	Number of opinion targets: 11
	Number of characters of the text: 675
Processing file /home/izquierdo/data/opinion_annotations_fr/kaf/hotel/french00068_420db8281952980e3a67e7d5e199bf21.kaf
	Number of opinion expressions: 17
	Number of opinion targets: 5
	Number of characters of the text: 769
Processing file /home/izquierdo/data/opinion_annotations_fr/kaf/hotel/french00044_5a7287ec5db8ed9756c441143c08e2ef.kaf
	Number of opinion expressions: 13
	Number of opinion targets: 4
	Number of characters of the text: 562
Processing file /home/izquierdo/data/opinion_annotations_fr/kaf/hotel/french00213_e58301af35c448da096b27628fe66d92.kaf
	Number of opinion expressions: 7
	Number of opinion targets: 5
	Number of characters of the text: 623
Processing file /home/izquierdo/data/opinion_annotations_fr/kaf/hotel/french00037_273407ee230d54b73d5c39277b879e02.kaf
	Number of opinion expressions: 7
	Number of opinion targets: 5
	Number of characters of the text: 380
Processing file /home/izquierdo/data/opinion_annotations_fr/kaf/hotel/french00098_63e38027817cdc68d2426c3c30988214.kaf
	Number of opinion expressions: 9
	Number of opinion targets: 3
	Number of characters of the text: 382
Processing file /home/izquierdo/data/opinion_annotations_fr/kaf/hotel/french00001_003696982a603cab1f3b486fdb640e3a.kaf
	Number of opinion expressions: 11
	Number of opinion targets: 9
	Number of characters of the text: 518
Processing file /home/izquierdo/data/opinion_annotations_fr/kaf/hotel/french00162_abb4a2e4bc7b316bbfe97f116317ab39.kaf
	Number of opinion expressions: 6
	Number of opinion targets: 5
	Number of characters of the text: 806
Processing file /home/izquierdo/data/opinion_annotations_fr/kaf/hotel/french00099_be9cff9df0cd316369043ee15c8b5e32.kaf
	Number of opinion expressions: 3
	Number of opinion targets: 2
	Number of characters of the text: 331
Processing file /home/izquierdo/data/opinion_annotations_fr/kaf/hotel/french00010_0f70de44abe3b0e2f0ca38f402b7000e.kaf
	Number of opinion expressions: 7
	Number of opinion targets: 4
	Number of characters of the text: 351
Processing file /home/izquierdo/data/opinion_annotations_fr/kaf/hotel/french00115_d1849d62365b13a08df38c552fec278d.kaf
	Number of opinion expressions: 7
	Number of opinion targets: 6
	Number of characters of the text: 442
Processing file /home/izquierdo/data/opinion_annotations_fr/kaf/hotel/french00094_b194ab521c61e8351de5f8dd151218fd.kaf
	Number of opinion expressions: 5
	Number of opinion targets: 2
	Number of characters of the text: 553
Processing file /home/izquierdo/data/opinion_annotations_fr/kaf/hotel/french00159_aa2a6babae9832918271f3102d7db3ef.kaf
	Number of opinion expressions: 7
	Number of opinion targets: 7
	Number of characters of the text: 744
Processing file /home/izquierdo/data/opinion_annotations_fr/kaf/hotel/french00037_4703139e0d2a9501cfc313096a9da078.kaf
	Number of opinion expressions: 29
	Number of opinion targets: 8
	Number of characters of the text: 835
Processing file /home/izquierdo/data/opinion_annotations_fr/kaf/hotel/french00086_5420625b70686fa0cc80ad59c62c5c75.kaf
	Number of opinion expressions: 16
	Number of opinion targets: 11
	Number of characters of the text: 730
Processing file /home/izquierdo/data/opinion_annotations_fr/kaf/hotel/french00106_6c6a54584e1d8d300d08320071c2281e.kaf
	Number of opinion expressions: 17
	Number of opinion targets: 10
	Number of characters of the text: 803
Processing file /home/izquierdo/data/opinion_annotations_fr/kaf/hotel/french00230_ff8a0a4b90e366e336f936e491bcb40a.kaf
	Number of opinion expressions: 2
	Number of opinion targets: 1
	Number of characters of the text: 457
Processing file /home/izquierdo/data/opinion_annotations_fr/kaf/hotel/french00131_ec9b58994d2ccf5440cfff77b770ab84.kaf
	Number of opinion expressions: 10
	Number of opinion targets: 6
	Number of characters of the text: 811
Processing file /home/izquierdo/data/opinion_annotations_fr/kaf/hotel/french00026_1aeb67e37c73dcaeaaab997e675dc536.kaf
	Number of opinion expressions: 10
	Number of opinion targets: 7
	Number of characters of the text: 523
Processing file /home/izquierdo/data/opinion_annotations_fr/kaf/hotel/french00043_2b150fb3297515c147215f7f5e686902.kaf
	Number of opinion expressions: 2
	Number of opinion targets: 8
	Number of characters of the text: 226
Processing file /home/izquierdo/data/opinion_annotations_fr/kaf/hotel/french00058_37db67e4cccc9d68fae3d8e50ea53988.kaf
	Number of opinion expressions: 22
	Number of opinion targets: 11
	Number of characters of the text: 853
Processing file /home/izquierdo/data/opinion_annotations_fr/kaf/hotel/french00136_8a5bb4a82a005525920b55e683e0785d.kaf
	Number of opinion expressions: 13
	Number of opinion targets: 4
	Number of characters of the text: 541
Processing file /home/izquierdo/data/opinion_annotations_fr/kaf/hotel/french00164_acd7ad758dfcd3e4bea0bd03052a88e8.kaf
	Number of opinion expressions: 6
	Number of opinion targets: 3
	Number of characters of the text: 218
Processing file /home/izquierdo/data/opinion_annotations_fr/kaf/hotel/french00199_d0263c5fee1ce49164dd9ed9f7bc9db9.kaf
	Number of opinion expressions: 7
	Number of opinion targets: 7
	Number of characters of the text: 245
Processing file /home/izquierdo/data/opinion_annotations_fr/kaf/hotel/french00111_6fc560f783f4800a0800fa5aa2cda48b.kaf
	Number of opinion expressions: 16
	Number of opinion targets: 6
	Number of characters of the text: 749
Processing file /home/izquierdo/data/opinion_annotations_fr/kaf/hotel/french00186_c434fec449e2638e09c09c604f7264a0.kaf
	Number of opinion expressions: 13
	Number of opinion targets: 10
	Number of characters of the text: 557
Processing file /home/izquierdo/data/opinion_annotations_fr/kaf/hotel/french00102_c43f0db9344b6b18880703623b84ce41.kaf
	Number of opinion expressions: 9
	Number of opinion targets: 7
	Number of characters of the text: 407
Processing file /home/izquierdo/data/opinion_annotations_fr/kaf/hotel/french00056_6566c2781145ada8fabf88f2f924a962.kaf
	Number of opinion expressions: 9
	Number of opinion targets: 6
	Number of characters of the text: 593
Processing file /home/izquierdo/data/opinion_annotations_fr/kaf/hotel/french00025_2ffb83b808158575d4d069e3f0567836.kaf
	Number of opinion expressions: 12
	Number of opinion targets: 11
	Number of characters of the text: 326
Processing file /home/izquierdo/data/opinion_annotations_fr/kaf/hotel/french00117_751f0726bc368de5fa2c44c171038e5d.kaf
	Number of opinion expressions: 14
	Number of opinion targets: 3
	Number of characters of the text: 547
Processing file /home/izquierdo/data/opinion_annotations_fr/kaf/hotel/french00062_73a91e8d5c2590e61ac4e278dd9cfeaa.kaf
	Number of opinion expressions: 11
	Number of opinion targets: 6
	Number of characters of the text: 275
Processing file /home/izquierdo/data/opinion_annotations_fr/kaf/hotel/french00023_2944bcfc597890c4b3dfb4b8f2457adc.kaf
	Number of opinion expressions: 9
	Number of opinion targets: 6
	Number of characters of the text: 437
Processing file /home/izquierdo/data/opinion_annotations_fr/kaf/hotel/french00195_cd25e977742cf385a7c9c12a7acc7f32.kaf
	Number of opinion expressions: 6
	Number of opinion targets: 6
	Number of characters of the text: 436
Processing file /home/izquierdo/data/opinion_annotations_fr/kaf/hotel/french00091_ae2db0bf865d184dd4a0205de26f89f3.kaf
	Number of opinion expressions: 10
	Number of opinion targets: 5
	Number of characters of the text: 647
Processing file /home/izquierdo/data/opinion_annotations_fr/kaf/hotel/french00095_b2535c1e1a2a2069b3e49a18d6fab2d9.kaf
	Number of opinion expressions: 9
	Number of opinion targets: 5
	Number of characters of the text: 770
Processing file /home/izquierdo/data/opinion_annotations_fr/kaf/hotel/french00169_b2ffa53d03833d7986a6bc79187d20fb.kaf
	Number of opinion expressions: 6
	Number of opinion targets: 5
	Number of characters of the text: 394
Processing file /home/izquierdo/data/opinion_annotations_fr/kaf/hotel/french00068_8043acc019b8b5d335548390a72c53e2.kaf
	Number of opinion expressions: 13
	Number of opinion targets: 10
	Number of characters of the text: 866
Processing file /home/izquierdo/data/opinion_annotations_fr/kaf/hotel/french00041_52724410980c6dd4b5dc326be3af22ca.kaf
	Number of opinion expressions: 9
	Number of opinion targets: 5
	Number of characters of the text: 435
Processing file /home/izquierdo/data/opinion_annotations_fr/kaf/hotel/french00014_0a1b6652ef37aa3819557027f3bdce01.kaf
	Number of opinion expressions: 8
	Number of opinion targets: 5
	Number of characters of the text: 416
Processing file /home/izquierdo/data/opinion_annotations_fr/kaf/hotel/french00200_d0d6c4f3d9b41d7b26f5c7bffa9e1f7f.kaf
	Number of opinion expressions: 9
	Number of opinion targets: 7
	Number of characters of the text: 473
Processing file /home/izquierdo/data/opinion_annotations_fr/kaf/hotel/french00133_885a6c222df5ba3969e4a8d11ca471c7.kaf
	Number of opinion expressions: 9
	Number of opinion targets: 7
	Number of characters of the text: 217
Processing file /home/izquierdo/data/opinion_annotations_fr/kaf/hotel/french00011_1541aa005b476bbf67f8f5de6c2329a7.kaf
	Number of opinion expressions: 5
	Number of opinion targets: 4
	Number of characters of the text: 231
Processing file /home/izquierdo/data/opinion_annotations_fr/kaf/hotel/french00054_360941016e495b23497b3247e83e0464.kaf
	Number of opinion expressions: 10
	Number of opinion targets: 6
	Number of characters of the text: 455
Processing file /home/izquierdo/data/opinion_annotations_fr/kaf/hotel/french00166_afd9a0619ade6923235713eac3bc6ebd.kaf
	Number of opinion expressions: 7
	Number of opinion targets: 4
	Number of characters of the text: 262
Processing file /home/izquierdo/data/opinion_annotations_fr/kaf/hotel/french00073_45613349a7fac0a22d03fbee4b2c58cf.kaf
	Number of opinion expressions: 11
	Number of opinion targets: 5
	Number of characters of the text: 474
Processing file /home/izquierdo/data/opinion_annotations_fr/kaf/hotel/french00006_0641336fa5a9a18f7d3924531c74bfa8.kaf
	Number of opinion expressions: 9
	Number of opinion targets: 8
	Number of characters of the text: 462
Processing file /home/izquierdo/data/opinion_annotations_fr/kaf/hotel/french00132_88338e23fd25b7525fdb9adb1aff3322.kaf
	Number of opinion expressions: 9
	Number of opinion targets: 4
	Number of characters of the text: 602
Processing file /home/izquierdo/data/opinion_annotations_fr/kaf/hotel/french00064_7c0de13066e296219196cdb137a33134.kaf
	Number of opinion expressions: 9
	Number of opinion targets: 6
	Number of characters of the text: 276
Processing file /home/izquierdo/data/opinion_annotations_fr/kaf/hotel/french00067_801a02d26a305e623168cca17e849589.kaf
	Number of opinion expressions: 11
	Number of opinion targets: 9
	Number of characters of the text: 447
Processing file /home/izquierdo/data/opinion_annotations_fr/kaf/hotel/french00108_6e7db22282a49b9801b17767b43fa32f.kaf
	Number of opinion expressions: 5
	Number of opinion targets: 3
	Number of characters of the text: 335
Processing file /home/izquierdo/data/opinion_annotations_fr/kaf/hotel/french00063_7bd1045e3a91a8e8bc2ba35a1388744f.kaf
	Number of opinion expressions: 16
	Number of opinion targets: 5
	Number of characters of the text: 731
Processing file /home/izquierdo/data/opinion_annotations_fr/kaf/hotel/french00095_611e39b9ceb7fb138baec2b724d38c61.kaf
	Number of opinion expressions: 19
	Number of opinion targets: 10
	Number of characters of the text: 590
Processing file /home/izquierdo/data/opinion_annotations_fr/kaf/hotel/french00078_91fc764a2000ef029460b9d16a88fcbf.kaf
	Number of opinion expressions: 8
	Number of opinion targets: 5
	Number of characters of the text: 404
Total unique number of expression#polarity: 2740
Error expression not continuous: trs agrable spacieuse  Not included in output
Error expression not continuous: vraime attractif  Not included in output
Error expression not continuous: sympathique dvou  Not included in output
Error expression not continuous: trs dfrachis petites  Not included in output
Error expression not continuous: verdoyant calme  Not included in output
Error expression not continuous: m' ont indiqu que cela ne dpendait pas d' eux mais du site de rservation que ai appel .  Not included in output
Error expression not continuous: pas le coin de paradis  Not included in output
Error expression not continuous: mieux quand inclut  Not included in output
Error expression not continuous: c' est  peine si on a le droit de respirer  Not included in output
Error expression not continuous: calme idal pour le repos  Not included in output
Error expression not continuous: ne regrettons pas au contraire  Not included in output
Error expression not continuous: varie savoureuse  Not included in output
Error expression not continuous: un des plus beau du monde  Not included in output
Error expression not continuous: blanc propre  Not included in output
Error expression not continuous: le plus rapide le plus aimable le plus souriant du monde  Not included in output
Error expression not continuous: compte bien retourner  Not included in output
Error expression not continuous: ne recommanderasi pas  Not included in output
Error expression not continuous: trs sympatique respectueux  Not included in output
Error expression not continuous: vieux abandonns  Not included in output
Error expression not continuous: n' en fait pas pour autant un bruyant  Not included in output
Error expression not continuous: il faut pour se servir  Not included in output
Error expression not continuous: raide long  Not included in output
Error expression not continuous: grande pour 3 personnes.  Not included in output
Error expression not continuous: sur simple rclamation , vous remet dans l' htel  Not included in output
Error expression not continuous: spacieuses propres  Not included in output
Error expression not continuous: grotesque inutile  Not included in output
Error expression not continuous: sobre lgant  Not included in output
Error expression not continuous: mobilier moderne de qualit  Not included in output
Error expression not continuous: pas de gratuit  Not included in output
Error expression not continuous: changera de l' anne prochaine  Not included in output
Error expression not continuous: aucun possible  Not included in output
Error expression not continuous: ne correspond plus car date d' avant la rnovation  Not included in output
Error expression not continuous: comprends qu' en pleine saison devienne l' enfer avec tous les emplacements occups  Not included in output
Error expression not continuous: toujours souriant trs polis  Not included in output
Error expression not continuous: heureusement sommes rests que 3 nuits pour visiter la rgion  Not included in output
Error expression not continuous: reviendrons l' anne prochaine pour la 3eme fois  Not included in output
Error expression not continuous: aimerai bien retourn  Not included in output
Error expression not continuous: assez dangereux pour les pitons les cyclistes  Not included in output
Error expression not continuous: le parfum un sentiment de confort  Not included in output
Error expression not continuous: trs correct de bonne qualit  Not included in output
Error expression not continuous: trs peu de les bonjours / au revoir sont dits dans le " vide "  Not included in output
Error expression not continuous: parfois il a des coupures  Not included in output
Error expression not continuous: n' allez pas  Not included in output
Error expression not continuous: n' est pas adapt aux enfants  Not included in output
Error expression not continuous: le seule souriant.  Not included in output
Error expression not continuous: propres ingenieux pour les campeurs  Not included in output
Error expression not continuous: oui reviendra  Not included in output
Error expression not continuous: propre bel emplacement  Not included in output
Error expression not continuous: chaude propre  Not included in output
Error expression not continuous: le + imprenable  Not included in output
Error expression not continuous: jusqu'  pas d' heure les vigils du camping laissent faire  Not included in output
Error expression not continuous: aprs inventaire de la location du mobil home il manquait jamais avons vu  Not included in output
Error expression not continuous: qualit dplorable  Not included in output
Error expression not continuous: spacieuse climatise  Not included in output
Error expression not continuous: pas trs varie.le  Not included in output
Error expression not continuous: retournerons avec grand plaisir  Not included in output
Error expression not continuous: seulement recouverte d' une grille qui ne peut s  tre ouvert  Not included in output
Error expression not continuous: aucune aucun ouvert  Not included in output
Error expression not continuous: bien organise fonctionnelle  Not included in output
Error expression not continuous: n' retournerai pas  Not included in output
Error expression not continuous: a proximit des transports en commun du parc des exposition de versailles  Not included in output
Error expression not continuous: espace calme simple  Not included in output
Error expression not continuous: n' retournerais plus  Not included in output
Error expression not continuous: trs serviables travaillent trs dur pour vous faire passer un bon sjour  Not included in output
Error expression not continuous: belle grande soigne calme avec une belle vue sur mer.  Not included in output
Error expression not continuous: possibilit de le long de la plage jusqu'  side , environ 30 min  pieds  Not included in output
Error expression not continuous: conceillerais vivement  Not included in output
Error expression not continuous: aimerais revenir  Not included in output
Error expression not continuous: trs sympathique trs accueillant  Not included in output
Error expression not continuous: pas de relle  Not included in output
Error expression not continuous: calme tranquilit  Not included in output
Error expression not continuous: conseille sans hesitations.vous  Not included in output
Error expression not continuous: que recommanderais  mme mon ennemi  Not included in output
Error expression not continuous: tachs dfraichis  Not included in output
Error expression not continuous: ne recommande pas pour les familles  Not included in output
Error expression not continuous: mauvaises recrachent  Not included in output
Error expression not continuous: quipements plus que complets  Not included in output
Error expression not continuous: propre fin.  Not included in output
Error expression not continuous: ai appel pour leur demander s' il tait possible d' tre rembours  Not included in output
Error expression not continuous: manque d' flagrant  Not included in output
Error expression not continuous: m' a rpondu qu' ne pouvaient rien faire sans l' accord de l' htel et ont appel .  Not included in output
Error expression not continuous: qui peut justifier une 4e toile  Not included in output
Error expression not continuous: l' impertinence et l' impolitesse qui a mis une ombre sur tout notre sjour  Not included in output
Error expression not continuous: vraiment apprci notre sjour retournons  Not included in output
Error expression not continuous: se demande pour quoi a 4 etoiles  Not included in output
Error expression not continuous: trs grandes qualit apptissants  Not included in output
Error expression not continuous: heureusement il a la climatisation  Not included in output
Error expression not continuous: trs professionnel gentil rapide efficace  Not included in output
Error expression not continuous: ne suis pas prt d' retourner  Not included in output
Error expression not continuous: joints carrelage moisis  Not included in output
Error expression not continuous: agrable calme le soir  Not included in output
Error expression not continuous: les aprs  midi le soir  Not included in output
Error expression not continuous: bien isoles du bruit du froid  Not included in output
Error expression not continuous: risque de me de nouveau  Not included in output
Error expression not continuous: proximit du priphrique facile d' accs  5mn de la porte d' italie permet un accs facile au centre de paris  Not included in output
Error expression not continuous: pense retourne  Not included in output
Error expression not continuous: flaure faune remarquable  Not included in output
Total unique number of targets: 1329
Error target not continuous: la piscine intrieure les coffres dans les chambres  Not included in output
Error target not continuous: check  in check  out  Not included in output
Error target not continuous: piscines plage  Not included in output
Error target not continuous: situation en plein centre ville  Not included in output
Error target not continuous: une terrasse  Not included in output
Error target not continuous: les surveillants de baignade les femmes  l' accueil  Not included in output
Error target not continuous: vue sur la mer.la  Not included in output
Error target not continuous: petit djeuner prsentation tout  Not included in output
Error target not continuous: activits animation  Not included in output
Error target not continuous: murs isols accoustiquement.  Not included in output
Error target not continuous: les boissons sodas  Not included in output
Error target not continuous: les moules l' aoli maison  Not included in output
Error target not continuous: chambres salle de bain  Not included in output
Error target not continuous: les seuveurs serveuses  Not included in output
Error target not continuous: un quipement  Not included in output
Error target not continuous: point de dpart balades  Not included in output
Error target not continuous: on mange dans le restaurant  Not included in output
Error target not continuous: l' extrieur le ct calme du camping  Not included in output
Error target not continuous: le cadre les chambres  Not included in output
Error target not continuous: les piscines la plage  Not included in output
Error target not continuous: entretien des logement  Not included in output
Error target not continuous: services prestations  Not included in output
Error target not continuous: camping pour la visite de la rgion  Not included in output
Error target not continuous: se promener la croisette  Not included in output
Error target not continuous: la vue sur les chemine du " palau gull  Not included in output
Error target not continuous: c' est le hotel  Not included in output
Error target not continuous: les animatrices les barmans  Not included in output
Error target not continuous: loisirs activits  Not included in output
Error target not continuous: personnel ils  Not included in output
Error target not continuous: bars restaurants  Not included in output
Error target not continuous: accueil des grants  Not included in output
Error target not continuous: accueil personnel  Not included in output
Error target not continuous: personnel animateurs  Not included in output
Error target not continuous: chambre quelques dtails  Not included in output
Error target not continuous: piscine la piscine  Not included in output
Error target not continuous: pain croissanterie  Not included in output
Error target not continuous: bien de vu manger proprete politesse  Not included in output
Error target not continuous: l' ancien le moderne  Not included in output
Error target not continuous: emplacement autour du mobilhome  Not included in output
Error target not continuous: les animations d' arthur de nazeli  Not included in output
Error target not continuous: accueil la rception du camping le magasin articles de plage  presse  Not included in output
Error target not continuous: titanic beach spa & aqua park sjour  Not included in output
Error target not continuous: animation commerce  Not included in output
Error target not continuous: le manager du restaurant rose rhones  Not included in output
Error target not continuous: htel bungalow  Not included in output
Error target not continuous: la piscine elle  Not included in output
Error target not continuous: prix services  Not included in output
Error target not continuous: buffet dans l' ensemble  Not included in output
Error target not continuous: cet htel pour celui qui prend l' avion  brussels airport  Not included in output
Error target not continuous: l' quipement du mobilhome la tonnelle terrasse  Not included in output
Error target not continuous: buffet restaurants thmatiques chinois resto cal  Not included in output
Error target not continuous: ce camping la rgion  Not included in output
Error target not continuous: le parking ferm surveill  Not included in output
Error target not continuous: haykel kimo  Not included in output
Error target not continuous: une animation un animateur  Not included in output
Error target not continuous: commerces restaurnats bars  Not included in output
Error target not continuous: une bouteille d' eau coca sprite des boissons  Not included in output
Error target not continuous: personnel celui du restaurant " rose "  Not included in output
Error target not continuous: le deuce le tram  Not included in output
Error target not continuous: la sirne sa  Not included in output
Error target not continuous: lou des skis sur place prix  Not included in output
Error target not continuous: chambre  39  Not included in output
Error target not continuous: l' animateur chef bilal son quipe  Not included in output
Error target not continuous: rserver une chambre  Not included in output
Error target not continuous: une bire une boisson non  alcoolis  Not included in output
Error target not continuous: le matrise les deux animateurs aykel et karim  Not included in output
Error target not continuous: vue sur bercy village et paris  Not included in output
Error target not continuous: terrain de jeux pour les enfants  Not included in output
Error target not continuous: shaban le serveur  Not included in output
Error target not continuous: c complexe  Not included in output
Error target not continuous: un petit htel  Not included in output
Error target not continuous: le directeur le staff  Not included in output
Error target not continuous: vival autres commerces  Not included in output
Error target not continuous: chambre htel  Not included in output
Error target not continuous: animateur francophone alias zizo  Not included in output
