Processing file /home/izquierdo/data/opinion_annotations_es/kaf/hotel/spanish00158_b7d979594773898cd2402031cc40fb28.kaf
	Number of opinion expressions: 14
	Number of opinion targets: 8
	Number of characters of the text: 715
Processing file /home/izquierdo/data/opinion_annotations_es/kaf/hotel/spanish00180_cc13453f624e40f948a2e2e32e2ffc68.kaf
	Number of opinion expressions: 15
	Number of opinion targets: 10
	Number of characters of the text: 655
Processing file /home/izquierdo/data/opinion_annotations_es/kaf/hotel/spanish00103_99d9b7d7ef7a1e84776d18010b6b6a2c.kaf
	Number of opinion expressions: 5
	Number of opinion targets: 7
	Number of characters of the text: 300
Processing file /home/izquierdo/data/opinion_annotations_es/kaf/hotel/spanish00073_4dd765dad8faaee2b75ff398d05810cd.kaf
	Number of opinion expressions: 20
	Number of opinion targets: 16
	Number of characters of the text: 838
Processing file /home/izquierdo/data/opinion_annotations_es/kaf/hotel/spanish00116_a5f962e8d54e00dc24de0075b70e983d.kaf
	Number of opinion expressions: 10
	Number of opinion targets: 6
	Number of characters of the text: 284
Processing file /home/izquierdo/data/opinion_annotations_es/kaf/hotel/spanish00034_263c8810180aa6f0918fd0847af45b4a.kaf
	Number of opinion expressions: 4
	Number of opinion targets: 4
	Number of characters of the text: 230
Processing file /home/izquierdo/data/opinion_annotations_es/kaf/hotel/spanish00178_c95a6d165bceb8a5b4662aec1024bad9.kaf
	Number of opinion expressions: 14
	Number of opinion targets: 12
	Number of characters of the text: 607
Processing file /home/izquierdo/data/opinion_annotations_es/kaf/hotel/spanish00177_c7993af8befc2c094026d97aa5a3e8b1.kaf
	Number of opinion expressions: 15
	Number of opinion targets: 11
	Number of characters of the text: 662
Processing file /home/izquierdo/data/opinion_annotations_es/kaf/hotel/spanish00061_49b2edf380a2f0cd3f58517b041f8cc7.kaf
	Number of opinion expressions: 9
	Number of opinion targets: 7
	Number of characters of the text: 496
Processing file /home/izquierdo/data/opinion_annotations_es/kaf/hotel/spanish00225_fbdf0aa273b535dfaab62f4aca60fd18.kaf
	Number of opinion expressions: 13
	Number of opinion targets: 14
	Number of characters of the text: 574
Processing file /home/izquierdo/data/opinion_annotations_es/kaf/hotel/spanish00207_e949d1ad2ee0fa4c55d423cd114a42e3.kaf
	Number of opinion expressions: 9
	Number of opinion targets: 6
	Number of characters of the text: 655
Processing file /home/izquierdo/data/opinion_annotations_es/kaf/hotel/spanish00168_e4a398f05f15c8105c0d52baf701dd30.kaf
	Number of opinion expressions: 8
	Number of opinion targets: 7
	Number of characters of the text: 275
Processing file /home/izquierdo/data/opinion_annotations_es/kaf/hotel/spanish00169_bca6ea94ae8b72ecee249f2ddf942d18.kaf
	Number of opinion expressions: 16
	Number of opinion targets: 13
	Number of characters of the text: 805
Processing file /home/izquierdo/data/opinion_annotations_es/kaf/hotel/spanish00142_c95a6d165bceb8a5b4662aec1024bad9.kaf
	Number of opinion expressions: 17
	Number of opinion targets: 13
	Number of characters of the text: 607
Processing file /home/izquierdo/data/opinion_annotations_es/kaf/hotel/spanish00199_e092e8a8df6413133d6b13eb451f0f95.kaf
	Number of opinion expressions: 8
	Number of opinion targets: 7
	Number of characters of the text: 215
Processing file /home/izquierdo/data/opinion_annotations_es/kaf/hotel/spanish00183_fc303a5ce8960bb04c67c9cf18a5dbbc.kaf
	Number of opinion expressions: 8
	Number of opinion targets: 6
	Number of characters of the text: 307
Processing file /home/izquierdo/data/opinion_annotations_es/kaf/hotel/spanish00129_b86a874820c8688f4e9095647e9dda72.kaf
	Number of opinion expressions: 9
	Number of opinion targets: 12
	Number of characters of the text: 706
Processing file /home/izquierdo/data/opinion_annotations_es/kaf/hotel/spanish00110_89d8d4e1dc0ecbc0772f39ff8b8e96c1.kaf
	Number of opinion expressions: 6
	Number of opinion targets: 6
	Number of characters of the text: 299
Processing file /home/izquierdo/data/opinion_annotations_es/kaf/hotel/spanish00096_90466bc97c7f0deb88e6d2f0a6ef1f49.kaf
	Number of opinion expressions: 8
	Number of opinion targets: 10
	Number of characters of the text: 501
Processing file /home/izquierdo/data/opinion_annotations_es/kaf/hotel/spanish00068_66aa8454baa2b392b397c78454a0943c.kaf
	Number of opinion expressions: 6
	Number of opinion targets: 4
	Number of characters of the text: 245
Processing file /home/izquierdo/data/opinion_annotations_es/kaf/hotel/spanish00206_e943aa7420f77bb225611c0cdd2babee.kaf
	Number of opinion expressions: 9
	Number of opinion targets: 4
	Number of characters of the text: 274
Processing file /home/izquierdo/data/opinion_annotations_es/kaf/hotel/spanish00197_dcb2b89f42334c619566d39d132c60e8.kaf
	Number of opinion expressions: 8
	Number of opinion targets: 7
	Number of characters of the text: 476
Processing file /home/izquierdo/data/opinion_annotations_es/kaf/hotel/spanish00014_0d05a9545fd00e66c531b94ea545d150.kaf
	Number of opinion expressions: 6
	Number of opinion targets: 5
	Number of characters of the text: 252
Processing file /home/izquierdo/data/opinion_annotations_es/kaf/hotel/spanish00067_6665e53fb0313031c98fdea9bd09f80f.kaf
	Number of opinion expressions: 5
	Number of opinion targets: 5
	Number of characters of the text: 223
Processing file /home/izquierdo/data/opinion_annotations_es/kaf/hotel/spanish00053_50eb3c4b00ae8459a21aa684b3b4324c.kaf
	Number of opinion expressions: 9
	Number of opinion targets: 5
	Number of characters of the text: 280
Processing file /home/izquierdo/data/opinion_annotations_es/kaf/hotel/spanish00045_32b0cd989d683aa84f130a7e49775636.kaf
	Number of opinion expressions: 10
	Number of opinion targets: 5
	Number of characters of the text: 226
Processing file /home/izquierdo/data/opinion_annotations_es/kaf/hotel/spanish00195_db159a259b0a2b04155b7375528e2c3f.kaf
	Number of opinion expressions: 8
	Number of opinion targets: 7
	Number of characters of the text: 427
Processing file /home/izquierdo/data/opinion_annotations_es/kaf/hotel/spanish00166_bb0152be2063dab7b4af3a21b7f42b2a.kaf
	Number of opinion expressions: 14
	Number of opinion targets: 9
	Number of characters of the text: 835
Processing file /home/izquierdo/data/opinion_annotations_es/kaf/hotel/spanish00088_88a12d17340e4d95c64325476fb24f4c.kaf
	Number of opinion expressions: 8
	Number of opinion targets: 5
	Number of characters of the text: 220
Processing file /home/izquierdo/data/opinion_annotations_es/kaf/hotel/spanish00011_0ae91bedb55d450aa45158e8a909d08b.kaf
	Number of opinion expressions: 12
	Number of opinion targets: 8
	Number of characters of the text: 517
Processing file /home/izquierdo/data/opinion_annotations_es/kaf/hotel/spanish00098_7815a0ced14790cec1b63bb7edef6a65.kaf
	Number of opinion expressions: 6
	Number of opinion targets: 8
	Number of characters of the text: 570
Processing file /home/izquierdo/data/opinion_annotations_es/kaf/hotel/spanish00066_65665f5bd4f64fbdb1882950fbef7489.kaf
	Number of opinion expressions: 8
	Number of opinion targets: 6
	Number of characters of the text: 320
Processing file /home/izquierdo/data/opinion_annotations_es/kaf/hotel/spanish00134_bc642a37cb7cc88004be5eaeadb1a1d3.kaf
	Number of opinion expressions: 13
	Number of opinion targets: 20
	Number of characters of the text: 618
Processing file /home/izquierdo/data/opinion_annotations_es/kaf/hotel/spanish00113_a22e12b36c043371d736c6a4356ed995.kaf
	Number of opinion expressions: 9
	Number of opinion targets: 8
	Number of characters of the text: 248
Processing file /home/izquierdo/data/opinion_annotations_es/kaf/hotel/spanish00091_71467f3d3ca657cece0afcf24d1d436a.kaf
	Number of opinion expressions: 15
	Number of opinion targets: 11
	Number of characters of the text: 788
Processing file /home/izquierdo/data/opinion_annotations_es/kaf/hotel/spanish00130_9d998d0ac310e9aa5c643de2f594b848.kaf
	Number of opinion expressions: 9
	Number of opinion targets: 7
	Number of characters of the text: 278
Processing file /home/izquierdo/data/opinion_annotations_es/kaf/hotel/spanish00103_7add523bd8eb0f1863f501da6c1801ed.kaf
	Number of opinion expressions: 14
	Number of opinion targets: 12
	Number of characters of the text: 657
Processing file /home/izquierdo/data/opinion_annotations_es/kaf/hotel/spanish00146_aeb6c899e3b26ba7895e9afe9c3f74b7.kaf
	Number of opinion expressions: 20
	Number of opinion targets: 15
	Number of characters of the text: 837
Processing file /home/izquierdo/data/opinion_annotations_es/kaf/hotel/spanish00222_f82122f491ab9032712295b4e3c35f89.kaf
	Number of opinion expressions: 8
	Number of opinion targets: 5
	Number of characters of the text: 223
Processing file /home/izquierdo/data/opinion_annotations_es/kaf/hotel/spanish00017_0e83cdcd5852dfebfbf4dbd9411a758d.kaf
	Number of opinion expressions: 10
	Number of opinion targets: 9
	Number of characters of the text: 232
Processing file /home/izquierdo/data/opinion_annotations_es/kaf/hotel/spanish00106_9aea25ccc5b18e818c9d6805671849ff.kaf
	Number of opinion expressions: 6
	Number of opinion targets: 5
	Number of characters of the text: 294
Processing file /home/izquierdo/data/opinion_annotations_es/kaf/hotel/spanish00036_2bbf59a26744023f6e3bb2ac0ad49450.kaf
	Number of opinion expressions: 10
	Number of opinion targets: 8
	Number of characters of the text: 357
Processing file /home/izquierdo/data/opinion_annotations_es/kaf/hotel/spanish00080_77db05e28da746d0b5d9bfc948970967.kaf
	Number of opinion expressions: 5
	Number of opinion targets: 6
	Number of characters of the text: 254
Processing file /home/izquierdo/data/opinion_annotations_es/kaf/hotel/spanish00223_f8d9642b2bde71cf1e49aeae6825768c.kaf
	Number of opinion expressions: 14
	Number of opinion targets: 12
	Number of characters of the text: 708
Processing file /home/izquierdo/data/opinion_annotations_es/kaf/hotel/spanish00083_65f1250d1bf450de170a6882671473c0.kaf
	Number of opinion expressions: 15
	Number of opinion targets: 14
	Number of characters of the text: 698
Processing file /home/izquierdo/data/opinion_annotations_es/kaf/hotel/spanish00049_4906d230b4fd96f55035f70879902895.kaf
	Number of opinion expressions: 6
	Number of opinion targets: 2
	Number of characters of the text: 226
Processing file /home/izquierdo/data/opinion_annotations_es/kaf/hotel/spanish00217_f08e13830eb2eda7fe24823dabd9ae50.kaf
	Number of opinion expressions: 13
	Number of opinion targets: 9
	Number of characters of the text: 358
Processing file /home/izquierdo/data/opinion_annotations_es/kaf/hotel/spanish00093_8dfbb8acab19e3d2f4a44ea08f43d8af.kaf
	Number of opinion expressions: 5
	Number of opinion targets: 6
	Number of characters of the text: 346
Processing file /home/izquierdo/data/opinion_annotations_es/kaf/hotel/spanish00051_3b526f976f400b41f5e5f3bca40de53d.kaf
	Number of opinion expressions: 9
	Number of opinion targets: 7
	Number of characters of the text: 742
Processing file /home/izquierdo/data/opinion_annotations_es/kaf/hotel/spanish00173_c316a763ce17f22144ae66a16aba8143.kaf
	Number of opinion expressions: 10
	Number of opinion targets: 9
	Number of characters of the text: 823
Processing file /home/izquierdo/data/opinion_annotations_es/kaf/hotel/spanish00198_dec614fb374527ee89301d7172814550.kaf
	Number of opinion expressions: 15
	Number of opinion targets: 11
	Number of characters of the text: 876
Processing file /home/izquierdo/data/opinion_annotations_es/kaf/hotel/spanish00028_1ea3b04cbd98d6a1514c544024cd25cb.kaf
	Number of opinion expressions: 5
	Number of opinion targets: 4
	Number of characters of the text: 229
Processing file /home/izquierdo/data/opinion_annotations_es/kaf/hotel/spanish00046_35e460d9f4b2ac93b09d5d8437a0b143.kaf
	Number of opinion expressions: 12
	Number of opinion targets: 11
	Number of characters of the text: 785
Processing file /home/izquierdo/data/opinion_annotations_es/kaf/hotel/spanish00141_a9a0766cf3abcc064409be950f29256f.kaf
	Number of opinion expressions: 18
	Number of opinion targets: 10
	Number of characters of the text: 786
Processing file /home/izquierdo/data/opinion_annotations_es/kaf/hotel/spanish00173_ec866c3aef718cd4ebf899cb1ec2433c.kaf
	Number of opinion expressions: 8
	Number of opinion targets: 5
	Number of characters of the text: 304
Processing file /home/izquierdo/data/opinion_annotations_es/kaf/hotel/spanish00068_4b36366457cf1fcc6fa448e1d2cf3fc9.kaf
	Number of opinion expressions: 19
	Number of opinion targets: 11
	Number of characters of the text: 727
Processing file /home/izquierdo/data/opinion_annotations_es/kaf/hotel/spanish00051_4b33fe2504015a963c21469165fad4b3.kaf
	Number of opinion expressions: 5
	Number of opinion targets: 6
	Number of characters of the text: 638
Processing file /home/izquierdo/data/opinion_annotations_es/kaf/hotel/spanish00111_89e828acddf670e0bd0e14e9b152fafb.kaf
	Number of opinion expressions: 4
	Number of opinion targets: 4
	Number of characters of the text: 399
Processing file /home/izquierdo/data/opinion_annotations_es/kaf/hotel/spanish00037_25f693999ba8865f5235a51369bccad5.kaf
	Number of opinion expressions: 12
	Number of opinion targets: 9
	Number of characters of the text: 574
Processing file /home/izquierdo/data/opinion_annotations_es/kaf/hotel/spanish00101_794d96fcd116206564a538e2f2664f02.kaf
	Number of opinion expressions: 12
	Number of opinion targets: 9
	Number of characters of the text: 533
Processing file /home/izquierdo/data/opinion_annotations_es/kaf/hotel/spanish00035_26a425845c5218296679bff8c6df70af.kaf
	Number of opinion expressions: 9
	Number of opinion targets: 6
	Number of characters of the text: 494
Processing file /home/izquierdo/data/opinion_annotations_es/kaf/hotel/spanish00052_3c340aafd7888e61c8e809d53ecf0ea2.kaf
	Number of opinion expressions: 8
	Number of opinion targets: 7
	Number of characters of the text: 767
Processing file /home/izquierdo/data/opinion_annotations_es/kaf/hotel/spanish00062_635381a40197b89b42b4e9f01ef8d677.kaf
	Number of opinion expressions: 12
	Number of opinion targets: 7
	Number of characters of the text: 340
Processing file /home/izquierdo/data/opinion_annotations_es/kaf/hotel/spanish00078_733e2e796163c4af2f8e54e8d9c1d93a.kaf
	Number of opinion expressions: 6
	Number of opinion targets: 6
	Number of characters of the text: 234
Processing file /home/izquierdo/data/opinion_annotations_es/kaf/hotel/spanish00135_bdfc053877385ad1131625117df9c3a5.kaf
	Number of opinion expressions: 8
	Number of opinion targets: 6
	Number of characters of the text: 286
Processing file /home/izquierdo/data/opinion_annotations_es/kaf/hotel/spanish00184_fd764b971d55a098208df69cde05ef60.kaf
	Number of opinion expressions: 8
	Number of opinion targets: 5
	Number of characters of the text: 398
Processing file /home/izquierdo/data/opinion_annotations_es/kaf/hotel/spanish00155_d8296ac11ed5da437f1ead485391edcd.kaf
	Number of opinion expressions: 11
	Number of opinion targets: 7
	Number of characters of the text: 274
Processing file /home/izquierdo/data/opinion_annotations_es/kaf/hotel/spanish00102_7a53ce1ab4f87ebceed38bcff3a685eb.kaf
	Number of opinion expressions: 6
	Number of opinion targets: 4
	Number of characters of the text: 312
Processing file /home/izquierdo/data/opinion_annotations_es/kaf/hotel/spanish00169_e9a1a49e1dcdff27b7e0398306a55d64.kaf
	Number of opinion expressions: 10
	Number of opinion targets: 8
	Number of characters of the text: 545
Processing file /home/izquierdo/data/opinion_annotations_es/kaf/hotel/spanish00211_ec203b621cad3de2013bcc3d5b286942.kaf
	Number of opinion expressions: 11
	Number of opinion targets: 8
	Number of characters of the text: 552
Processing file /home/izquierdo/data/opinion_annotations_es/kaf/hotel/spanish00134_a12288b61bcb4d1c11e9bc5b71293207.kaf
	Number of opinion expressions: 8
	Number of opinion targets: 6
	Number of characters of the text: 622
Processing file /home/izquierdo/data/opinion_annotations_es/kaf/hotel/spanish00018_133d0bc86467be5063de7a6d00cc90d4.kaf
	Number of opinion expressions: 17
	Number of opinion targets: 12
	Number of characters of the text: 794
Processing file /home/izquierdo/data/opinion_annotations_es/kaf/hotel/spanish00048_48f6669c0284cb702bc513a116936e69.kaf
	Number of opinion expressions: 7
	Number of opinion targets: 4
	Number of characters of the text: 225
Processing file /home/izquierdo/data/opinion_annotations_es/kaf/hotel/spanish00076_53fe0c069b15355350eb6e8e937a8ed8.kaf
	Number of opinion expressions: 14
	Number of opinion targets: 19
	Number of characters of the text: 650
Processing file /home/izquierdo/data/opinion_annotations_es/kaf/hotel/spanish00054_3ec5470f2900a98af32da15f06b77a4f.kaf
	Number of opinion expressions: 16
	Number of opinion targets: 11
	Number of characters of the text: 891
Processing file /home/izquierdo/data/opinion_annotations_es/kaf/hotel/spanish00226_fc303a5ce8960bb04c67c9cf18a5dbbc.kaf
	Number of opinion expressions: 6
	Number of opinion targets: 6
	Number of characters of the text: 307
Processing file /home/izquierdo/data/opinion_annotations_es/kaf/hotel/spanish00105_80c7b7196dce08d381430765a06ed626.kaf
	Number of opinion expressions: 3
	Number of opinion targets: 3
	Number of characters of the text: 313
Processing file /home/izquierdo/data/opinion_annotations_es/kaf/hotel/spanish00102_9993bef651106b8b811c517c8fd6eaa7.kaf
	Number of opinion expressions: 6
	Number of opinion targets: 5
	Number of characters of the text: 241
Processing file /home/izquierdo/data/opinion_annotations_es/kaf/hotel/spanish00106_812457aa48fd6d31e41fcc8290b7e205.kaf
	Number of opinion expressions: 15
	Number of opinion targets: 11
	Number of characters of the text: 679
Processing file /home/izquierdo/data/opinion_annotations_es/kaf/hotel/spanish00067_4b33fe2504015a963c21469165fad4b3.kaf
	Number of opinion expressions: 4
	Number of opinion targets: 5
	Number of characters of the text: 638
Processing file /home/izquierdo/data/opinion_annotations_es/kaf/hotel/spanish00031_21c1e3e8f1901d6df6cc82e252c87f8d.kaf
	Number of opinion expressions: 8
	Number of opinion targets: 6
	Number of characters of the text: 239
Processing file /home/izquierdo/data/opinion_annotations_es/kaf/hotel/spanish00007_07bd22d54d3c8c11e1672e1b373f1e25.kaf
	Number of opinion expressions: 7
	Number of opinion targets: 7
	Number of characters of the text: 254
Processing file /home/izquierdo/data/opinion_annotations_es/kaf/hotel/spanish00131_b9b488fa3c6344e5df9701fe7489270e.kaf
	Number of opinion expressions: 9
	Number of opinion targets: 7
	Number of characters of the text: 500
Processing file /home/izquierdo/data/opinion_annotations_es/kaf/hotel/spanish00209_eb5e9c148854747300a514fc5d52b554.kaf
	Number of opinion expressions: 8
	Number of opinion targets: 8
	Number of characters of the text: 519
Processing file /home/izquierdo/data/opinion_annotations_es/kaf/hotel/spanish00108_84f8c73f6a074a81302269652745d99d.kaf
	Number of opinion expressions: 7
	Number of opinion targets: 15
	Number of characters of the text: 643
Processing file /home/izquierdo/data/opinion_annotations_es/kaf/hotel/spanish00065_4b1859e096e261afc790e3df1e2650b8.kaf
	Number of opinion expressions: 2
	Number of opinion targets: 2
	Number of characters of the text: 510
Processing file /home/izquierdo/data/opinion_annotations_es/kaf/hotel/spanish00060_47a09b8dab36f4362a98493ef686e4f9.kaf
	Number of opinion expressions: 8
	Number of opinion targets: 10
	Number of characters of the text: 511
Processing file /home/izquierdo/data/opinion_annotations_es/kaf/hotel/spanish00042_3c2b0d140e7ff12670e821bed340fd58.kaf
	Number of opinion expressions: 4
	Number of opinion targets: 4
	Number of characters of the text: 245
Processing file /home/izquierdo/data/opinion_annotations_es/kaf/hotel/spanish00149_b20ab4007a53d36f16bd2186ea81a6ab.kaf
	Number of opinion expressions: 6
	Number of opinion targets: 6
	Number of characters of the text: 261
Processing file /home/izquierdo/data/opinion_annotations_es/kaf/hotel/spanish00152_d4b88b36514fa962ee080d7a0db389ea.kaf
	Number of opinion expressions: 6
	Number of opinion targets: 6
	Number of characters of the text: 223
Processing file /home/izquierdo/data/opinion_annotations_es/kaf/hotel/spanish00016_0f801316274587212815c05480a6369b.kaf
	Number of opinion expressions: 7
	Number of opinion targets: 7
	Number of characters of the text: 294
Processing file /home/izquierdo/data/opinion_annotations_es/kaf/hotel/spanish00002_01d389152315fc9ab76ca123987666dd.kaf
	Number of opinion expressions: 8
	Number of opinion targets: 6
	Number of characters of the text: 845
Processing file /home/izquierdo/data/opinion_annotations_es/kaf/hotel/spanish00071_4c24903c8118cee6e55797ed99a71b34.kaf
	Number of opinion expressions: 10
	Number of opinion targets: 9
	Number of characters of the text: 840
Processing file /home/izquierdo/data/opinion_annotations_es/kaf/hotel/spanish00025_1a1d747fd8cc967b6f835e9f9b5e7b37.kaf
	Number of opinion expressions: 10
	Number of opinion targets: 12
	Number of characters of the text: 840
Processing file /home/izquierdo/data/opinion_annotations_es/kaf/hotel/spanish00039_2e83b332ae38d67170ea34c6f323b1d7.kaf
	Number of opinion expressions: 6
	Number of opinion targets: 5
	Number of characters of the text: 262
Processing file /home/izquierdo/data/opinion_annotations_es/kaf/hotel/spanish00194_d948af0b61cdf43574289c710a4d26de.kaf
	Number of opinion expressions: 20
	Number of opinion targets: 18
	Number of characters of the text: 898
Processing file /home/izquierdo/data/opinion_annotations_es/kaf/hotel/spanish00175_edad12967724558d4d79c1070b169417.kaf
	Number of opinion expressions: 6
	Number of opinion targets: 6
	Number of characters of the text: 318
Processing file /home/izquierdo/data/opinion_annotations_es/kaf/hotel/spanish00140_c8b0416e9712b01b6cc94da872ef8899.kaf
	Number of opinion expressions: 8
	Number of opinion targets: 5
	Number of characters of the text: 253
Processing file /home/izquierdo/data/opinion_annotations_es/kaf/hotel/spanish00010_09cbd72e551b3c816e0931faf1e5ea27.kaf
	Number of opinion expressions: 10
	Number of opinion targets: 10
	Number of characters of the text: 655
Processing file /home/izquierdo/data/opinion_annotations_es/kaf/hotel/spanish00138_a63d89d6552f34a6ba09b69bffd8b9bb.kaf
	Number of opinion expressions: 9
	Number of opinion targets: 5
	Number of characters of the text: 581
Processing file /home/izquierdo/data/opinion_annotations_es/kaf/hotel/spanish00009_08bd28d0986e7c95162b9b489e88a2c8.kaf
	Number of opinion expressions: 6
	Number of opinion targets: 6
	Number of characters of the text: 234
Processing file /home/izquierdo/data/opinion_annotations_es/kaf/hotel/spanish00127_9be13092e7334ae1013568f659ca1bfa.kaf
	Number of opinion expressions: 16
	Number of opinion targets: 15
	Number of characters of the text: 779
Processing file /home/izquierdo/data/opinion_annotations_es/kaf/hotel/spanish00163_ba231ec60843f04782f00ec9502688f4.kaf
	Number of opinion expressions: 22
	Number of opinion targets: 17
	Number of characters of the text: 726
Processing file /home/izquierdo/data/opinion_annotations_es/kaf/hotel/spanish00092_8dec41bff6768e19ab2868ceecbbf103.kaf
	Number of opinion expressions: 7
	Number of opinion targets: 4
	Number of characters of the text: 235
Processing file /home/izquierdo/data/opinion_annotations_es/kaf/hotel/spanish00074_4ec93fc3e6c91e2e86086830b7a3eb7c.kaf
	Number of opinion expressions: 11
	Number of opinion targets: 10
	Number of characters of the text: 717
Processing file /home/izquierdo/data/opinion_annotations_es/kaf/hotel/spanish00026_1985ee02c71e67b429997b5c0120c30b.kaf
	Number of opinion expressions: 5
	Number of opinion targets: 5
	Number of characters of the text: 211
Processing file /home/izquierdo/data/opinion_annotations_es/kaf/hotel/spanish00208_e9a1a49e1dcdff27b7e0398306a55d64.kaf
	Number of opinion expressions: 11
	Number of opinion targets: 8
	Number of characters of the text: 545
Processing file /home/izquierdo/data/opinion_annotations_es/kaf/hotel/spanish00036_258b95701b92764de001cb49bf4011b1.kaf
	Number of opinion expressions: 11
	Number of opinion targets: 10
	Number of characters of the text: 435
Processing file /home/izquierdo/data/opinion_annotations_es/kaf/hotel/spanish00120_ac11c08ee02ebd746c20f7d2a233d105.kaf
	Number of opinion expressions: 17
	Number of opinion targets: 14
	Number of characters of the text: 596
Processing file /home/izquierdo/data/opinion_annotations_es/kaf/hotel/spanish00179_f2ac6b067bf3b025ebbf97ca6369a21e.kaf
	Number of opinion expressions: 16
	Number of opinion targets: 15
	Number of characters of the text: 476
Processing file /home/izquierdo/data/opinion_annotations_es/kaf/hotel/spanish00119_94ebe77e4aa71f62db69947e4def07ca.kaf
	Number of opinion expressions: 7
	Number of opinion targets: 6
	Number of characters of the text: 208
Processing file /home/izquierdo/data/opinion_annotations_es/kaf/hotel/spanish00059_581f463edc025763d6ae5f422d7368b5.kaf
	Number of opinion expressions: 12
	Number of opinion targets: 11
	Number of characters of the text: 859
Processing file /home/izquierdo/data/opinion_annotations_es/kaf/hotel/spanish00018_114a5c5520e1d4f4dc5f64b28cd1c833.kaf
	Number of opinion expressions: 7
	Number of opinion targets: 8
	Number of characters of the text: 277
Processing file /home/izquierdo/data/opinion_annotations_es/kaf/hotel/spanish00063_637b892de041ea8480e58f97e8a8c91b.kaf
	Number of opinion expressions: 4
	Number of opinion targets: 6
	Number of characters of the text: 224
Processing file /home/izquierdo/data/opinion_annotations_es/kaf/hotel/spanish00159_b86a874820c8688f4e9095647e9dda72.kaf
	Number of opinion expressions: 9
	Number of opinion targets: 12
	Number of characters of the text: 706
Processing file /home/izquierdo/data/opinion_annotations_es/kaf/hotel/spanish00107_9c96f6307b579533f371b75e47b07473.kaf
	Number of opinion expressions: 6
	Number of opinion targets: 5
	Number of characters of the text: 233
Processing file /home/izquierdo/data/opinion_annotations_es/kaf/hotel/spanish00150_b214f374ada4dd0b12319c2c25a88ce0.kaf
	Number of opinion expressions: 10
	Number of opinion targets: 8
	Number of characters of the text: 435
Processing file /home/izquierdo/data/opinion_annotations_es/kaf/hotel/spanish00177_f20efdb656229df0a9f7118471e4e884.kaf
	Number of opinion expressions: 12
	Number of opinion targets: 12
	Number of characters of the text: 411
Processing file /home/izquierdo/data/opinion_annotations_es/kaf/hotel/spanish00193_d926230cffbe5e2010abf0c5a5b65a04.kaf
	Number of opinion expressions: 9
	Number of opinion targets: 9
	Number of characters of the text: 374
Processing file /home/izquierdo/data/opinion_annotations_es/kaf/hotel/spanish00091_8d1f866f0f62993fd8433ef7a70842b8.kaf
	Number of opinion expressions: 5
	Number of opinion targets: 13
	Number of characters of the text: 281
Processing file /home/izquierdo/data/opinion_annotations_es/kaf/hotel/spanish00172_eb874ef381a1f454d77c742f3f8dfdbc.kaf
	Number of opinion expressions: 7
	Number of opinion targets: 5
	Number of characters of the text: 285
Processing file /home/izquierdo/data/opinion_annotations_es/kaf/hotel/spanish00079_740835ec96ce6a24f0c7b114e757f1d6.kaf
	Number of opinion expressions: 15
	Number of opinion targets: 14
	Number of characters of the text: 631
Processing file /home/izquierdo/data/opinion_annotations_es/kaf/hotel/spanish00044_3f4fc0639d406cb441637348ca6069b7.kaf
	Number of opinion expressions: 8
	Number of opinion targets: 10
	Number of characters of the text: 392
Processing file /home/izquierdo/data/opinion_annotations_es/kaf/hotel/spanish00009_09bc8df9f09056de5554df501b0036d1.kaf
	Number of opinion expressions: 3
	Number of opinion targets: 3
	Number of characters of the text: 546
Processing file /home/izquierdo/data/opinion_annotations_es/kaf/hotel/spanish00096_740835ec96ce6a24f0c7b114e757f1d6.kaf
	Number of opinion expressions: 15
	Number of opinion targets: 13
	Number of characters of the text: 631
Processing file /home/izquierdo/data/opinion_annotations_es/kaf/hotel/spanish00116_8e13c243838e8810fbba3ac179d6eb59.kaf
	Number of opinion expressions: 9
	Number of opinion targets: 7
	Number of characters of the text: 369
Processing file /home/izquierdo/data/opinion_annotations_es/kaf/hotel/spanish00097_907b03c7b12ed65dde2c75aa46423198.kaf
	Number of opinion expressions: 6
	Number of opinion targets: 4
	Number of characters of the text: 346
Processing file /home/izquierdo/data/opinion_annotations_es/kaf/hotel/spanish00146_cd49456e6e7ba91e3bf6e734376f33fc.kaf
	Number of opinion expressions: 14
	Number of opinion targets: 11
	Number of characters of the text: 478
Processing file /home/izquierdo/data/opinion_annotations_es/kaf/hotel/spanish00148_d154aa004fbf29dec34b2d9f3b59a3ba.kaf
	Number of opinion expressions: 6
	Number of opinion targets: 6
	Number of characters of the text: 214
Processing file /home/izquierdo/data/opinion_annotations_es/kaf/hotel/spanish00084_663bd59bdb774e9cf622a49b4da8b27a.kaf
	Number of opinion expressions: 14
	Number of opinion targets: 12
	Number of characters of the text: 846
Processing file /home/izquierdo/data/opinion_annotations_es/kaf/hotel/spanish00129_9d46b38a281b96da2ce9c24a73e018b1.kaf
	Number of opinion expressions: 20
	Number of opinion targets: 11
	Number of characters of the text: 583
Processing file /home/izquierdo/data/opinion_annotations_es/kaf/hotel/spanish00153_d6542714f263e978fe55b9f2cbd923a5.kaf
	Number of opinion expressions: 7
	Number of opinion targets: 5
	Number of characters of the text: 227
Processing file /home/izquierdo/data/opinion_annotations_es/kaf/hotel/spanish00059_46f418f2c5de0c30bb42d25a64cfe6ad.kaf
	Number of opinion expressions: 13
	Number of opinion targets: 11
	Number of characters of the text: 606
Processing file /home/izquierdo/data/opinion_annotations_es/kaf/hotel/spanish00095_730a7087327296a55111c233288c284f.kaf
	Number of opinion expressions: 3
	Number of opinion targets: 3
	Number of characters of the text: 278
Processing file /home/izquierdo/data/opinion_annotations_es/kaf/hotel/spanish00004_032e4ccb1a5d3298a175d89f7dae0d92.kaf
	Number of opinion expressions: 3
	Number of opinion targets: 4
	Number of characters of the text: 235
Processing file /home/izquierdo/data/opinion_annotations_es/kaf/hotel/spanish00215_eecf2857f83f859ca3c3038add891cb6.kaf
	Number of opinion expressions: 15
	Number of opinion targets: 10
	Number of characters of the text: 539
Processing file /home/izquierdo/data/opinion_annotations_es/kaf/hotel/spanish00179_c979608c748bf9aefbb7dd5bc98bb536.kaf
	Number of opinion expressions: 20
	Number of opinion targets: 17
	Number of characters of the text: 805
Processing file /home/izquierdo/data/opinion_annotations_es/kaf/hotel/spanish00020_15f96e1f9972ae67b8a522c01589535b.kaf
	Number of opinion expressions: 15
	Number of opinion targets: 11
	Number of characters of the text: 607
Processing file /home/izquierdo/data/opinion_annotations_es/kaf/hotel/spanish00110_a0b173f20342c39d06cc58bb32aa8102.kaf
	Number of opinion expressions: 9
	Number of opinion targets: 8
	Number of characters of the text: 305
Processing file /home/izquierdo/data/opinion_annotations_es/kaf/hotel/spanish00123_982f413408102fb2dbd475a403015553.kaf
	Number of opinion expressions: 8
	Number of opinion targets: 7
	Number of characters of the text: 252
Processing file /home/izquierdo/data/opinion_annotations_es/kaf/hotel/spanish00060_5926791520174519ad5789f77c186191.kaf
	Number of opinion expressions: 8
	Number of opinion targets: 5
	Number of characters of the text: 213
Processing file /home/izquierdo/data/opinion_annotations_es/kaf/hotel/spanish00076_6f39971bf0a795b47d369cd4c37b57bc.kaf
	Number of opinion expressions: 6
	Number of opinion targets: 5
	Number of characters of the text: 222
Processing file /home/izquierdo/data/opinion_annotations_es/kaf/hotel/spanish00070_4c2166770740b62e82d90136f0abba64.kaf
	Number of opinion expressions: 10
	Number of opinion targets: 8
	Number of characters of the text: 333
Processing file /home/izquierdo/data/opinion_annotations_es/kaf/hotel/spanish00104_99f7a5b13fce2d8f5cfddd3c20c715cd.kaf
	Number of opinion expressions: 10
	Number of opinion targets: 10
	Number of characters of the text: 484
Processing file /home/izquierdo/data/opinion_annotations_es/kaf/hotel/spanish00162_e05788c9b6e17238646ce276aebdda05.kaf
	Number of opinion expressions: 11
	Number of opinion targets: 6
	Number of characters of the text: 337
Processing file /home/izquierdo/data/opinion_annotations_es/kaf/hotel/spanish00120_94ffc2ae2b49e658b811654f1b2ab2ad.kaf
	Number of opinion expressions: 13
	Number of opinion targets: 11
	Number of characters of the text: 569
Processing file /home/izquierdo/data/opinion_annotations_es/kaf/hotel/spanish00008_08135830a9ed18662a1d5ede59dcdb9f.kaf
	Number of opinion expressions: 12
	Number of opinion targets: 9
	Number of characters of the text: 729
Processing file /home/izquierdo/data/opinion_annotations_es/kaf/hotel/spanish00137_c22df89780ed0252f6326857ad27e72a.kaf
	Number of opinion expressions: 6
	Number of opinion targets: 6
	Number of characters of the text: 229
Processing file /home/izquierdo/data/opinion_annotations_es/kaf/hotel/spanish00200_e31a950413ce5381e23e037e1f3c5646.kaf
	Number of opinion expressions: 12
	Number of opinion targets: 10
	Number of characters of the text: 659
Processing file /home/izquierdo/data/opinion_annotations_es/kaf/hotel/spanish00070_6a9ab388812fb4ca6dd337ecafa12113.kaf
	Number of opinion expressions: 16
	Number of opinion targets: 13
	Number of characters of the text: 704
Processing file /home/izquierdo/data/opinion_annotations_es/kaf/hotel/spanish00145_ac3a12be749f5814a149835fb63f5ccb.kaf
	Number of opinion expressions: 8
	Number of opinion targets: 5
	Number of characters of the text: 303
Processing file /home/izquierdo/data/opinion_annotations_es/kaf/hotel/spanish00016_0e6d82c437346b5e6af093b2eeaaafa7.kaf
	Number of opinion expressions: 6
	Number of opinion targets: 9
	Number of characters of the text: 241
Processing file /home/izquierdo/data/opinion_annotations_es/kaf/hotel/spanish00063_4a9e4b46be498bd2a02958f4ca1cd788.kaf
	Number of opinion expressions: 9
	Number of opinion targets: 6
	Number of characters of the text: 771
Processing file /home/izquierdo/data/opinion_annotations_es/kaf/hotel/spanish00099_91c3ee6e9da51c966b04c1be7af17fee.kaf
	Number of opinion expressions: 6
	Number of opinion targets: 6
	Number of characters of the text: 246
Processing file /home/izquierdo/data/opinion_annotations_es/kaf/hotel/spanish00038_2e1aa42e31b48ac566f96ebe2628f963.kaf
	Number of opinion expressions: 8
	Number of opinion targets: 6
	Number of characters of the text: 239
Processing file /home/izquierdo/data/opinion_annotations_es/kaf/hotel/spanish00150_d23021e0dedbfc698e79f79675b3fb38.kaf
	Number of opinion expressions: 3
	Number of opinion targets: 2
	Number of characters of the text: 254
Processing file /home/izquierdo/data/opinion_annotations_es/kaf/hotel/spanish00112_a1a0a5a9162ea6806e7b2aa61845b53b.kaf
	Number of opinion expressions: 25
	Number of opinion targets: 16
	Number of characters of the text: 795
Processing file /home/izquierdo/data/opinion_annotations_es/kaf/hotel/spanish00104_7f1c72b8fd7f338f914148d85e3836ab.kaf
	Number of opinion expressions: 14
	Number of opinion targets: 11
	Number of characters of the text: 741
Processing file /home/izquierdo/data/opinion_annotations_es/kaf/hotel/spanish00229_fe41d18b6c37a90860bfca063940b8cd.kaf
	Number of opinion expressions: 15
	Number of opinion targets: 9
	Number of characters of the text: 575
Processing file /home/izquierdo/data/opinion_annotations_es/kaf/hotel/spanish00118_a71e230e6dea90242fbf7d7572512e8e.kaf
	Number of opinion expressions: 8
	Number of opinion targets: 6
	Number of characters of the text: 222
Processing file /home/izquierdo/data/opinion_annotations_es/kaf/hotel/spanish00204_e691f9d2c24449956c2c8f2f1bdcea81.kaf
	Number of opinion expressions: 0
	Number of opinion targets: 0
	Number of characters of the text: 607
Processing file /home/izquierdo/data/opinion_annotations_es/kaf/hotel/spanish00057_57712ebce4c17a18df4020cb42f095e6.kaf
	Number of opinion expressions: 5
	Number of opinion targets: 3
	Number of characters of the text: 388
Processing file /home/izquierdo/data/opinion_annotations_es/kaf/hotel/spanish00149_d21fa11d31d3c2c972d0753eaca94e13.kaf
	Number of opinion expressions: 9
	Number of opinion targets: 8
	Number of characters of the text: 283
Processing file /home/izquierdo/data/opinion_annotations_es/kaf/hotel/spanish00077_584ba167bbcb2791d17368d4d1f816fd.kaf
	Number of opinion expressions: 7
	Number of opinion targets: 6
	Number of characters of the text: 213
Processing file /home/izquierdo/data/opinion_annotations_es/kaf/hotel/spanish00144_cb31fc812f8eb2182133eddb0a916aa0.kaf
	Number of opinion expressions: 5
	Number of opinion targets: 3
	Number of characters of the text: 215
Processing file /home/izquierdo/data/opinion_annotations_es/kaf/hotel/spanish00126_9a8f07f91d0950d0b4db61313579030e.kaf
	Number of opinion expressions: 5
	Number of opinion targets: 4
	Number of characters of the text: 256
Processing file /home/izquierdo/data/opinion_annotations_es/kaf/hotel/spanish00168_bc642a37cb7cc88004be5eaeadb1a1d3.kaf
	Number of opinion expressions: 13
	Number of opinion targets: 20
	Number of characters of the text: 618
Processing file /home/izquierdo/data/opinion_annotations_es/kaf/hotel/spanish00082_6136d489a24d3549b2154d03e12b6e78.kaf
	Number of opinion expressions: 3
	Number of opinion targets: 2
	Number of characters of the text: 737
Processing file /home/izquierdo/data/opinion_annotations_es/kaf/hotel/spanish00055_53e7fba775b2c845b32a4f6ec4e224af.kaf
	Number of opinion expressions: 11
	Number of opinion targets: 7
	Number of characters of the text: 398
Processing file /home/izquierdo/data/opinion_annotations_es/kaf/hotel/spanish00144_ab3b74bb9c0aeb06f06e0d267c4bc2d5.kaf
	Number of opinion expressions: 7
	Number of opinion targets: 8
	Number of characters of the text: 719
Processing file /home/izquierdo/data/opinion_annotations_es/kaf/hotel/spanish00027_1d3f12db334bef43e46320fdce924042.kaf
	Number of opinion expressions: 6
	Number of opinion targets: 7
	Number of characters of the text: 256
Processing file /home/izquierdo/data/opinion_annotations_es/kaf/hotel/spanish00143_ca5660efbce9b5cc8157509d36b6f891.kaf
	Number of opinion expressions: 6
	Number of opinion targets: 8
	Number of characters of the text: 274
Processing file /home/izquierdo/data/opinion_annotations_es/kaf/hotel/spanish00139_c316a763ce17f22144ae66a16aba8143.kaf
	Number of opinion expressions: 12
	Number of opinion targets: 12
	Number of characters of the text: 823
Processing file /home/izquierdo/data/opinion_annotations_es/kaf/hotel/spanish00064_63a2037ab07bfdf5594cf71e21ca4f36.kaf
	Number of opinion expressions: 7
	Number of opinion targets: 6
	Number of characters of the text: 221
Processing file /home/izquierdo/data/opinion_annotations_es/kaf/hotel/spanish00210_ebcdfd84cdf559716cce82043dad2121.kaf
	Number of opinion expressions: 15
	Number of opinion targets: 7
	Number of characters of the text: 805
Processing file /home/izquierdo/data/opinion_annotations_es/kaf/hotel/spanish00164_e0e9ddfe1137f507c9f97d4f935982e1.kaf
	Number of opinion expressions: 5
	Number of opinion targets: 6
	Number of characters of the text: 268
Processing file /home/izquierdo/data/opinion_annotations_es/kaf/hotel/spanish00075_53cfce87414fd55c63ccbea3cfa5e6cc.kaf
	Number of opinion expressions: 13
	Number of opinion targets: 13
	Number of characters of the text: 416
Processing file /home/izquierdo/data/opinion_annotations_es/kaf/hotel/spanish00175_c5581fcdc2ea4acce334b2d183e32a0f.kaf
	Number of opinion expressions: 12
	Number of opinion targets: 6
	Number of characters of the text: 335
Processing file /home/izquierdo/data/opinion_annotations_es/kaf/hotel/spanish00093_7232a851354c9108097b296631a25de8.kaf
	Number of opinion expressions: 16
	Number of opinion targets: 13
	Number of characters of the text: 607
Processing file /home/izquierdo/data/opinion_annotations_es/kaf/hotel/spanish00030_20f05d68a87b594edee75d6538e4b8f7.kaf
	Number of opinion expressions: 7
	Number of opinion targets: 10
	Number of characters of the text: 347
Processing file /home/izquierdo/data/opinion_annotations_es/kaf/hotel/spanish00145_cb759f0c83445611c480895d0e80b364.kaf
	Number of opinion expressions: 7
	Number of opinion targets: 7
	Number of characters of the text: 360
Processing file /home/izquierdo/data/opinion_annotations_es/kaf/hotel/spanish00159_db07e12c4d485854d9af358b3c1ef1dc.kaf
	Number of opinion expressions: 5
	Number of opinion targets: 4
	Number of characters of the text: 234
Processing file /home/izquierdo/data/opinion_annotations_es/kaf/hotel/spanish00133_9e85e64df39a7ef822291ec0542acd6e.kaf
	Number of opinion expressions: 8
	Number of opinion targets: 7
	Number of characters of the text: 288
Processing file /home/izquierdo/data/opinion_annotations_es/kaf/hotel/spanish00050_4b28902d599bc8786d6c0738dfbe4a6c.kaf
	Number of opinion expressions: 5
	Number of opinion targets: 4
	Number of characters of the text: 238
Processing file /home/izquierdo/data/opinion_annotations_es/kaf/hotel/spanish00080_5ed54cf0010e2273bfaa0a1650c8060b.kaf
	Number of opinion expressions: 12
	Number of opinion targets: 11
	Number of characters of the text: 651
Processing file /home/izquierdo/data/opinion_annotations_es/kaf/hotel/spanish00050_399bb236d86ed0ce74a1c6785780e4d2.kaf
	Number of opinion expressions: 19
	Number of opinion targets: 10
	Number of characters of the text: 770
Processing file /home/izquierdo/data/opinion_annotations_es/kaf/hotel/spanish00069_6906d80709477608cc33f773d3a2fd74.kaf
	Number of opinion expressions: 7
	Number of opinion targets: 3
	Number of characters of the text: 215
Processing file /home/izquierdo/data/opinion_annotations_es/kaf/hotel/spanish00038_27473881cf86ca900945cec7f915faa5.kaf
	Number of opinion expressions: 14
	Number of opinion targets: 15
	Number of characters of the text: 875
Processing file /home/izquierdo/data/opinion_annotations_es/kaf/hotel/spanish00124_996a2199fec0d2999082b3fb5ff29741.kaf
	Number of opinion expressions: 4
	Number of opinion targets: 2
	Number of characters of the text: 814
Processing file /home/izquierdo/data/opinion_annotations_es/kaf/hotel/spanish00164_ba63faf1765a6b8ba8dc6d646d9d8a3c.kaf
	Number of opinion expressions: 18
	Number of opinion targets: 13
	Number of characters of the text: 681
Processing file /home/izquierdo/data/opinion_annotations_es/kaf/hotel/spanish00186_d3cdb9f32241c8765c81c5a754b6eb12.kaf
	Number of opinion expressions: 9
	Number of opinion targets: 10
	Number of characters of the text: 619
Processing file /home/izquierdo/data/opinion_annotations_es/kaf/hotel/spanish00044_2ef35014d912fe742e24a997eae6b1d2.kaf
	Number of opinion expressions: 8
	Number of opinion targets: 5
	Number of characters of the text: 221
Processing file /home/izquierdo/data/opinion_annotations_es/kaf/hotel/spanish00087_8370060afa2f9a3a12e5a9e22e2d1304.kaf
	Number of opinion expressions: 5
	Number of opinion targets: 5
	Number of characters of the text: 210
Processing file /home/izquierdo/data/opinion_annotations_es/kaf/hotel/spanish00196_dba3a9bd1f6f0d5a8aa1a870bfc7572f.kaf
	Number of opinion expressions: 16
	Number of opinion targets: 8
	Number of characters of the text: 629
Processing file /home/izquierdo/data/opinion_annotations_es/kaf/hotel/spanish00048_37bc75d396644985603e9f23a32c34ac.kaf
	Number of opinion expressions: 7
	Number of opinion targets: 5
	Number of characters of the text: 214
Processing file /home/izquierdo/data/opinion_annotations_es/kaf/hotel/spanish00212_ec3cc522f4f126414e7e1548e505eb79.kaf
	Number of opinion expressions: 12
	Number of opinion targets: 12
	Number of characters of the text: 734
Processing file /home/izquierdo/data/opinion_annotations_es/kaf/hotel/spanish00172_bf69ca6910c0aa687b0eab91d0353fd1.kaf
	Number of opinion expressions: 15
	Number of opinion targets: 14
	Number of characters of the text: 696
Processing file /home/izquierdo/data/opinion_annotations_es/kaf/hotel/spanish00190_d69572427a3f0e4647fd43956c077db6.kaf
	Number of opinion expressions: 15
	Number of opinion targets: 13
	Number of characters of the text: 693
Processing file /home/izquierdo/data/opinion_annotations_es/kaf/hotel/spanish00035_23cb84b546ee2a0419379c4914341985.kaf
	Number of opinion expressions: 6
	Number of opinion targets: 5
	Number of characters of the text: 365
Processing file /home/izquierdo/data/opinion_annotations_es/kaf/hotel/spanish00182_cfcb5709d70b220be597df9c362f22a0.kaf
	Number of opinion expressions: 9
	Number of opinion targets: 6
	Number of characters of the text: 267
Processing file /home/izquierdo/data/opinion_annotations_es/kaf/hotel/spanish00056_54fb0d9e9b187789001e146b92005ce9.kaf
	Number of opinion expressions: 8
	Number of opinion targets: 7
	Number of characters of the text: 291
Processing file /home/izquierdo/data/opinion_annotations_es/kaf/hotel/spanish00043_2e61c5560093b283db8b4bc444b29bc5.kaf
	Number of opinion expressions: 14
	Number of opinion targets: 8
	Number of characters of the text: 627
Processing file /home/izquierdo/data/opinion_annotations_es/kaf/hotel/spanish00056_405a8a786911644d9280930d8d2e0423.kaf
	Number of opinion expressions: 15
	Number of opinion targets: 17
	Number of characters of the text: 707
Processing file /home/izquierdo/data/opinion_annotations_es/kaf/hotel/spanish00031_218e191f2d48823c5e45c938d526e64a.kaf
	Number of opinion expressions: 8
	Number of opinion targets: 9
	Number of characters of the text: 388
Processing file /home/izquierdo/data/opinion_annotations_es/kaf/hotel/spanish00039_275b41f781528742899194f3b1df6d80.kaf
	Number of opinion expressions: 12
	Number of opinion targets: 7
	Number of characters of the text: 652
Processing file /home/izquierdo/data/opinion_annotations_es/kaf/hotel/spanish00028_2006c749eeb762d69b8044c0a5a108cb.kaf
	Number of opinion expressions: 13
	Number of opinion targets: 11
	Number of characters of the text: 623
Processing file /home/izquierdo/data/opinion_annotations_es/kaf/hotel/spanish00147_d1265ad4ff103d25b9f9968f7b462176.kaf
	Number of opinion expressions: 6
	Number of opinion targets: 3
	Number of characters of the text: 245
Processing file /home/izquierdo/data/opinion_annotations_es/kaf/hotel/spanish00132_9e800a35758865cc89d9588303c3c2f1.kaf
	Number of opinion expressions: 10
	Number of opinion targets: 10
	Number of characters of the text: 622
Processing file /home/izquierdo/data/opinion_annotations_es/kaf/hotel/spanish00154_b5de4e59d09316c2834e49b5ade27588.kaf
	Number of opinion expressions: 18
	Number of opinion targets: 16
	Number of characters of the text: 695
Processing file /home/izquierdo/data/opinion_annotations_es/kaf/hotel/spanish00231_ff8d7345fe70a806168c98e91643a57d.kaf
	Number of opinion expressions: 13
	Number of opinion targets: 11
	Number of characters of the text: 639
Processing file /home/izquierdo/data/opinion_annotations_es/kaf/hotel/spanish00003_0345b9bf71dd687bd10a7c48e48dcb55.kaf
	Number of opinion expressions: 17
	Number of opinion targets: 15
	Number of characters of the text: 608
Processing file /home/izquierdo/data/opinion_annotations_es/kaf/hotel/spanish00160_db96e3baad91fe012faee296c9003e02.kaf
	Number of opinion expressions: 7
	Number of opinion targets: 5
	Number of characters of the text: 262
Processing file /home/izquierdo/data/opinion_annotations_es/kaf/hotel/spanish00115_a2600309d91dc85e3b6f2e6d1887917e.kaf
	Number of opinion expressions: 8
	Number of opinion targets: 8
	Number of characters of the text: 312
Processing file /home/izquierdo/data/opinion_annotations_es/kaf/hotel/spanish00158_da792bcd38f6b44b4946b04483bbcaae.kaf
	Number of opinion expressions: 11
	Number of opinion targets: 6
	Number of characters of the text: 369
Processing file /home/izquierdo/data/opinion_annotations_es/kaf/hotel/spanish00089_8bd6d4f821febdd78c091a964d839ec7.kaf
	Number of opinion expressions: 11
	Number of opinion targets: 7
	Number of characters of the text: 537
Processing file /home/izquierdo/data/opinion_annotations_es/kaf/hotel/spanish00020_129a006636a82666eaa8c20ab6bc6764.kaf
	Number of opinion expressions: 5
	Number of opinion targets: 3
	Number of characters of the text: 171
Processing file /home/izquierdo/data/opinion_annotations_es/kaf/hotel/spanish00174_c39f52242f65d17f4997e95129afa2c3.kaf
	Number of opinion expressions: 15
	Number of opinion targets: 8
	Number of characters of the text: 624
Processing file /home/izquierdo/data/opinion_annotations_es/kaf/hotel/spanish00178_f27a5b86c91b0c256ba36079d230a29a.kaf
	Number of opinion expressions: 8
	Number of opinion targets: 8
	Number of characters of the text: 525
Processing file /home/izquierdo/data/opinion_annotations_es/kaf/hotel/spanish00183_d0bb064ef495874f884abe525eba3034.kaf
	Number of opinion expressions: 7
	Number of opinion targets: 6
	Number of characters of the text: 385
Processing file /home/izquierdo/data/opinion_annotations_es/kaf/hotel/spanish00161_dde65b9bafc35b5dc8dbc362a2d76ca4.kaf
	Number of opinion expressions: 6
	Number of opinion targets: 5
	Number of characters of the text: 220
Processing file /home/izquierdo/data/opinion_annotations_es/kaf/hotel/spanish00074_6d6e21692a51fca4c9c961fac8fb3d43.kaf
	Number of opinion expressions: 8
	Number of opinion targets: 3
	Number of characters of the text: 330
Processing file /home/izquierdo/data/opinion_annotations_es/kaf/hotel/spanish00029_208cba694eee5067b767c89d6f40c08b.kaf
	Number of opinion expressions: 9
	Number of opinion targets: 7
	Number of characters of the text: 671
Processing file /home/izquierdo/data/opinion_annotations_es/kaf/hotel/spanish00108_9efedc9e4058c0e426c93359b92a0786.kaf
	Number of opinion expressions: 6
	Number of opinion targets: 7
	Number of characters of the text: 226
Processing file /home/izquierdo/data/opinion_annotations_es/kaf/hotel/spanish00027_19fb36494ab339924c3174fcb9e99a13.kaf
	Number of opinion expressions: 7
	Number of opinion targets: 6
	Number of characters of the text: 244
Processing file /home/izquierdo/data/opinion_annotations_es/kaf/hotel/spanish00139_a85beb8197d43c124df13836e3c4191b.kaf
	Number of opinion expressions: 16
	Number of opinion targets: 11
	Number of characters of the text: 801
Processing file /home/izquierdo/data/opinion_annotations_es/kaf/hotel/spanish00111_a0b26a0f335f1c26828e1e80a088ffb2.kaf
	Number of opinion expressions: 9
	Number of opinion targets: 9
	Number of characters of the text: 261
Processing file /home/izquierdo/data/opinion_annotations_es/kaf/hotel/spanish00005_03c93d10d24a511ddcb3f4f659b7477c.kaf
	Number of opinion expressions: 9
	Number of opinion targets: 4
	Number of characters of the text: 282
Processing file /home/izquierdo/data/opinion_annotations_es/kaf/hotel/spanish00124_af0052fa1bb3647316e16d70a2dacefa.kaf
	Number of opinion expressions: 6
	Number of opinion targets: 6
	Number of characters of the text: 229
Processing file /home/izquierdo/data/opinion_annotations_es/kaf/hotel/spanish00024_189a0e36d34f981f5332bc6c239764f9.kaf
	Number of opinion expressions: 10
	Number of opinion targets: 13
	Number of characters of the text: 538
Processing file /home/izquierdo/data/opinion_annotations_es/kaf/hotel/spanish00165_baf1093cd67270088189d9cca4231690.kaf
	Number of opinion expressions: 17
	Number of opinion targets: 17
	Number of characters of the text: 835
Processing file /home/izquierdo/data/opinion_annotations_es/kaf/hotel/spanish00203_e5e4a15da16ce20119b3a4ac5b6f0d36.kaf
	Number of opinion expressions: 13
	Number of opinion targets: 13
	Number of characters of the text: 743
Processing file /home/izquierdo/data/opinion_annotations_es/kaf/hotel/spanish00095_8ee1df42f34be12a0127e72072a93eb4.kaf
	Number of opinion expressions: 7
	Number of opinion targets: 6
	Number of characters of the text: 238
Processing file /home/izquierdo/data/opinion_annotations_es/kaf/hotel/spanish00057_40f49f0ac668f146b21a4245c04b6df8.kaf
	Number of opinion expressions: 13
	Number of opinion targets: 11
	Number of characters of the text: 636
Processing file /home/izquierdo/data/opinion_annotations_es/kaf/hotel/spanish00133_baf1093cd67270088189d9cca4231690.kaf
	Number of opinion expressions: 17
	Number of opinion targets: 15
	Number of characters of the text: 835
Processing file /home/izquierdo/data/opinion_annotations_es/kaf/hotel/spanish00107_84947aceb41296a8a04af9834d74c390.kaf
	Number of opinion expressions: 14
	Number of opinion targets: 11
	Number of characters of the text: 733
Processing file /home/izquierdo/data/opinion_annotations_es/kaf/hotel/spanish00180_f4bb6bc111239a755e54df2dfdfd8252.kaf
	Number of opinion expressions: 9
	Number of opinion targets: 9
	Number of characters of the text: 275
Processing file /home/izquierdo/data/opinion_annotations_es/kaf/hotel/spanish00072_4d6a6a1f0849595749b4c8e149244b6c.kaf
	Number of opinion expressions: 8
	Number of opinion targets: 7
	Number of characters of the text: 502
Processing file /home/izquierdo/data/opinion_annotations_es/kaf/hotel/spanish00015_0ecb8c67858b9255cfebf3fb1c5c81b2.kaf
	Number of opinion expressions: 6
	Number of opinion targets: 5
	Number of characters of the text: 442
Processing file /home/izquierdo/data/opinion_annotations_es/kaf/hotel/spanish00163_e0a46fb9bf0ccfb0290ac7dfb93ee75e.kaf
	Number of opinion expressions: 7
	Number of opinion targets: 7
	Number of characters of the text: 371
Processing file /home/izquierdo/data/opinion_annotations_es/kaf/hotel/spanish00137_a5e50a77b60ba6d2df1759853a9a26a4.kaf
	Number of opinion expressions: 13
	Number of opinion targets: 10
	Number of characters of the text: 723
Processing file /home/izquierdo/data/opinion_annotations_es/kaf/hotel/spanish00123_aef68042ad674cf423e25922d29ea751.kaf
	Number of opinion expressions: 8
	Number of opinion targets: 7
	Number of characters of the text: 285
Processing file /home/izquierdo/data/opinion_annotations_es/kaf/hotel/spanish00045_405a8a786911644d9280930d8d2e0423.kaf
	Number of opinion expressions: 16
	Number of opinion targets: 18
	Number of characters of the text: 707
Processing file /home/izquierdo/data/opinion_annotations_es/kaf/hotel/spanish00098_90a6b8fd2ee3935df721eb82301e8353.kaf
	Number of opinion expressions: 3
	Number of opinion targets: 2
	Number of characters of the text: 214
Processing file /home/izquierdo/data/opinion_annotations_es/kaf/hotel/spanish00125_afcde4ac770edc6c358f2f1f5fe97ced.kaf
	Number of opinion expressions: 5
	Number of opinion targets: 2
	Number of characters of the text: 288
Processing file /home/izquierdo/data/opinion_annotations_es/kaf/hotel/spanish00161_b99e8f5e6bfd9ec9e1385d4927cf88b5.kaf
	Number of opinion expressions: 7
	Number of opinion targets: 6
	Number of characters of the text: 233
Processing file /home/izquierdo/data/opinion_annotations_es/kaf/hotel/spanish00052_4cb2627c6673eff6ee0f603c4456d463.kaf
	Number of opinion expressions: 5
	Number of opinion targets: 7
	Number of characters of the text: 265
Processing file /home/izquierdo/data/opinion_annotations_es/kaf/hotel/spanish00151_b2268a70c665c0e690540d29e6dfde36.kaf
	Number of opinion expressions: 9
	Number of opinion targets: 7
	Number of characters of the text: 778
Processing file /home/izquierdo/data/opinion_annotations_es/kaf/hotel/spanish00006_06442d976a456ebf4cdb8af589f96e6e.kaf
	Number of opinion expressions: 9
	Number of opinion targets: 10
	Number of characters of the text: 291
Processing file /home/izquierdo/data/opinion_annotations_es/kaf/hotel/spanish00152_b397b7cb4c6b46824f0b5cdae7077f49.kaf
	Number of opinion expressions: 22
	Number of opinion targets: 16
	Number of characters of the text: 652
Processing file /home/izquierdo/data/opinion_annotations_es/kaf/hotel/spanish00128_9c8e6c57ae18569202da64208f028103.kaf
	Number of opinion expressions: 9
	Number of opinion targets: 8
	Number of characters of the text: 268
Processing file /home/izquierdo/data/opinion_annotations_es/kaf/hotel/spanish00100_793f3fd7426f1de8d00a581e35c4a7bc.kaf
	Number of opinion expressions: 8
	Number of opinion targets: 5
	Number of characters of the text: 520
Processing file /home/izquierdo/data/opinion_annotations_es/kaf/hotel/spanish00167_bbaafc78c13524aabf320103c8301e36.kaf
	Number of opinion expressions: 10
	Number of opinion targets: 13
	Number of characters of the text: 258
Processing file /home/izquierdo/data/opinion_annotations_es/kaf/hotel/spanish00218_f27ea1db63618ad74a65f796f012a081.kaf
	Number of opinion expressions: 2
	Number of opinion targets: 2
	Number of characters of the text: 448
Processing file /home/izquierdo/data/opinion_annotations_es/kaf/hotel/spanish00162_b9e3fde0de232634f77fbb526d3510c4.kaf
	Number of opinion expressions: 21
	Number of opinion targets: 15
	Number of characters of the text: 825
Processing file /home/izquierdo/data/opinion_annotations_es/kaf/hotel/spanish00100_945a9608610e4865639dfea8adc408bf.kaf
	Number of opinion expressions: 9
	Number of opinion targets: 6
	Number of characters of the text: 278
Processing file /home/izquierdo/data/opinion_annotations_es/kaf/hotel/spanish00041_2b840d269becb7633b376ec947440a85.kaf
	Number of opinion expressions: 14
	Number of opinion targets: 9
	Number of characters of the text: 561
Processing file /home/izquierdo/data/opinion_annotations_es/kaf/hotel/spanish00065_655bfc9845ef69c959ba82d5561eda5c.kaf
	Number of opinion expressions: 8
	Number of opinion targets: 9
	Number of characters of the text: 363
Processing file /home/izquierdo/data/opinion_annotations_es/kaf/hotel/spanish00227_fd5979b9a1a1fcaebdbdd7d533ca3a92.kaf
	Number of opinion expressions: 14
	Number of opinion targets: 13
	Number of characters of the text: 941
Processing file /home/izquierdo/data/opinion_annotations_es/kaf/hotel/spanish00201_e4d531b95192bb48248d9a2c5850b505.kaf
	Number of opinion expressions: 12
	Number of opinion targets: 8
	Number of characters of the text: 402
Processing file /home/izquierdo/data/opinion_annotations_es/kaf/hotel/spanish00047_46dd7397ccf32561f921a1bc6c4112f2.kaf
	Number of opinion expressions: 4
	Number of opinion targets: 3
	Number of characters of the text: 222
Processing file /home/izquierdo/data/opinion_annotations_es/kaf/hotel/spanish00032_21e838c7df97109fa87ecf7c4380b109.kaf
	Number of opinion expressions: 7
	Number of opinion targets: 9
	Number of characters of the text: 453
Processing file /home/izquierdo/data/opinion_annotations_es/kaf/hotel/spanish00121_956b83ed541fd428f44de9436d930b74.kaf
	Number of opinion expressions: 6
	Number of opinion targets: 8
	Number of characters of the text: 318
Processing file /home/izquierdo/data/opinion_annotations_es/kaf/hotel/spanish00128_b7cfaa9f5f649d1cee08308e63aabfd9.kaf
	Number of opinion expressions: 19
	Number of opinion targets: 16
	Number of characters of the text: 693
Processing file /home/izquierdo/data/opinion_annotations_es/kaf/hotel/spanish00040_2812d4cea11c021f2cd35ef6b63b7b05.kaf
	Number of opinion expressions: 17
	Number of opinion targets: 17
	Number of characters of the text: 818
Processing file /home/izquierdo/data/opinion_annotations_es/kaf/hotel/spanish00202_e59641ac917a4ddb5186b19a73aea279.kaf
	Number of opinion expressions: 11
	Number of opinion targets: 7
	Number of characters of the text: 422
Processing file /home/izquierdo/data/opinion_annotations_es/kaf/hotel/spanish00184_d12300c0c9e98abee3c43bfa1c35c5f8.kaf
	Number of opinion expressions: 11
	Number of opinion targets: 7
	Number of characters of the text: 785
Processing file /home/izquierdo/data/opinion_annotations_es/kaf/hotel/spanish00029_1f64649ab1a66811fbed9de432799ad3.kaf
	Number of opinion expressions: 10
	Number of opinion targets: 5
	Number of characters of the text: 332
Processing file /home/izquierdo/data/opinion_annotations_es/kaf/hotel/spanish00064_4ab665a812f1cdabff42908ff54f1b54.kaf
	Number of opinion expressions: 13
	Number of opinion targets: 10
	Number of characters of the text: 706
Processing file /home/izquierdo/data/opinion_annotations_es/kaf/hotel/spanish00094_7240cc5bc3e628ebcbcb2bcdf5d40b18.kaf
	Number of opinion expressions: 8
	Number of opinion targets: 5
	Number of characters of the text: 296
Processing file /home/izquierdo/data/opinion_annotations_es/kaf/hotel/spanish00001_00e5567def9ed394db003a7125b4a758.kaf
	Number of opinion expressions: 11
	Number of opinion targets: 10
	Number of characters of the text: 795
Processing file /home/izquierdo/data/opinion_annotations_es/kaf/hotel/spanish00182_f94b7f97fbb10fada78e294aa8de4535.kaf
	Number of opinion expressions: 17
	Number of opinion targets: 13
	Number of characters of the text: 521
Processing file /home/izquierdo/data/opinion_annotations_es/kaf/hotel/spanish00188_d56644bc2128155ee05ae1c6ddf9db08.kaf
	Number of opinion expressions: 13
	Number of opinion targets: 9
	Number of characters of the text: 469
Processing file /home/izquierdo/data/opinion_annotations_es/kaf/hotel/spanish00147_af0773ff5ff6b4b5cca41978a62415a8.kaf
	Number of opinion expressions: 13
	Number of opinion targets: 9
	Number of characters of the text: 276
Processing file /home/izquierdo/data/opinion_annotations_es/kaf/hotel/spanish00136_bfe91a0b2e35ea7da925aec2e4ba8794.kaf
	Number of opinion expressions: 4
	Number of opinion targets: 3
	Number of characters of the text: 276
Processing file /home/izquierdo/data/opinion_annotations_es/kaf/hotel/spanish00114_a2592552b4130ba3dd89438b48f85d30.kaf
	Number of opinion expressions: 8
	Number of opinion targets: 4
	Number of characters of the text: 256
Processing file /home/izquierdo/data/opinion_annotations_es/kaf/hotel/spanish00219_f33998759583b5bb0003cfe29b933b5e.kaf
	Number of opinion expressions: 8
	Number of opinion targets: 6
	Number of characters of the text: 242
Processing file /home/izquierdo/data/opinion_annotations_es/kaf/hotel/spanish00081_5f38a8fc65da8fb18fc3acffc538193b.kaf
	Number of opinion expressions: 14
	Number of opinion targets: 12
	Number of characters of the text: 768
Processing file /home/izquierdo/data/opinion_annotations_es/kaf/hotel/spanish00216_efb7c4189ffc7e260116f2ae4d4ba6bf.kaf
	Number of opinion expressions: 9
	Number of opinion targets: 7
	Number of characters of the text: 370
Processing file /home/izquierdo/data/opinion_annotations_es/kaf/hotel/spanish00047_373ecfe6d471f1bdef7d085b6c75bf36.kaf
	Number of opinion expressions: 5
	Number of opinion targets: 3
	Number of characters of the text: 598
Processing file /home/izquierdo/data/opinion_annotations_es/kaf/hotel/spanish00101_94f70f9e213084961aef5300aa0aa8f5.kaf
	Number of opinion expressions: 6
	Number of opinion targets: 5
	Number of characters of the text: 447
Processing file /home/izquierdo/data/opinion_annotations_es/kaf/hotel/spanish00174_ec8d67dd69316047cbdc1c05f339c9d0.kaf
	Number of opinion expressions: 7
	Number of opinion targets: 5
	Number of characters of the text: 230
Processing file /home/izquierdo/data/opinion_annotations_es/kaf/hotel/spanish00026_1a796942f4b036a10e049eb319b81bcc.kaf
	Number of opinion expressions: 9
	Number of opinion targets: 7
	Number of characters of the text: 334
Processing file /home/izquierdo/data/opinion_annotations_es/kaf/hotel/spanish00181_f5eb6b1ec4f07d4136f6bb48b99923c6.kaf
	Number of opinion expressions: 7
	Number of opinion targets: 6
	Number of characters of the text: 272
Processing file /home/izquierdo/data/opinion_annotations_es/kaf/hotel/spanish00034_23361c060d2a84f6c901fcecd993fdea.kaf
	Number of opinion expressions: 14
	Number of opinion targets: 13
	Number of characters of the text: 715
Processing file /home/izquierdo/data/opinion_annotations_es/kaf/hotel/spanish00126_b31868b432e4a60a655a47dbb2fbe7ec.kaf
	Number of opinion expressions: 5
	Number of opinion targets: 3
	Number of characters of the text: 242
Processing file /home/izquierdo/data/opinion_annotations_es/kaf/hotel/spanish00011_0b31903c2b34197d5c820594cd3ba016.kaf
	Number of opinion expressions: 9
	Number of opinion targets: 9
	Number of characters of the text: 493
Processing file /home/izquierdo/data/opinion_annotations_es/kaf/hotel/spanish00166_e38da1ab61905e1ab668376e9e5b6774.kaf
	Number of opinion expressions: 5
	Number of opinion targets: 6
	Number of characters of the text: 220
Processing file /home/izquierdo/data/opinion_annotations_es/kaf/hotel/spanish00042_2e3046d0701baf010e42418d3f07a128.kaf
	Number of opinion expressions: 7
	Number of opinion targets: 6
	Number of characters of the text: 253
Processing file /home/izquierdo/data/opinion_annotations_es/kaf/hotel/spanish00012_0b32f29e17ff38c87bf15e1e11c8b8fd.kaf
	Number of opinion expressions: 9
	Number of opinion targets: 7
	Number of characters of the text: 794
Processing file /home/izquierdo/data/opinion_annotations_es/kaf/hotel/spanish00221_f544e7d3326adcca39d0bec817738ba3.kaf
	Number of opinion expressions: 14
	Number of opinion targets: 7
	Number of characters of the text: 549
Processing file /home/izquierdo/data/opinion_annotations_es/kaf/hotel/spanish00230_ff37d2c19e35bff0b856ecd59fae7e89.kaf
	Number of opinion expressions: 9
	Number of opinion targets: 10
	Number of characters of the text: 515
Processing file /home/izquierdo/data/opinion_annotations_es/kaf/hotel/spanish00214_ed17a1ba5630e57e5b8a4a9635152c13.kaf
	Number of opinion expressions: 5
	Number of opinion targets: 3
	Number of characters of the text: 293
Processing file /home/izquierdo/data/opinion_annotations_es/kaf/hotel/spanish00094_8eb373a468f37cb3c250f27e3af70f46.kaf
	Number of opinion expressions: 6
	Number of opinion targets: 3
	Number of characters of the text: 215
Processing file /home/izquierdo/data/opinion_annotations_es/kaf/hotel/spanish00072_6b6456cdcdad08daf2ee42ad8748e852.kaf
	Number of opinion expressions: 14
	Number of opinion targets: 11
	Number of characters of the text: 470
Processing file /home/izquierdo/data/opinion_annotations_es/kaf/hotel/spanish00135_a1a0a5a9162ea6806e7b2aa61845b53b.kaf
	Number of opinion expressions: 24
	Number of opinion targets: 17
	Number of characters of the text: 795
Processing file /home/izquierdo/data/opinion_annotations_es/kaf/hotel/spanish00155_b709a2866ec80f793df8f7d8ee506c84.kaf
	Number of opinion expressions: 11
	Number of opinion targets: 7
	Number of characters of the text: 587
Processing file /home/izquierdo/data/opinion_annotations_es/kaf/hotel/spanish00130_b8a4e1fe433f3d76f648d09bd3792af0.kaf
	Number of opinion expressions: 9
	Number of opinion targets: 6
	Number of characters of the text: 337
Processing file /home/izquierdo/data/opinion_annotations_es/kaf/hotel/spanish00170_ea730c49db69201d0d295b7812a95a9a.kaf
	Number of opinion expressions: 6
	Number of opinion targets: 4
	Number of characters of the text: 198
Processing file /home/izquierdo/data/opinion_annotations_es/kaf/hotel/spanish00092_716f8b67a4f14bcb819827de0ca0246d.kaf
	Number of opinion expressions: 9
	Number of opinion targets: 6
	Number of characters of the text: 586
Processing file /home/izquierdo/data/opinion_annotations_es/kaf/hotel/spanish00012_0c83d63297cb791b4423232d5f64b614.kaf
	Number of opinion expressions: 11
	Number of opinion targets: 9
	Number of characters of the text: 631
Processing file /home/izquierdo/data/opinion_annotations_es/kaf/hotel/spanish00003_0286049b316de9cf092bc5d0ebd2254a.kaf
	Number of opinion expressions: 10
	Number of opinion targets: 11
	Number of characters of the text: 420
Processing file /home/izquierdo/data/opinion_annotations_es/kaf/hotel/spanish00109_854fe9452860249e9aa95da863afda36.kaf
	Number of opinion expressions: 1
	Number of opinion targets: 0
	Number of characters of the text: 738
Processing file /home/izquierdo/data/opinion_annotations_es/kaf/hotel/spanish00002_0285aa4f1a29594e3e5a2d76e1ea5cb1.kaf
	Number of opinion expressions: 4
	Number of opinion targets: 2
	Number of characters of the text: 233
Processing file /home/izquierdo/data/opinion_annotations_es/kaf/hotel/spanish00086_80231f861599b89e4cbea362d6826fde.kaf
	Number of opinion expressions: 8
	Number of opinion targets: 6
	Number of characters of the text: 226
Processing file /home/izquierdo/data/opinion_annotations_es/kaf/hotel/spanish00118_9276cea9c5aa2724f787637ab0a91351.kaf
	Number of opinion expressions: 4
	Number of opinion targets: 8
	Number of characters of the text: 265
Processing file /home/izquierdo/data/opinion_annotations_es/kaf/hotel/spanish00136_a37a59100b282467e805ca0a8111a109.kaf
	Number of opinion expressions: 7
	Number of opinion targets: 4
	Number of characters of the text: 320
Processing file /home/izquierdo/data/opinion_annotations_es/kaf/hotel/spanish00053_3dd4965296c210852eaaa84d83bdad35.kaf
	Number of opinion expressions: 5
	Number of opinion targets: 3
	Number of characters of the text: 271
Processing file /home/izquierdo/data/opinion_annotations_es/kaf/hotel/spanish00138_c29be439a8ffffca30e1bf7359ec21cb.kaf
	Number of opinion expressions: 8
	Number of opinion targets: 7
	Number of characters of the text: 257
Processing file /home/izquierdo/data/opinion_annotations_es/kaf/hotel/spanish00122_ad9ce367f54d83373263eccfd033fc6b.kaf
	Number of opinion expressions: 4
	Number of opinion targets: 2
	Number of characters of the text: 258
Processing file /home/izquierdo/data/opinion_annotations_es/kaf/hotel/spanish00019_1357f8354a7de64724b5a42c802152eb.kaf
	Number of opinion expressions: 16
	Number of opinion targets: 15
	Number of characters of the text: 770
Processing file /home/izquierdo/data/opinion_annotations_es/kaf/hotel/spanish00049_393f32bd23502e4b299b99e9a934c175.kaf
	Number of opinion expressions: 4
	Number of opinion targets: 7
	Number of characters of the text: 239
Processing file /home/izquierdo/data/opinion_annotations_es/kaf/hotel/spanish00156_b7cfaa9f5f649d1cee08308e63aabfd9.kaf
	Number of opinion expressions: 19
	Number of opinion targets: 16
	Number of characters of the text: 693
Processing file /home/izquierdo/data/opinion_annotations_es/kaf/hotel/spanish00176_eeeb003cff2c9fc374c684b5e863211a.kaf
	Number of opinion expressions: 9
	Number of opinion targets: 9
	Number of characters of the text: 389
Processing file /home/izquierdo/data/opinion_annotations_es/kaf/hotel/spanish00157_da69684b0f495731306dd79a0e625143.kaf
	Number of opinion expressions: 7
	Number of opinion targets: 7
	Number of characters of the text: 290
Processing file /home/izquierdo/data/opinion_annotations_es/kaf/hotel/spanish00132_baa0ae79dcd4033c2f9b20186a036cb2.kaf
	Number of opinion expressions: 4
	Number of opinion targets: 3
	Number of characters of the text: 276
Processing file /home/izquierdo/data/opinion_annotations_es/kaf/hotel/spanish00077_722efd89403f1c753be70307c39ff2ba.kaf
	Number of opinion expressions: 10
	Number of opinion targets: 9
	Number of characters of the text: 316
Processing file /home/izquierdo/data/opinion_annotations_es/kaf/hotel/spanish00148_b0e8be35ee35c943f9fc3ac6c88b4d20.kaf
	Number of opinion expressions: 15
	Number of opinion targets: 14
	Number of characters of the text: 577
Processing file /home/izquierdo/data/opinion_annotations_es/kaf/hotel/spanish00013_0c9179e4f86c379dcc150035512100b4.kaf
	Number of opinion expressions: 6
	Number of opinion targets: 4
	Number of characters of the text: 362
Processing file /home/izquierdo/data/opinion_annotations_es/kaf/hotel/spanish00014_0ec2f31d4afba1051eb93f0e284ca237.kaf
	Number of opinion expressions: 10
	Number of opinion targets: 9
	Number of characters of the text: 307
Processing file /home/izquierdo/data/opinion_annotations_es/kaf/hotel/spanish00066_4b308eeee2420b21b5d1dc72998e4e4b.kaf
	Number of opinion expressions: 8
	Number of opinion targets: 6
	Number of characters of the text: 423
Processing file /home/izquierdo/data/opinion_annotations_es/kaf/hotel/spanish00167_e39e6f3f3bda594350910aa230b74f93.kaf
	Number of opinion expressions: 6
	Number of opinion targets: 3
	Number of characters of the text: 251
Processing file /home/izquierdo/data/opinion_annotations_es/kaf/hotel/spanish00115_8dfc1adf7823d883234e5313a94ec232.kaf
	Number of opinion expressions: 10
	Number of opinion targets: 8
	Number of characters of the text: 454
Processing file /home/izquierdo/data/opinion_annotations_es/kaf/hotel/spanish00037_2c341525d3b2cb0bb1d1365c94004bbc.kaf
	Number of opinion expressions: 9
	Number of opinion targets: 8
	Number of characters of the text: 466
Processing file /home/izquierdo/data/opinion_annotations_es/kaf/hotel/spanish00109_a02a2d35e3e735fe2d9368d496f520f5.kaf
	Number of opinion expressions: 10
	Number of opinion targets: 10
	Number of characters of the text: 277
Processing file /home/izquierdo/data/opinion_annotations_es/kaf/hotel/spanish00140_a90a45a14c32a7ce69385874c196d7f4.kaf
	Number of opinion expressions: 5
	Number of opinion targets: 3
	Number of characters of the text: 357
Processing file /home/izquierdo/data/opinion_annotations_es/kaf/hotel/spanish00185_d38a737001109faa65165bd8cdc3ba98.kaf
	Number of opinion expressions: 11
	Number of opinion targets: 11
	Number of characters of the text: 567
Processing file /home/izquierdo/data/opinion_annotations_es/kaf/hotel/spanish00041_36ae7408aaab974667483cce271f1b3e.kaf
	Number of opinion expressions: 8
	Number of opinion targets: 10
	Number of characters of the text: 381
Processing file /home/izquierdo/data/opinion_annotations_es/kaf/hotel/spanish00192_d71921e938835afb2a2f356ca205f54a.kaf
	Number of opinion expressions: 1
	Number of opinion targets: 1
	Number of characters of the text: 225
Processing file /home/izquierdo/data/opinion_annotations_es/kaf/hotel/spanish00013_0d24d4c5e63c1b741843a41133f76b12.kaf
	Number of opinion expressions: 7
	Number of opinion targets: 5
	Number of characters of the text: 224
Processing file /home/izquierdo/data/opinion_annotations_es/kaf/hotel/spanish00025_190d6ce43fc4c204c3d7f98a90cfdcfb.kaf
	Number of opinion expressions: 8
	Number of opinion targets: 6
	Number of characters of the text: 252
Processing file /home/izquierdo/data/opinion_annotations_es/kaf/hotel/spanish00097_742657eef6512ff039e69980a4d11e13.kaf
	Number of opinion expressions: 15
	Number of opinion targets: 11
	Number of characters of the text: 643
Processing file /home/izquierdo/data/opinion_annotations_es/kaf/hotel/spanish00187_d40500f3da37070a08e1406baec1cee4.kaf
	Number of opinion expressions: 8
	Number of opinion targets: 5
	Number of characters of the text: 329
Processing file /home/izquierdo/data/opinion_annotations_es/kaf/hotel/spanish00085_681b6cff661ba0d4a6bb7c0800a8618c.kaf
	Number of opinion expressions: 11
	Number of opinion targets: 7
	Number of characters of the text: 237
Processing file /home/izquierdo/data/opinion_annotations_es/kaf/hotel/spanish00090_706e3df746e4ea5b6f03976715ca1ae1.kaf
	Number of opinion expressions: 10
	Number of opinion targets: 12
	Number of characters of the text: 742
Processing file /home/izquierdo/data/opinion_annotations_es/kaf/hotel/spanish00083_7de7450454e47e872649691578a30660.kaf
	Number of opinion expressions: 8
	Number of opinion targets: 8
	Number of characters of the text: 261
Processing file /home/izquierdo/data/opinion_annotations_es/kaf/hotel/spanish00007_07e00353493e5be174b5d9eecdd1f923.kaf
	Number of opinion expressions: 6
	Number of opinion targets: 3
	Number of characters of the text: 357
Processing file /home/izquierdo/data/opinion_annotations_es/kaf/hotel/spanish00017_105e46a49ddc58866edbc37d32e9db31.kaf
	Number of opinion expressions: 12
	Number of opinion targets: 17
	Number of characters of the text: 598
Processing file /home/izquierdo/data/opinion_annotations_es/kaf/hotel/spanish00151_d3cdb9f32241c8765c81c5a754b6eb12.kaf
	Number of opinion expressions: 9
	Number of opinion targets: 11
	Number of characters of the text: 619
Processing file /home/izquierdo/data/opinion_annotations_es/kaf/hotel/spanish00112_8ba3546eeb21b970feb78aa94517af6d.kaf
	Number of opinion expressions: 6
	Number of opinion targets: 2
	Number of characters of the text: 370
Processing file /home/izquierdo/data/opinion_annotations_es/kaf/hotel/spanish00127_b63f3fe37b7d589c48eb57286cd0d6ca.kaf
	Number of opinion expressions: 12
	Number of opinion targets: 11
	Number of characters of the text: 291
Processing file /home/izquierdo/data/opinion_annotations_es/kaf/hotel/spanish00084_7edb2edac6615caaf7f28af13cb52469.kaf
	Number of opinion expressions: 14
	Number of opinion targets: 13
	Number of characters of the text: 598
Processing file /home/izquierdo/data/opinion_annotations_es/kaf/hotel/spanish00170_bcf8ce455ec8d006bfa07b516cb1b48f.kaf
	Number of opinion expressions: 7
	Number of opinion targets: 7
	Number of characters of the text: 522
Processing file /home/izquierdo/data/opinion_annotations_es/kaf/hotel/spanish00032_22946ddfaa7c13e09725a2d1469d9e43.kaf
	Number of opinion expressions: 9
	Number of opinion targets: 6
	Number of characters of the text: 578
Processing file /home/izquierdo/data/opinion_annotations_es/kaf/hotel/spanish00090_8c9edb1aa6d61a6469d83af55c5e962b.kaf
	Number of opinion expressions: 7
	Number of opinion targets: 3
	Number of characters of the text: 377
Processing file /home/izquierdo/data/opinion_annotations_es/kaf/hotel/spanish00105_9a484527d55b5c7889ff29c3c7ae42ec.kaf
	Number of opinion expressions: 10
	Number of opinion targets: 9
	Number of characters of the text: 650
Processing file /home/izquierdo/data/opinion_annotations_es/kaf/hotel/spanish00119_a93a78ced3c998943a675501a9dd1a40.kaf
	Number of opinion expressions: 6
	Number of opinion targets: 6
	Number of characters of the text: 251
Processing file /home/izquierdo/data/opinion_annotations_es/kaf/hotel/spanish00033_2294a9efb94b60ffb3f1c40fd86170fa.kaf
	Number of opinion expressions: 13
	Number of opinion targets: 10
	Number of characters of the text: 775
Processing file /home/izquierdo/data/opinion_annotations_es/kaf/hotel/spanish00131_9e16337b9ff488022c763e1ef031f4fb.kaf
	Number of opinion expressions: 13
	Number of opinion targets: 16
	Number of characters of the text: 564
Processing file /home/izquierdo/data/opinion_annotations_es/kaf/hotel/spanish00019_122ead473d5dd4d1a1f0fc2a8f8d67df.kaf
	Number of opinion expressions: 10
	Number of opinion targets: 7
	Number of characters of the text: 346
Processing file /home/izquierdo/data/opinion_annotations_es/kaf/hotel/spanish00023_185dd483d25cb79fabba8d516b32303e.kaf
	Number of opinion expressions: 7
	Number of opinion targets: 9
	Number of characters of the text: 356
Processing file /home/izquierdo/data/opinion_annotations_es/kaf/hotel/spanish00171_eb831547d69017a46b4fe964fa3b6657.kaf
	Number of opinion expressions: 11
	Number of opinion targets: 8
	Number of characters of the text: 349
Processing file /home/izquierdo/data/opinion_annotations_es/kaf/hotel/spanish00005_041241d87b92a96194dfa0744fb2a76c.kaf
	Number of opinion expressions: 10
	Number of opinion targets: 9
	Number of characters of the text: 388
Processing file /home/izquierdo/data/opinion_annotations_es/kaf/hotel/spanish00228_fdcbf0e5af02652e554cbf0bb70a1dc8.kaf
	Number of opinion expressions: 13
	Number of opinion targets: 7
	Number of characters of the text: 890
Processing file /home/izquierdo/data/opinion_annotations_es/kaf/hotel/spanish00113_8bc293ab686af4a2848e399bbe7d9e88.kaf
	Number of opinion expressions: 9
	Number of opinion targets: 3
	Number of characters of the text: 261
Processing file /home/izquierdo/data/opinion_annotations_es/kaf/hotel/spanish00117_91125337b16d1156814383ebbd3f14e7.kaf
	Number of opinion expressions: 9
	Number of opinion targets: 12
	Number of characters of the text: 557
Processing file /home/izquierdo/data/opinion_annotations_es/kaf/hotel/spanish00154_d76c0f4bbd80ebf97b069cbcaed538e8.kaf
	Number of opinion expressions: 9
	Number of opinion targets: 11
	Number of characters of the text: 458
Processing file /home/izquierdo/data/opinion_annotations_es/kaf/hotel/spanish00006_05ec7e73d35976800a636d95a990fe1d.kaf
	Number of opinion expressions: 9
	Number of opinion targets: 11
	Number of characters of the text: 269
Processing file /home/izquierdo/data/opinion_annotations_es/kaf/hotel/spanish00082_7b70618990f28ffe996e22cbcea4c032.kaf
	Number of opinion expressions: 7
	Number of opinion targets: 6
	Number of characters of the text: 292
Processing file /home/izquierdo/data/opinion_annotations_es/kaf/hotel/spanish00117_a65617e36bdb98b8ca2ba0b7bcd6b52f.kaf
	Number of opinion expressions: 12
	Number of opinion targets: 12
	Number of characters of the text: 764
Processing file /home/izquierdo/data/opinion_annotations_es/kaf/hotel/spanish00069_4c149aaa9611a25a5c7e36552a70ec41.kaf
	Number of opinion expressions: 8
	Number of opinion targets: 7
	Number of characters of the text: 312
Processing file /home/izquierdo/data/opinion_annotations_es/kaf/hotel/spanish00023_183c2bee8b862bc4d083a9be9c943705.kaf
	Number of opinion expressions: 7
	Number of opinion targets: 7
	Number of characters of the text: 350
Processing file /home/izquierdo/data/opinion_annotations_es/kaf/hotel/spanish00156_d90daaa256546edd0eff1a628c5a1863.kaf
	Number of opinion expressions: 8
	Number of opinion targets: 4
	Number of characters of the text: 245
Processing file /home/izquierdo/data/opinion_annotations_es/kaf/hotel/spanish00157_b7d959e954b8003cb3798427b252531f.kaf
	Number of opinion expressions: 9
	Number of opinion targets: 8
	Number of characters of the text: 233
Processing file /home/izquierdo/data/opinion_annotations_es/kaf/hotel/spanish00004_039fd514216fc1e9b6fcdc27e58278b1.kaf
	Number of opinion expressions: 11
	Number of opinion targets: 9
	Number of characters of the text: 438
Processing file /home/izquierdo/data/opinion_annotations_es/kaf/hotel/spanish00033_25726cccad2d4b00f1a7be81c0c2b4d3.kaf
	Number of opinion expressions: 8
	Number of opinion targets: 10
	Number of characters of the text: 365
Processing file /home/izquierdo/data/opinion_annotations_es/kaf/hotel/spanish00073_6bd5656a4fde1715a9396cb266b9bd1b.kaf
	Number of opinion expressions: 7
	Number of opinion targets: 6
	Number of characters of the text: 263
Processing file /home/izquierdo/data/opinion_annotations_es/kaf/hotel/spanish00122_972c81071e3a54ce49e69da72b5da034.kaf
	Number of opinion expressions: 13
	Number of opinion targets: 11
	Number of characters of the text: 544
Processing file /home/izquierdo/data/opinion_annotations_es/kaf/hotel/spanish00021_1650c50990b93ce0e504946f07011ac6.kaf
	Number of opinion expressions: 6
	Number of opinion targets: 4
	Number of characters of the text: 281
Processing file /home/izquierdo/data/opinion_annotations_es/kaf/hotel/spanish00010_09bc8df9f09056de5554df501b0036d1.kaf
	Number of opinion expressions: 5
	Number of opinion targets: 6
	Number of characters of the text: 549
Processing file /home/izquierdo/data/opinion_annotations_es/kaf/hotel/spanish00043_3c4b8c5648cd4dceea68bf9d0c01b4b6.kaf
	Number of opinion expressions: 9
	Number of opinion targets: 9
	Number of characters of the text: 406
Processing file /home/izquierdo/data/opinion_annotations_es/kaf/hotel/spanish00022_16d0dd5ee76a4911575532fb5894b78a.kaf
	Number of opinion expressions: 6
	Number of opinion targets: 5
	Number of characters of the text: 251
Processing file /home/izquierdo/data/opinion_annotations_es/kaf/hotel/spanish00040_31342d1f0e157b92d3703647d3fe8c11.kaf
	Number of opinion expressions: 7
	Number of opinion targets: 9
	Number of characters of the text: 402
Processing file /home/izquierdo/data/opinion_annotations_es/kaf/hotel/spanish00142_aa0175efac0f953c2b1df4ce3e6154d5.kaf
	Number of opinion expressions: 16
	Number of opinion targets: 11
	Number of characters of the text: 738
Processing file /home/izquierdo/data/opinion_annotations_es/kaf/hotel/spanish00191_d6f6b0abdd0a33defea76ebedee44fd4.kaf
	Number of opinion expressions: 14
	Number of opinion targets: 12
	Number of characters of the text: 626
Processing file /home/izquierdo/data/opinion_annotations_es/kaf/hotel/spanish00165_e2d614debd703fa6741f1d8ad2c9e52a.kaf
	Number of opinion expressions: 6
	Number of opinion targets: 6
	Number of characters of the text: 217
Processing file /home/izquierdo/data/opinion_annotations_es/kaf/hotel/spanish00030_20c0cf25e2f0b0c70c85a4361491e8f1.kaf
	Number of opinion expressions: 2
	Number of opinion targets: 1
	Number of characters of the text: 832
Processing file /home/izquierdo/data/opinion_annotations_es/kaf/hotel/spanish00081_7a5c5bb6cf4fcc14cab69c065aaabe43.kaf
	Number of opinion expressions: 17
	Number of opinion targets: 16
	Number of characters of the text: 514
Processing file /home/izquierdo/data/opinion_annotations_es/kaf/hotel/spanish00024_1938fb787e23f88527303b01a3e850ee.kaf
	Number of opinion expressions: 7
	Number of opinion targets: 4
	Number of characters of the text: 232
Processing file /home/izquierdo/data/opinion_annotations_es/kaf/hotel/spanish00046_42345a0fc13354569f92c1f144a575df.kaf
	Number of opinion expressions: 11
	Number of opinion targets: 9
	Number of characters of the text: 376
Processing file /home/izquierdo/data/opinion_annotations_es/kaf/hotel/spanish00008_08449c5282653ca7847b2918bbce3c25.kaf
	Number of opinion expressions: 9
	Number of opinion targets: 5
	Number of characters of the text: 220
Processing file /home/izquierdo/data/opinion_annotations_es/kaf/hotel/spanish00062_49ea4f970431376f5ba9c4c1c18ffaf1.kaf
	Number of opinion expressions: 6
	Number of opinion targets: 2
	Number of characters of the text: 650
Processing file /home/izquierdo/data/opinion_annotations_es/kaf/hotel/spanish00022_1802aaf6046dbc184198d969f3b84ae4.kaf
	Number of opinion expressions: 10
	Number of opinion targets: 10
	Number of characters of the text: 592
Processing file /home/izquierdo/data/opinion_annotations_es/kaf/hotel/spanish00141_c8e15c4b9260347c68e477b75e352f6a.kaf
	Number of opinion expressions: 4
	Number of opinion targets: 3
	Number of characters of the text: 310
Processing file /home/izquierdo/data/opinion_annotations_es/kaf/hotel/spanish00220_f4f08ac3682bb312fb06b00f8c642044.kaf
	Number of opinion expressions: 16
	Number of opinion targets: 10
	Number of characters of the text: 640
Processing file /home/izquierdo/data/opinion_annotations_es/kaf/hotel/spanish00055_3f62c258744d02d106b24c310d555907.kaf
	Number of opinion expressions: 8
	Number of opinion targets: 7
	Number of characters of the text: 229
Processing file /home/izquierdo/data/opinion_annotations_es/kaf/hotel/spanish00058_468f002dec8673385dbb5a570221cbe7.kaf
	Number of opinion expressions: 7
	Number of opinion targets: 9
	Number of characters of the text: 560
Processing file /home/izquierdo/data/opinion_annotations_es/kaf/hotel/spanish00153_b4eede3d618ccc6aea2ff133ef3b0cf0.kaf
	Number of opinion expressions: 16
	Number of opinion targets: 15
	Number of characters of the text: 471
Processing file /home/izquierdo/data/opinion_annotations_es/kaf/hotel/spanish00015_0e613565cae3c4cc82faefef02eea48c.kaf
	Number of opinion expressions: 10
	Number of opinion targets: 6
	Number of characters of the text: 250
Processing file /home/izquierdo/data/opinion_annotations_es/kaf/hotel/spanish00078_5b62c3ad0ebce0b8075a16bf4ee84f09.kaf
	Number of opinion expressions: 5
	Number of opinion targets: 3
	Number of characters of the text: 272
Processing file /home/izquierdo/data/opinion_annotations_es/kaf/hotel/spanish00075_6e9c75dd575e2351502cb5058e607cbb.kaf
	Number of opinion expressions: 11
	Number of opinion targets: 14
	Number of characters of the text: 337
Processing file /home/izquierdo/data/opinion_annotations_es/kaf/hotel/spanish00160_b91aac116f5b4a16b33d63987a641d53.kaf
	Number of opinion expressions: 13
	Number of opinion targets: 11
	Number of characters of the text: 668
Processing file /home/izquierdo/data/opinion_annotations_es/kaf/hotel/spanish00021_15865d824d46e98d9522f78f0b79948f.kaf
	Number of opinion expressions: 11
	Number of opinion targets: 7
	Number of characters of the text: 417
Processing file /home/izquierdo/data/opinion_annotations_es/kaf/hotel/spanish00125_9a484527d55b5c7889ff29c3c7ae42ec.kaf
	Number of opinion expressions: 11
	Number of opinion targets: 10
	Number of characters of the text: 650
Processing file /home/izquierdo/data/opinion_annotations_es/kaf/hotel/spanish00058_57c69b12817b06bd3e15ed62b7832c72.kaf
	Number of opinion expressions: 13
	Number of opinion targets: 13
	Number of characters of the text: 539
Processing file /home/izquierdo/data/opinion_annotations_es/kaf/hotel/spanish00086_682f05c158fa339fb5c6aee739cad46d.kaf
	Number of opinion expressions: 2
	Number of opinion targets: 0
	Number of characters of the text: 872
Processing file /home/izquierdo/data/opinion_annotations_es/kaf/hotel/spanish00121_acbbe9985ca56415e915a1a0a7b4e34b.kaf
	Number of opinion expressions: 6
	Number of opinion targets: 3
	Number of characters of the text: 261
Processing file /home/izquierdo/data/opinion_annotations_es/kaf/hotel/spanish00213_ec423cf43ca3df3228239cd4589e49fc.kaf
	Number of opinion expressions: 6
	Number of opinion targets: 6
	Number of characters of the text: 812
Processing file /home/izquierdo/data/opinion_annotations_es/kaf/hotel/spanish00061_61e16db38270abc881fcf84a6850810c.kaf
	Number of opinion expressions: 11
	Number of opinion targets: 10
	Number of characters of the text: 367
Processing file /home/izquierdo/data/opinion_annotations_es/kaf/hotel/spanish00171_bdde211da6e3e09723d3fce0e7ae8fa0.kaf
	Number of opinion expressions: 17
	Number of opinion targets: 11
	Number of characters of the text: 490
Processing file /home/izquierdo/data/opinion_annotations_es/kaf/hotel/spanish00088_6b7e70a1b22e400c221123334eb0930e.kaf
	Number of opinion expressions: 3
	Number of opinion targets: 3
	Number of characters of the text: 702
Processing file /home/izquierdo/data/opinion_annotations_es/kaf/hotel/spanish00176_c709e8e6fd7a6092773cc4495f9bc3b8.kaf
	Number of opinion expressions: 13
	Number of opinion targets: 7
	Number of characters of the text: 406
Processing file /home/izquierdo/data/opinion_annotations_es/kaf/hotel/spanish00087_6ab4822343682092d6601161f862022c.kaf
	Number of opinion expressions: 3
	Number of opinion targets: 1
	Number of characters of the text: 255
Processing file /home/izquierdo/data/opinion_annotations_es/kaf/hotel/spanish00054_52ee6664f35257a5424bccd364fb6190.kaf
	Number of opinion expressions: 5
	Number of opinion targets: 9
	Number of characters of the text: 309
Processing file /home/izquierdo/data/opinion_annotations_es/kaf/hotel/spanish00114_8bd6d4f821febdd78c091a964d839ec7.kaf
	Number of opinion expressions: 9
	Number of opinion targets: 8
	Number of characters of the text: 537
Processing file /home/izquierdo/data/opinion_annotations_es/kaf/hotel/spanish00085_801a8b5d3c98e05727f77a8e737dc8f6.kaf
	Number of opinion expressions: 5
	Number of opinion targets: 3
	Number of characters of the text: 218
Processing file /home/izquierdo/data/opinion_annotations_es/kaf/hotel/spanish00224_fb2f461189d82d0e466e8b58b44b9f6f.kaf
	Number of opinion expressions: 12
	Number of opinion targets: 6
	Number of characters of the text: 595
Processing file /home/izquierdo/data/opinion_annotations_es/kaf/hotel/spanish00205_e8da201f4c4794071791a5b7e459601a.kaf
	Number of opinion expressions: 13
	Number of opinion targets: 7
	Number of characters of the text: 658
Processing file /home/izquierdo/data/opinion_annotations_es/kaf/hotel/spanish00071_6abe7c65a9671435e0f568757cd928c7.kaf
	Number of opinion expressions: 3
	Number of opinion targets: 3
	Number of characters of the text: 226
Processing file /home/izquierdo/data/opinion_annotations_es/kaf/hotel/spanish00001_0186df240cead8f20452564d4566699e.kaf
	Number of opinion expressions: 6
	Number of opinion targets: 6
	Number of characters of the text: 283
Total unique number of expression#polarity: 2275
Error expression not continuous: tiene para sus huspedes  Not included in output
Error expression not continuous: no es un barato  Not included in output
Error expression not continuous: a pie un poco largo llegar a  Not included in output
Error expression not continuous: toc que daba a un escenario  Not included in output
Error expression not continuous: no gust  Not included in output
Error expression not continuous: tampoco excesivamente pequeas  Not included in output
Error expression not continuous: puedes dejar en consigna  Not included in output
Error expression not continuous: no recomendaria  Not included in output
Error expression not continuous: no del tipo casero  Not included in output
Error expression not continuous: mas sucio en el que he alojado  Not included in output
Error expression not continuous: no queria despegar  Not included in output
Error expression not continuous: nunca arreglaron  Not included in output
Error expression not continuous: no han sabido sacar suficiente provecho  Not included in output
Error expression not continuous: no gran cosa  Not included in output
Error expression not continuous: no recomendara para turistas  Not included in output
Error expression not continuous: slo cambiaron una sola vez  Not included in output
Error expression not continuous: a poca distancia a pie  Not included in output
Error expression not continuous: mucho mejor de lo que lo esperaba  Not included in output
Error expression not continuous: es posible cerca del hotel  Not included in output
Error expression not continuous: no demasiado variado  Not included in output
Error expression not continuous: lo que mas ha gustado  Not included in output
Error expression not continuous: para nada defraud  Not included in output
Error expression not continuous: no de buena calidad  Not included in output
Error expression not continuous: se atendi mal  Not included in output
Error expression not continuous: ideal para aquellos que viajen con nios y con animales  Not included in output
Error expression not continuous: antes era mucho mas divertido  Not included in output
Error expression not continuous: slo hay unos para todo el camping  Not included in output
Error expression not continuous: no defraud  Not included in output
Error expression not continuous: no arrepiento  Not included in output
Error expression not continuous: no tenido que dejar funcinando  Not included in output
Error expression not continuous: excelente !!  Not included in output
Error expression not continuous: no recomiendo  Not included in output
Error expression not continuous: no acabo de convencer  Not included in output
Error expression not continuous: no siempre respetan  Not included in output
Error expression not continuous: no recomendara  Not included in output
Error expression not continuous: guardan despus del checkout  Not included in output
Error expression not continuous: por el precio bastante bien  Not included in output
Error expression not continuous: no recomiendo a nadie  Not included in output
Error expression not continuous: no encontraban en la base de datos  Not included in output
Error expression not continuous: poder aparcar en la puerta  Not included in output
Error expression not continuous: te cogen a cualquier hora  Not included in output
Error expression not continuous: no muy cerca  Not included in output
Error expression not continuous: no defraud en nada  Not included in output
Error expression not continuous: ideal para relajarse o visitar los pueblecitos de los alrededores  Not included in output
Error expression not continuous: a 20 minutos en taxi  Not included in output
Error expression not continuous: no quiero ni imaginar como estara en pleno verano  Not included in output
Error expression not continuous: no estara mal continuarn con  Not included in output
Error expression not continuous: perfecta !  Not included in output
Error expression not continuous: ni te suben a la habitacin  Not included in output
Error expression not continuous: buen por su ubicacion  Not included in output
Error expression not continuous: no tan grandes  Not included in output
Error expression not continuous: s cumpla  Not included in output
Error expression not continuous: con arena  Not included in output
Error expression not continuous: no muy grandes  Not included in output
Error expression not continuous: esperaba peor  Not included in output
Error expression not continuous: no crei  Not included in output
Error expression not continuous: no tengo en cuenta  Not included in output
Error expression not continuous: hay cerca  Not included in output
Error expression not continuous: nada respetaron  Not included in output
Error expression not continuous: increible !!!  Not included in output
Error expression not continuous: toc con tapones  Not included in output
Error expression not continuous: tiene alrededor  Not included in output
Error expression not continuous: necesita urgente  Not included in output
Error expression not continuous: 3 por cama  Not included in output
Error expression not continuous: no falto  Not included in output
Error expression not continuous: incapacidad para solventar el problema  Not included in output
Error expression not continuous: nada que ver con lo que ofertaron  Not included in output
Error expression not continuous: mejor que veais  Not included in output
Total unique number of targets: 1622
Error target not continuous: accesos al centro de calella de palafrugell  Not included in output
Error target not continuous: una entrada al spa  Not included in output
Error target not continuous: zona de cocoteros  Not included in output
